Log file open, 05/14/20 02:52:58
LogWindows: Failed to load 'aqProf.dll' (GetLastError=126)
LogWindows: File 'aqProf.dll' does not exist
LogWindows: Failed to load 'VtuneApi.dll' (GetLastError=126)
LogWindows: File 'VtuneApi.dll' does not exist
LogWindows: Failed to load 'VtuneApi32e.dll' (GetLastError=126)
LogWindows: File 'VtuneApi32e.dll' does not exist
LogConsoleResponse: Display: Failed to find resolution value strings in scalability ini. Falling back to default.
LogInit: Display: Running engine for game: Osmose
LogPlatformFile: Not using cached read wrapper
LogTaskGraph: Started task graph with 5 named threads and 47 total threads with 3 sets of task threads.
LogStats: Stats thread started at 0.082710
LogD3D11RHI: Loaded GFSDK_Aftermath_Lib.x64.dll
LogICUInternationalization: ICU TimeZone Detection - Raw Offset: +1:00, Platform Override: ''
LogPluginManager: Mounting plugin Paper2D
LogPluginManager: Mounting plugin AISupport
LogPluginManager: Mounting plugin LightPropagationVolume
LogPluginManager: Mounting plugin ActorLayerUtilities
LogPluginManager: Mounting plugin AnimationSharing
LogPluginManager: Mounting plugin CLionSourceCodeAccess
LogPluginManager: Mounting plugin CodeLiteSourceCodeAccess
LogPluginManager: Mounting plugin GitSourceControl
LogPluginManager: Mounting plugin KDevelopSourceCodeAccess
LogPluginManager: Mounting plugin NullSourceCodeAccess
LogPluginManager: Mounting plugin PerforceSourceControl
LogPluginManager: Mounting plugin PlasticSourceControl
LogPluginManager: Mounting plugin SubversionSourceControl
LogPluginManager: Mounting plugin UObjectPlugin
LogPluginManager: Mounting plugin VisualStudioCodeSourceCodeAccess
LogPluginManager: Mounting plugin VisualStudioSourceCodeAccess
LogPluginManager: Mounting plugin XCodeSourceCodeAccess
LogPluginManager: Mounting plugin AssetManagerEditor
LogPluginManager: Mounting plugin CryptoKeys
LogPluginManager: Mounting plugin CurveEditorTools
LogPluginManager: Mounting plugin DataValidation
LogPluginManager: Mounting plugin FacialAnimation
LogPluginManager: Mounting plugin GameplayTagsEditor
LogPluginManager: Mounting plugin MacGraphicsSwitching
LogPluginManager: Mounting plugin MaterialAnalyzer
LogPluginManager: Mounting plugin MobileLauncherProfileWizard
LogPluginManager: Mounting plugin PluginBrowser
LogPluginManager: Mounting plugin SpeedTreeImporter
LogPluginManager: Mounting plugin DatasmithContent
LogPluginManager: Mounting plugin VariantManagerContent
LogPluginManager: Mounting plugin AlembicImporter
LogPluginManager: Mounting plugin AutomationUtils
LogPluginManager: Mounting plugin BackChannel
LogPluginManager: Mounting plugin CharacterAI
LogPluginManager: Mounting plugin GeometryCache
LogPluginManager: Mounting plugin PlatformCrypto
LogPluginManager: Mounting plugin ProxyLODPlugin
LogPluginManager: Mounting plugin SkeletalReduction
LogPluginManager: Mounting plugin MagicLeap
LogPluginManager: Mounting plugin MagicLeapMedia
LogPluginManager: Mounting plugin MLSDK
LogPluginManager: Mounting plugin AndroidMedia
LogPluginManager: Mounting plugin AvfMedia
LogPluginManager: Mounting plugin ImgMedia
LogPluginManager: Mounting plugin MediaCompositing
LogPluginManager: Mounting plugin MediaPlayerEditor
LogPluginManager: Mounting plugin WebMMedia
LogPluginManager: Mounting plugin WmfMedia
LogPluginManager: Mounting plugin TcpMessaging
LogPluginManager: Mounting plugin UdpMessaging
LogPluginManager: Mounting plugin ActorSequence
LogPluginManager: Mounting plugin LevelSequenceEditor
LogPluginManager: Mounting plugin MatineeToLevelSequence
LogPluginManager: Mounting plugin NetcodeUnitTest
LogPluginManager: Mounting plugin NUTUnrealEngine4
LogPluginManager: Mounting plugin OnlineSubsystemGooglePlay
LogPluginManager: Mounting plugin OnlineSubsystemIOS
LogPluginManager: Mounting plugin OnlineSubsystem
LogPluginManager: Mounting plugin OnlineSubsystemNull
LogPluginManager: Mounting plugin OnlineSubsystemUtils
LogPluginManager: Mounting plugin LauncherChunkInstaller
LogPluginManager: Mounting plugin AndroidDeviceProfileSelector
LogPluginManager: Mounting plugin AndroidMoviePlayer
LogPluginManager: Mounting plugin AndroidPermission
LogPluginManager: Mounting plugin AppleImageUtils
LogPluginManager: Mounting plugin AppleMoviePlayer
LogPluginManager: Mounting plugin ArchVisCharacter
LogPluginManager: Mounting plugin AssetTags
LogPluginManager: Mounting plugin AudioCapture
LogPluginManager: Mounting plugin CableComponent
LogPluginManager: Mounting plugin CustomMeshComponent
LogPluginManager: Mounting plugin EditableMesh
LogPluginManager: Mounting plugin ExampleDeviceProfileSelector
LogPluginManager: Mounting plugin GoogleCloudMessaging
LogPluginManager: Mounting plugin IOSDeviceProfileSelector
LogPluginManager: Mounting plugin LinuxDeviceProfileSelector
LogPluginManager: Mounting plugin LocationServicesBPLibrary
LogPluginManager: Mounting plugin MobilePatchingUtils
LogPluginManager: Mounting plugin PhysXVehicles
LogPluginManager: Mounting plugin PostSplashScreen
LogPluginManager: Mounting plugin ProceduralMeshComponent
LogPluginManager: Mounting plugin RuntimePhysXCooking
LogPluginManager: Mounting plugin SignificanceManager
LogPluginManager: Mounting plugin WebMMoviePlayer
LogPluginManager: Mounting plugin WindowsMoviePlayer
LogPluginManager: Mounting plugin ScreenshotTools
LogInit: Using libcurl 7.55.1-DEV
LogInit:  - built for x86_64-pc-win32
LogInit:  - supports SSL with OpenSSL/1.1.1
LogInit:  - supports HTTP deflate (compression) using libz 1.2.8
LogInit:  - other features:
LogInit:      CURL_VERSION_SSL
LogInit:      CURL_VERSION_LIBZ
LogInit:      CURL_VERSION_IPV6
LogInit:      CURL_VERSION_ASYNCHDNS
LogInit:      CURL_VERSION_LARGEFILE
LogInit:      CURL_VERSION_IDN
LogInit:  CurlRequestOptions (configurable via config and command line):
LogInit:  - bVerifyPeer = true  - Libcurl will verify peer certificate
LogInit:  - bUseHttpProxy = false  - Libcurl will NOT use HTTP proxy
LogInit:  - bDontReuseConnections = false  - Libcurl will reuse connections
LogInit:  - MaxHostConnections = 16  - Libcurl will limit the number of connections to a host
LogInit:  - LocalHostAddr = Default
LogInit:  - BufferSize = 65536
LogOnline: OSS: Creating online subsystem instance for: NULL
LogInit: WinSock: version 1.1 (2.2), MaxSocks=32767, MaxUdp=65467
LogOnline: OSS: TryLoadSubsystemAndSetDefault: Loaded subsystem for module [NULL]
LogInit: Build: ++UE4+Release-4.24-CL-11590370
LogInit: Engine Version: 4.24.3-11590370+++UE4+Release-4.24
LogInit: Compatible Engine Version: 4.24.0-10570792+++UE4+Release-4.24
LogInit: Net CL: 10570792
LogInit: OS: Windows 10 (Release 1903) (), CPU: AMD Ryzen 7 2700X Eight-Core Processor         , GPU: NVIDIA GeForce GTX 1060 6GB
LogInit: Compiled (64-bit): Feb 24 2020 15:39:18
LogInit: Compiled with Visual C++: 19.16.27032.01
LogInit: Build Configuration: Development
LogInit: Branch Name: ++UE4+Release-4.24
LogInit: Command Line: 
LogInit: Base Directory: D:/epic/UE_4.24/Engine/Binaries/Win64/
LogInit: Installed Engine Build: 1
LogDevObjectVersion: Number of dev versions registered: 25
LogDevObjectVersion:   Dev-Blueprints (B0D832E4-1F89-4F0D-ACCF-7EB736FD4AA2): 10
LogDevObjectVersion:   Dev-Build (E1C64328-A22C-4D53-A36C-8E866417BD8C): 0
LogDevObjectVersion:   Dev-Core (375EC13C-06E4-48FB-B500-84F0262A717E): 3
LogDevObjectVersion:   Dev-Editor (E4B068ED-F494-42E9-A231-DA0B2E46BB41): 37
LogDevObjectVersion:   Dev-Framework (CFFC743F-43B0-4480-9391-14DF171D2073): 36
LogDevObjectVersion:   Dev-Mobile (B02B49B5-BB20-44E9-A304-32B752E40360): 2
LogDevObjectVersion:   Dev-Networking (A4E4105C-59A1-49B5-A7C5-40C4547EDFEE): 0
LogDevObjectVersion:   Dev-Online (39C831C9-5AE6-47DC-9A44-9C173E1C8E7C): 0
LogDevObjectVersion:   Dev-Physics (78F01B33-EBEA-4F98-B9B4-84EACCB95AA2): 2
LogDevObjectVersion:   Dev-Platform (6631380F-2D4D-43E0-8009-CF276956A95A): 0
LogDevObjectVersion:   Dev-Rendering (12F88B9F-8875-4AFC-A67C-D90C383ABD29): 36
LogDevObjectVersion:   Dev-Sequencer (7B5AE74C-D270-4C10-A958-57980B212A5A): 11
LogDevObjectVersion:   Dev-VR (D7296918-1DD6-4BDD-9DE2-64A83CC13884): 2
LogDevObjectVersion:   Dev-LoadTimes (C2A15278-BFE7-4AFE-6C17-90FF531DF755): 1
LogDevObjectVersion:   Private-Geometry (6EACA3D4-40EC-4CC1-B786-8BED09428FC5): 3
LogDevObjectVersion:   Dev-AnimPhys (29E575DD-E0A3-4627-9D10-D276232CDCEA): 17
LogDevObjectVersion:   Dev-Anim (AF43A65D-7FD3-4947-9873-3E8ED9C1BB05): 2
LogDevObjectVersion:   Dev-ReflectionCapture (6B266CEC-1EC7-4B8F-A30B-E4D90942FC07): 1
LogDevObjectVersion:   Dev-Automation (0DF73D61-A23F-47EA-B727-89E90C41499A): 1
LogDevObjectVersion:   FortniteMain (601D1886-AC64-4F84-AA16-D3DE0DEAC7D6): 31
LogDevObjectVersion:   Dev-Enterprise (9DFFBCD6-494F-0158-E221-12823C92A888): 8
LogDevObjectVersion:   Dev-Niagara (F2AED0AC-9AFE-416F-8664-AA7FFA26D6FC): 1
LogDevObjectVersion:   Dev-Destruction (174F1F0B-B4C6-45A5-B13F-2EE8D0FB917D): 9
LogDevObjectVersion:   Dev-Physics-Ext (35F94A83-E258-406C-A318-09F59610247C): 8
LogDevObjectVersion:   Dev-CineCamera (B2E18506-4273-CFC2-A54E-F4BB758BBA07): 1
LogInit: Presizing for max 25165824 objects, including 0 objects not considered by GC, pre-allocating 0 bytes for permanent pool.
LogInit: Object subsystem initialized
LogConfig: Setting CVar [[con.DebugEarlyDefault:1]]
LogConfig: Setting CVar [[r.setres:1280x720]]
[2020.05.14-00.52.58:332][  0]LogConfig: Setting CVar [[r.VSync:0]]
[2020.05.14-00.52.58:332][  0]LogConfig: Setting CVar [[r.RHICmdBypass:0]]
[2020.05.14-00.52.58:332][  0]LogConfig: Applying CVar settings from Section [/Script/Engine.RendererSettings] File [D:/osmose-artline/Osmose/Saved/Config/Windows/Engine.ini]
[2020.05.14-00.52.58:332][  0]LogConfig: Setting CVar [[r.GPUCrashDebugging:0]]
[2020.05.14-00.52.58:333][  0]LogConfig: Applying CVar settings from Section [/Script/Engine.RendererOverrideSettings] File [D:/osmose-artline/Osmose/Saved/Config/Windows/Engine.ini]
[2020.05.14-00.52.58:333][  0]LogConfig: Applying CVar settings from Section [/Script/Engine.StreamingSettings] File [D:/osmose-artline/Osmose/Saved/Config/Windows/Engine.ini]
[2020.05.14-00.52.58:333][  0]LogConfig: Setting CVar [[s.MinBulkDataSizeForAsyncLoading:131072]]
[2020.05.14-00.52.58:333][  0]LogConfig: Setting CVar [[s.AsyncLoadingThreadEnabled:0]]
[2020.05.14-00.52.58:333][  0]LogConfig: Setting CVar [[s.EventDrivenLoaderEnabled:1]]
[2020.05.14-00.52.58:333][  0]LogConfig: Setting CVar [[s.WarnIfTimeLimitExceeded:0]]
[2020.05.14-00.52.58:333][  0]LogConfig: Setting CVar [[s.TimeLimitExceededMultiplier:1.5]]
[2020.05.14-00.52.58:333][  0]LogConfig: Setting CVar [[s.TimeLimitExceededMinTime:0.005]]
[2020.05.14-00.52.58:333][  0]LogConfig: Setting CVar [[s.UseBackgroundLevelStreaming:1]]
[2020.05.14-00.52.58:333][  0]LogConfig: Setting CVar [[s.PriorityAsyncLoadingExtraTime:15.0]]
[2020.05.14-00.52.58:333][  0]LogConfig: Setting CVar [[s.LevelStreamingActorsUpdateTimeLimit:5.0]]
[2020.05.14-00.52.58:333][  0]LogConfig: Setting CVar [[s.PriorityLevelStreamingActorsUpdateExtraTime:5.0]]
[2020.05.14-00.52.58:333][  0]LogConfig: Setting CVar [[s.LevelStreamingComponentsRegistrationGranularity:10]]
[2020.05.14-00.52.58:333][  0]LogConfig: Setting CVar [[s.UnregisterComponentsTimeLimit:1.0]]
[2020.05.14-00.52.58:333][  0]LogConfig: Setting CVar [[s.LevelStreamingComponentsUnregistrationGranularity:5]]
[2020.05.14-00.52.58:333][  0]LogConfig: Setting CVar [[s.FlushStreamingOnExit:1]]
[2020.05.14-00.52.58:333][  0]LogConfig: Applying CVar settings from Section [/Script/Engine.GarbageCollectionSettings] File [D:/osmose-artline/Osmose/Saved/Config/Windows/Engine.ini]
[2020.05.14-00.52.58:333][  0]LogConfig: Setting CVar [[gc.MaxObjectsNotConsideredByGC:1]]
[2020.05.14-00.52.58:333][  0]LogConfig: Setting CVar [[gc.SizeOfPermanentObjectPool:0]]
[2020.05.14-00.52.58:333][  0]LogConfig: Setting CVar [[gc.FlushStreamingOnGC:0]]
[2020.05.14-00.52.58:333][  0]LogConfig: Setting CVar [[gc.NumRetriesBeforeForcingGC:10]]
[2020.05.14-00.52.58:333][  0]LogConfig: Setting CVar [[gc.AllowParallelGC:1]]
[2020.05.14-00.52.58:333][  0]LogConfig: Setting CVar [[gc.TimeBetweenPurgingPendingKillObjects:61.1]]
[2020.05.14-00.52.58:333][  0]LogConfig: Setting CVar [[gc.MaxObjectsInEditor:25165824]]
[2020.05.14-00.52.58:333][  0]LogConfig: Setting CVar [[gc.IncrementalBeginDestroyEnabled:1]]
[2020.05.14-00.52.58:333][  0]LogConfig: Setting CVar [[gc.CreateGCClusters:1]]
[2020.05.14-00.52.58:333][  0]LogConfig: Setting CVar [[gc.MinGCClusterSize:5]]
[2020.05.14-00.52.58:333][  0]LogConfig: Setting CVar [[gc.ActorClusteringEnabled:0]]
[2020.05.14-00.52.58:333][  0]LogConfig: Setting CVar [[gc.BlueprintClusteringEnabled:0]]
[2020.05.14-00.52.58:333][  0]LogConfig: Setting CVar [[gc.UseDisregardForGCOnDedicatedServers:0]]
[2020.05.14-00.52.58:333][  0]LogConfig: Applying CVar settings from Section [/Script/Engine.NetworkSettings] File [D:/osmose-artline/Osmose/Saved/Config/Windows/Engine.ini]
[2020.05.14-00.52.58:333][  0]LogConfig: Applying CVar settings from Section [/Script/UnrealEd.CookerSettings] File [D:/osmose-artline/Osmose/Saved/Config/Windows/Engine.ini]
[2020.05.14-00.52.58:338][  0]LogConfig: Applying CVar settings from Section [ViewDistanceQuality@3] File [D:/osmose-artline/Osmose/Saved/Config/Windows/Scalability.ini]
[2020.05.14-00.52.58:338][  0]LogConfig: Setting CVar [[r.SkeletalMeshLODBias:0]]
[2020.05.14-00.52.58:338][  0]LogConfig: Setting CVar [[r.ViewDistanceScale:1.0]]
[2020.05.14-00.52.58:338][  0]LogConfig: Applying CVar settings from Section [AntiAliasingQuality@3] File [D:/osmose-artline/Osmose/Saved/Config/Windows/Scalability.ini]
[2020.05.14-00.52.58:338][  0]LogConfig: Setting CVar [[r.PostProcessAAQuality:4]]
[2020.05.14-00.52.58:338][  0]LogConfig: Applying CVar settings from Section [ShadowQuality@3] File [D:/osmose-artline/Osmose/Saved/Config/Windows/Scalability.ini]
[2020.05.14-00.52.58:338][  0]LogConfig: Setting CVar [[r.LightFunctionQuality:1]]
[2020.05.14-00.52.58:338][  0]LogConfig: Setting CVar [[r.ShadowQuality:5]]
[2020.05.14-00.52.58:338][  0]LogConfig: Setting CVar [[r.Shadow.CSM.MaxCascades:10]]
[2020.05.14-00.52.58:338][  0]LogConfig: Setting CVar [[r.Shadow.MaxResolution:2048]]
[2020.05.14-00.52.58:338][  0]LogConfig: Setting CVar [[r.Shadow.MaxCSMResolution:2048]]
[2020.05.14-00.52.58:338][  0]LogConfig: Setting CVar [[r.Shadow.RadiusThreshold:0.01]]
[2020.05.14-00.52.58:338][  0]LogConfig: Setting CVar [[r.Shadow.DistanceScale:1.0]]
[2020.05.14-00.52.58:338][  0]LogConfig: Setting CVar [[r.Shadow.CSM.TransitionScale:1.0]]
[2020.05.14-00.52.58:338][  0]LogConfig: Setting CVar [[r.Shadow.PreShadowResolutionFactor:1.0]]
[2020.05.14-00.52.58:338][  0]LogConfig: Setting CVar [[r.DistanceFieldShadowing:1]]
[2020.05.14-00.52.58:338][  0]LogConfig: Setting CVar [[r.DistanceFieldAO:1]]
[2020.05.14-00.52.58:338][  0]LogConfig: Setting CVar [[r.AOQuality:2]]
[2020.05.14-00.52.58:338][  0]LogConfig: Setting CVar [[r.VolumetricFog:1]]
[2020.05.14-00.52.58:338][  0]LogConfig: Setting CVar [[r.VolumetricFog.GridPixelSize:8]]
[2020.05.14-00.52.58:338][  0]LogConfig: Setting CVar [[r.VolumetricFog.GridSizeZ:128]]
[2020.05.14-00.52.58:338][  0]LogConfig: Setting CVar [[r.VolumetricFog.HistoryMissSupersampleCount:4]]
[2020.05.14-00.52.58:338][  0]LogConfig: Setting CVar [[r.LightMaxDrawDistanceScale:1]]
[2020.05.14-00.52.58:338][  0]LogConfig: Setting CVar [[r.CapsuleShadows:1]]
[2020.05.14-00.52.58:338][  0]LogConfig: Applying CVar settings from Section [PostProcessQuality@3] File [D:/osmose-artline/Osmose/Saved/Config/Windows/Scalability.ini]
[2020.05.14-00.52.58:338][  0]LogConfig: Setting CVar [[r.MotionBlurQuality:4]]
[2020.05.14-00.52.58:338][  0]LogConfig: Setting CVar [[r.AmbientOcclusionMipLevelFactor:0.4]]
[2020.05.14-00.52.58:338][  0]LogConfig: Setting CVar [[r.AmbientOcclusionMaxQuality:100]]
[2020.05.14-00.52.58:338][  0]LogConfig: Setting CVar [[r.AmbientOcclusionLevels:-1]]
[2020.05.14-00.52.58:338][  0]LogConfig: Setting CVar [[r.AmbientOcclusionRadiusScale:1.0]]
[2020.05.14-00.52.58:338][  0]LogConfig: Setting CVar [[r.DepthOfFieldQuality:2]]
[2020.05.14-00.52.58:338][  0]LogConfig: Setting CVar [[r.RenderTargetPoolMin:400]]
[2020.05.14-00.52.58:338][  0]LogConfig: Setting CVar [[r.LensFlareQuality:2]]
[2020.05.14-00.52.58:338][  0]LogConfig: Setting CVar [[r.SceneColorFringeQuality:1]]
[2020.05.14-00.52.58:338][  0]LogConfig: Setting CVar [[r.EyeAdaptationQuality:2]]
[2020.05.14-00.52.58:338][  0]LogConfig: Setting CVar [[r.BloomQuality:5]]
[2020.05.14-00.52.58:338][  0]LogConfig: Setting CVar [[r.FastBlurThreshold:100]]
[2020.05.14-00.52.58:338][  0]LogConfig: Setting CVar [[r.Upscale.Quality:3]]
[2020.05.14-00.52.58:338][  0]LogConfig: Setting CVar [[r.Tonemapper.GrainQuantization:1]]
[2020.05.14-00.52.58:338][  0]LogConfig: Setting CVar [[r.LightShaftQuality:1]]
[2020.05.14-00.52.58:338][  0]LogConfig: Setting CVar [[r.Filter.SizeScale:1]]
[2020.05.14-00.52.58:338][  0]LogConfig: Setting CVar [[r.Tonemapper.Quality:5]]
[2020.05.14-00.52.58:338][  0]LogConfig: Setting CVar [[r.DOF.Gather.AccumulatorQuality:1        ; higher gathering accumulator quality]]
[2020.05.14-00.52.58:338][  0]LogConfig: Setting CVar [[r.DOF.Gather.PostfilterMethod:1          ; Median3x3 postfilering method]]
[2020.05.14-00.52.58:338][  0]LogConfig: Setting CVar [[r.DOF.Gather.EnableBokehSettings:0       ; no bokeh simulation when gathering]]
[2020.05.14-00.52.58:338][  0]LogConfig: Setting CVar [[r.DOF.Gather.RingCount:4                 ; medium number of samples when gathering]]
[2020.05.14-00.52.58:338][  0]LogConfig: Setting CVar [[r.DOF.Scatter.ForegroundCompositing:1    ; additive foreground scattering]]
[2020.05.14-00.52.58:338][  0]LogConfig: Setting CVar [[r.DOF.Scatter.BackgroundCompositing:2    ; additive background scattering]]
[2020.05.14-00.52.58:338][  0]LogConfig: Setting CVar [[r.DOF.Scatter.EnableBokehSettings:1      ; bokeh simulation when scattering]]
[2020.05.14-00.52.58:338][  0]LogConfig: Setting CVar [[r.DOF.Scatter.MaxSpriteRatio:0.1         ; only a maximum of 10% of scattered bokeh]]
[2020.05.14-00.52.58:338][  0]LogConfig: Setting CVar [[r.DOF.Recombine.Quality:1                ; cheap slight out of focus]]
[2020.05.14-00.52.58:338][  0]LogConfig: Setting CVar [[r.DOF.Recombine.EnableBokehSettings:0    ; no bokeh simulation on slight out of focus]]
[2020.05.14-00.52.58:338][  0]LogConfig: Setting CVar [[r.DOF.TemporalAAQuality:1                ; more stable temporal accumulation]]
[2020.05.14-00.52.58:338][  0]LogConfig: Setting CVar [[r.DOF.Kernel.MaxForegroundRadius:0.025]]
[2020.05.14-00.52.58:338][  0]LogConfig: Setting CVar [[r.DOF.Kernel.MaxBackgroundRadius:0.025]]
[2020.05.14-00.52.58:338][  0]LogConfig: Applying CVar settings from Section [TextureQuality@3] File [D:/osmose-artline/Osmose/Saved/Config/Windows/Scalability.ini]
[2020.05.14-00.52.58:339][  0]LogConfig: Setting CVar [[r.Streaming.MipBias:0]]
[2020.05.14-00.52.58:339][  0]LogConfig: Setting CVar [[r.Streaming.AmortizeCPUToGPUCopy:0]]
[2020.05.14-00.52.58:339][  0]LogConfig: Setting CVar [[r.Streaming.MaxNumTexturesToStreamPerFrame:0]]
[2020.05.14-00.52.58:339][  0]LogConfig: Setting CVar [[r.Streaming.Boost:1]]
[2020.05.14-00.52.58:339][  0]LogConfig: Setting CVar [[r.MaxAnisotropy:8]]
[2020.05.14-00.52.58:339][  0]LogConfig: Setting CVar [[r.VT.MaxAnisotropy:8]]
[2020.05.14-00.52.58:339][  0]LogConfig: Setting CVar [[r.Streaming.LimitPoolSizeToVRAM:0]]
[2020.05.14-00.52.58:339][  0]LogConfig: Setting CVar [[r.Streaming.PoolSize:1000]]
[2020.05.14-00.52.58:339][  0]LogConfig: Setting CVar [[r.Streaming.MaxEffectiveScreenSize:0]]
[2020.05.14-00.52.58:339][  0]LogConfig: Applying CVar settings from Section [EffectsQuality@3] File [D:/osmose-artline/Osmose/Saved/Config/Windows/Scalability.ini]
[2020.05.14-00.52.58:339][  0]LogConfig: Setting CVar [[r.TranslucencyLightingVolumeDim:64]]
[2020.05.14-00.52.58:339][  0]LogConfig: Setting CVar [[r.RefractionQuality:2]]
[2020.05.14-00.52.58:339][  0]LogConfig: Setting CVar [[r.SSR.Quality:3]]
[2020.05.14-00.52.58:339][  0]LogConfig: Setting CVar [[r.SSR.HalfResSceneColor:0]]
[2020.05.14-00.52.58:339][  0]LogConfig: Setting CVar [[r.SceneColorFormat:4]]
[2020.05.14-00.52.58:339][  0]LogConfig: Setting CVar [[r.DetailMode:2]]
[2020.05.14-00.52.58:339][  0]LogConfig: Setting CVar [[r.TranslucencyVolumeBlur:1]]
[2020.05.14-00.52.58:339][  0]LogConfig: Setting CVar [[r.MaterialQualityLevel:1 ; High quality]]
[2020.05.14-00.52.58:339][  0]LogConfig: Setting CVar [[r.SSS.Scale:1]]
[2020.05.14-00.52.58:339][  0]LogConfig: Setting CVar [[r.SSS.SampleSet:2]]
[2020.05.14-00.52.58:339][  0]LogConfig: Setting CVar [[r.SSS.Quality:1]]
[2020.05.14-00.52.58:339][  0]LogConfig: Setting CVar [[r.SSS.HalfRes:1]]
[2020.05.14-00.52.58:339][  0]LogConfig: Setting CVar [[r.SSGI.Quality:3]]
[2020.05.14-00.52.58:339][  0]LogConfig: Setting CVar [[r.EmitterSpawnRateScale:1.0]]
[2020.05.14-00.52.58:339][  0]LogConfig: Setting CVar [[r.ParticleLightQuality:2]]
[2020.05.14-00.52.58:339][  0]LogConfig: Setting CVar [[r.SkyAtmosphere.AerialPerspectiveLUT.FastApplyOnOpaque:1 ; Always have FastSkyLUT 1 in this case to avoid wrong sky]]
[2020.05.14-00.52.58:339][  0]LogConfig: Setting CVar [[r.SkyAtmosphere.AerialPerspectiveLUT.SampleCountPerSlice:1]]
[2020.05.14-00.52.58:339][  0]LogConfig: Setting CVar [[r.SkyAtmosphere.AerialPerspectiveLUT.DepthResolution:16.0]]
[2020.05.14-00.52.58:339][  0]LogConfig: Setting CVar [[r.SkyAtmosphere.FastSkyLUT:1]]
[2020.05.14-00.52.58:339][  0]LogConfig: Setting CVar [[r.SkyAtmosphere.FastSkyLUT.SampleCountMin:4.0]]
[2020.05.14-00.52.58:339][  0]LogConfig: Setting CVar [[r.SkyAtmosphere.FastSkyLUT.SampleCountMax:32.0]]
[2020.05.14-00.52.58:339][  0]LogConfig: Setting CVar [[r.SkyAtmosphere.SampleCountMin:4.0]]
[2020.05.14-00.52.58:339][  0]LogConfig: Setting CVar [[r.SkyAtmosphere.SampleCountMax:32.0]]
[2020.05.14-00.52.58:339][  0]LogConfig: Setting CVar [[r.SkyAtmosphere.TransmittanceLUT.UseSmallFormat:0]]
[2020.05.14-00.52.58:339][  0]LogConfig: Setting CVar [[r.SkyAtmosphere.TransmittanceLUT.SampleCount:10.0]]
[2020.05.14-00.52.58:339][  0]LogConfig: Setting CVar [[r.SkyAtmosphere.MultiScatteringLUT.SampleCount:15.0]]
[2020.05.14-00.52.58:339][  0]LogConfig: Applying CVar settings from Section [FoliageQuality@3] File [D:/osmose-artline/Osmose/Saved/Config/Windows/Scalability.ini]
[2020.05.14-00.52.58:339][  0]LogConfig: Setting CVar [[foliage.DensityScale:1.0]]
[2020.05.14-00.52.58:339][  0]LogConfig: Setting CVar [[grass.DensityScale:1.0]]
[2020.05.14-00.52.58:339][  0]LogConfig: Applying CVar settings from Section [ShadingQuality@3] File [D:/osmose-artline/Osmose/Saved/Config/Windows/Scalability.ini]
[2020.05.14-00.52.58:339][  0]LogConfig: Setting CVar [[r.HairStrands.SkyLighting.SampleCount:16]]
[2020.05.14-00.52.58:339][  0]LogConfig: Setting CVar [[r.HairStrands.SkyLighting.JitterIntegration:0]]
[2020.05.14-00.52.58:339][  0]LogConfig: Setting CVar [[r.HairStrands.SkyAO.SampleCount:16]]
[2020.05.14-00.52.58:339][  0]LogInit: Selected Device Profile: [Windows]
[2020.05.14-00.52.58:339][  0]LogInit: Applying CVar settings loaded from the selected device profile: [Windows]
[2020.05.14-00.52.58:342][  0]LogHAL: Display: Platform has ~ 24 GB [25718181888 / 34359738368 / 24], which maps to Larger [LargestMinGB=32, LargerMinGB=12, DefaultMinGB=8, SmallerMinGB=6, SmallestMinGB=0)
[2020.05.14-00.52.58:342][  0]LogInit: Going up to parent DeviceProfile []
[2020.05.14-00.52.58:342][  0]LogConfig: Applying CVar settings from Section [ViewDistanceQuality@3] File [D:/osmose-artline/Osmose/Saved/Config/Windows/Scalability.ini]
[2020.05.14-00.52.58:342][  0]LogConfig: Setting CVar [[r.SkeletalMeshLODBias:0]]
[2020.05.14-00.52.58:342][  0]LogConfig: Setting CVar [[r.ViewDistanceScale:1.0]]
[2020.05.14-00.52.58:342][  0]LogConfig: Applying CVar settings from Section [AntiAliasingQuality@3] File [D:/osmose-artline/Osmose/Saved/Config/Windows/Scalability.ini]
[2020.05.14-00.52.58:342][  0]LogConfig: Setting CVar [[r.PostProcessAAQuality:4]]
[2020.05.14-00.52.58:342][  0]LogConfig: Applying CVar settings from Section [ShadowQuality@3] File [D:/osmose-artline/Osmose/Saved/Config/Windows/Scalability.ini]
[2020.05.14-00.52.58:342][  0]LogConfig: Setting CVar [[r.LightFunctionQuality:1]]
[2020.05.14-00.52.58:342][  0]LogConfig: Setting CVar [[r.ShadowQuality:5]]
[2020.05.14-00.52.58:342][  0]LogConfig: Setting CVar [[r.Shadow.CSM.MaxCascades:10]]
[2020.05.14-00.52.58:342][  0]LogConfig: Setting CVar [[r.Shadow.MaxResolution:2048]]
[2020.05.14-00.52.58:342][  0]LogConfig: Setting CVar [[r.Shadow.MaxCSMResolution:2048]]
[2020.05.14-00.52.58:342][  0]LogConfig: Setting CVar [[r.Shadow.RadiusThreshold:0.01]]
[2020.05.14-00.52.58:342][  0]LogConfig: Setting CVar [[r.Shadow.DistanceScale:1.0]]
[2020.05.14-00.52.58:342][  0]LogConfig: Setting CVar [[r.Shadow.CSM.TransitionScale:1.0]]
[2020.05.14-00.52.58:342][  0]LogConfig: Setting CVar [[r.Shadow.PreShadowResolutionFactor:1.0]]
[2020.05.14-00.52.58:342][  0]LogConfig: Setting CVar [[r.DistanceFieldShadowing:1]]
[2020.05.14-00.52.58:342][  0]LogConfig: Setting CVar [[r.DistanceFieldAO:1]]
[2020.05.14-00.52.58:342][  0]LogConfig: Setting CVar [[r.AOQuality:2]]
[2020.05.14-00.52.58:342][  0]LogConfig: Setting CVar [[r.VolumetricFog:1]]
[2020.05.14-00.52.58:342][  0]LogConfig: Setting CVar [[r.VolumetricFog.GridPixelSize:8]]
[2020.05.14-00.52.58:342][  0]LogConfig: Setting CVar [[r.VolumetricFog.GridSizeZ:128]]
[2020.05.14-00.52.58:342][  0]LogConfig: Setting CVar [[r.VolumetricFog.HistoryMissSupersampleCount:4]]
[2020.05.14-00.52.58:342][  0]LogConfig: Setting CVar [[r.LightMaxDrawDistanceScale:1]]
[2020.05.14-00.52.58:342][  0]LogConfig: Setting CVar [[r.CapsuleShadows:1]]
[2020.05.14-00.52.58:342][  0]LogConfig: Applying CVar settings from Section [PostProcessQuality@3] File [D:/osmose-artline/Osmose/Saved/Config/Windows/Scalability.ini]
[2020.05.14-00.52.58:342][  0]LogConfig: Setting CVar [[r.MotionBlurQuality:4]]
[2020.05.14-00.52.58:342][  0]LogConfig: Setting CVar [[r.AmbientOcclusionMipLevelFactor:0.4]]
[2020.05.14-00.52.58:342][  0]LogConfig: Setting CVar [[r.AmbientOcclusionMaxQuality:100]]
[2020.05.14-00.52.58:342][  0]LogConfig: Setting CVar [[r.AmbientOcclusionLevels:-1]]
[2020.05.14-00.52.58:342][  0]LogConfig: Setting CVar [[r.AmbientOcclusionRadiusScale:1.0]]
[2020.05.14-00.52.58:342][  0]LogConfig: Setting CVar [[r.DepthOfFieldQuality:2]]
[2020.05.14-00.52.58:343][  0]LogConfig: Setting CVar [[r.RenderTargetPoolMin:400]]
[2020.05.14-00.52.58:343][  0]LogConfig: Setting CVar [[r.LensFlareQuality:2]]
[2020.05.14-00.52.58:343][  0]LogConfig: Setting CVar [[r.SceneColorFringeQuality:1]]
[2020.05.14-00.52.58:343][  0]LogConfig: Setting CVar [[r.EyeAdaptationQuality:2]]
[2020.05.14-00.52.58:343][  0]LogConfig: Setting CVar [[r.BloomQuality:5]]
[2020.05.14-00.52.58:343][  0]LogConfig: Setting CVar [[r.FastBlurThreshold:100]]
[2020.05.14-00.52.58:343][  0]LogConfig: Setting CVar [[r.Upscale.Quality:3]]
[2020.05.14-00.52.58:343][  0]LogConfig: Setting CVar [[r.Tonemapper.GrainQuantization:1]]
[2020.05.14-00.52.58:343][  0]LogConfig: Setting CVar [[r.LightShaftQuality:1]]
[2020.05.14-00.52.58:343][  0]LogConfig: Setting CVar [[r.Filter.SizeScale:1]]
[2020.05.14-00.52.58:343][  0]LogConfig: Setting CVar [[r.Tonemapper.Quality:5]]
[2020.05.14-00.52.58:343][  0]LogConfig: Setting CVar [[r.DOF.Gather.AccumulatorQuality:1        ; higher gathering accumulator quality]]
[2020.05.14-00.52.58:343][  0]LogConfig: Setting CVar [[r.DOF.Gather.PostfilterMethod:1          ; Median3x3 postfilering method]]
[2020.05.14-00.52.58:343][  0]LogConfig: Setting CVar [[r.DOF.Gather.EnableBokehSettings:0       ; no bokeh simulation when gathering]]
[2020.05.14-00.52.58:343][  0]LogConfig: Setting CVar [[r.DOF.Gather.RingCount:4                 ; medium number of samples when gathering]]
[2020.05.14-00.52.58:343][  0]LogConfig: Setting CVar [[r.DOF.Scatter.ForegroundCompositing:1    ; additive foreground scattering]]
[2020.05.14-00.52.58:343][  0]LogConfig: Setting CVar [[r.DOF.Scatter.BackgroundCompositing:2    ; additive background scattering]]
[2020.05.14-00.52.58:343][  0]LogConfig: Setting CVar [[r.DOF.Scatter.EnableBokehSettings:1      ; bokeh simulation when scattering]]
[2020.05.14-00.52.58:343][  0]LogConfig: Setting CVar [[r.DOF.Scatter.MaxSpriteRatio:0.1         ; only a maximum of 10% of scattered bokeh]]
[2020.05.14-00.52.58:343][  0]LogConfig: Setting CVar [[r.DOF.Recombine.Quality:1                ; cheap slight out of focus]]
[2020.05.14-00.52.58:343][  0]LogConfig: Setting CVar [[r.DOF.Recombine.EnableBokehSettings:0    ; no bokeh simulation on slight out of focus]]
[2020.05.14-00.52.58:343][  0]LogConfig: Setting CVar [[r.DOF.TemporalAAQuality:1                ; more stable temporal accumulation]]
[2020.05.14-00.52.58:343][  0]LogConfig: Setting CVar [[r.DOF.Kernel.MaxForegroundRadius:0.025]]
[2020.05.14-00.52.58:343][  0]LogConfig: Setting CVar [[r.DOF.Kernel.MaxBackgroundRadius:0.025]]
[2020.05.14-00.52.58:343][  0]LogConfig: Applying CVar settings from Section [TextureQuality@3] File [D:/osmose-artline/Osmose/Saved/Config/Windows/Scalability.ini]
[2020.05.14-00.52.58:343][  0]LogConfig: Setting CVar [[r.Streaming.MipBias:0]]
[2020.05.14-00.52.58:343][  0]LogConfig: Setting CVar [[r.Streaming.AmortizeCPUToGPUCopy:0]]
[2020.05.14-00.52.58:343][  0]LogConfig: Setting CVar [[r.Streaming.MaxNumTexturesToStreamPerFrame:0]]
[2020.05.14-00.52.58:343][  0]LogConfig: Setting CVar [[r.Streaming.Boost:1]]
[2020.05.14-00.52.58:343][  0]LogConfig: Setting CVar [[r.MaxAnisotropy:8]]
[2020.05.14-00.52.58:343][  0]LogConfig: Setting CVar [[r.VT.MaxAnisotropy:8]]
[2020.05.14-00.52.58:343][  0]LogConfig: Setting CVar [[r.Streaming.LimitPoolSizeToVRAM:0]]
[2020.05.14-00.52.58:343][  0]LogConfig: Setting CVar [[r.Streaming.PoolSize:1000]]
[2020.05.14-00.52.58:343][  0]LogConfig: Setting CVar [[r.Streaming.MaxEffectiveScreenSize:0]]
[2020.05.14-00.52.58:343][  0]LogConfig: Applying CVar settings from Section [EffectsQuality@3] File [D:/osmose-artline/Osmose/Saved/Config/Windows/Scalability.ini]
[2020.05.14-00.52.58:343][  0]LogConfig: Setting CVar [[r.TranslucencyLightingVolumeDim:64]]
[2020.05.14-00.52.58:343][  0]LogConfig: Setting CVar [[r.RefractionQuality:2]]
[2020.05.14-00.52.58:343][  0]LogConfig: Setting CVar [[r.SSR.Quality:3]]
[2020.05.14-00.52.58:343][  0]LogConfig: Setting CVar [[r.SSR.HalfResSceneColor:0]]
[2020.05.14-00.52.58:343][  0]LogConfig: Setting CVar [[r.SceneColorFormat:4]]
[2020.05.14-00.52.58:343][  0]LogConfig: Setting CVar [[r.DetailMode:2]]
[2020.05.14-00.52.58:343][  0]LogConfig: Setting CVar [[r.TranslucencyVolumeBlur:1]]
[2020.05.14-00.52.58:343][  0]LogConfig: Setting CVar [[r.MaterialQualityLevel:1 ; High quality]]
[2020.05.14-00.52.58:343][  0]LogConfig: Setting CVar [[r.SSS.Scale:1]]
[2020.05.14-00.52.58:343][  0]LogConfig: Setting CVar [[r.SSS.SampleSet:2]]
[2020.05.14-00.52.58:343][  0]LogConfig: Setting CVar [[r.SSS.Quality:1]]
[2020.05.14-00.52.58:343][  0]LogConfig: Setting CVar [[r.SSS.HalfRes:1]]
[2020.05.14-00.52.58:343][  0]LogConfig: Setting CVar [[r.SSGI.Quality:3]]
[2020.05.14-00.52.58:343][  0]LogConfig: Setting CVar [[r.EmitterSpawnRateScale:1.0]]
[2020.05.14-00.52.58:343][  0]LogConfig: Setting CVar [[r.ParticleLightQuality:2]]
[2020.05.14-00.52.58:343][  0]LogConfig: Setting CVar [[r.SkyAtmosphere.AerialPerspectiveLUT.FastApplyOnOpaque:1 ; Always have FastSkyLUT 1 in this case to avoid wrong sky]]
[2020.05.14-00.52.58:343][  0]LogConfig: Setting CVar [[r.SkyAtmosphere.AerialPerspectiveLUT.SampleCountPerSlice:1]]
[2020.05.14-00.52.58:343][  0]LogConfig: Setting CVar [[r.SkyAtmosphere.AerialPerspectiveLUT.DepthResolution:16.0]]
[2020.05.14-00.52.58:343][  0]LogConfig: Setting CVar [[r.SkyAtmosphere.FastSkyLUT:1]]
[2020.05.14-00.52.58:343][  0]LogConfig: Setting CVar [[r.SkyAtmosphere.FastSkyLUT.SampleCountMin:4.0]]
[2020.05.14-00.52.58:343][  0]LogConfig: Setting CVar [[r.SkyAtmosphere.FastSkyLUT.SampleCountMax:32.0]]
[2020.05.14-00.52.58:343][  0]LogConfig: Setting CVar [[r.SkyAtmosphere.SampleCountMin:4.0]]
[2020.05.14-00.52.58:343][  0]LogConfig: Setting CVar [[r.SkyAtmosphere.SampleCountMax:32.0]]
[2020.05.14-00.52.58:343][  0]LogConfig: Setting CVar [[r.SkyAtmosphere.TransmittanceLUT.UseSmallFormat:0]]
[2020.05.14-00.52.58:343][  0]LogConfig: Setting CVar [[r.SkyAtmosphere.TransmittanceLUT.SampleCount:10.0]]
[2020.05.14-00.52.58:343][  0]LogConfig: Setting CVar [[r.SkyAtmosphere.MultiScatteringLUT.SampleCount:15.0]]
[2020.05.14-00.52.58:343][  0]LogConfig: Applying CVar settings from Section [FoliageQuality@3] File [D:/osmose-artline/Osmose/Saved/Config/Windows/Scalability.ini]
[2020.05.14-00.52.58:343][  0]LogConfig: Setting CVar [[foliage.DensityScale:1.0]]
[2020.05.14-00.52.58:343][  0]LogConfig: Setting CVar [[grass.DensityScale:1.0]]
[2020.05.14-00.52.58:343][  0]LogConfig: Applying CVar settings from Section [ShadingQuality@3] File [D:/osmose-artline/Osmose/Saved/Config/Windows/Scalability.ini]
[2020.05.14-00.52.58:343][  0]LogConfig: Setting CVar [[r.HairStrands.SkyLighting.SampleCount:16]]
[2020.05.14-00.52.58:343][  0]LogConfig: Setting CVar [[r.HairStrands.SkyLighting.JitterIntegration:0]]
[2020.05.14-00.52.58:343][  0]LogConfig: Setting CVar [[r.HairStrands.SkyAO.SampleCount:16]]
[2020.05.14-00.52.58:343][  0]LogConfig: Applying CVar settings from Section [Startup] File [../../../Engine/Config/ConsoleVariables.ini]
[2020.05.14-00.52.58:344][  0]LogConfig: Setting CVar [[net.UseAdaptiveNetUpdateFrequency:0]]
[2020.05.14-00.52.58:344][  0]LogConfig: Setting CVar [[p.chaos.AllowCreatePhysxBodies:1]]
[2020.05.14-00.52.58:344][  0]LogConfig: Applying CVar settings from Section [ConsoleVariables] File [D:/osmose-artline/Osmose/Saved/Config/Windows/Engine.ini]
[2020.05.14-00.52.58:344][  0]LogInit: Computer: DESKTOP-KDUKVQ0
[2020.05.14-00.52.58:344][  0]LogInit: User: lecl
[2020.05.14-00.52.58:344][  0]LogInit: CPU Page size=4096, Cores=8
[2020.05.14-00.52.58:344][  0]LogInit: High frequency timer resolution =10.000000 MHz
[2020.05.14-00.52.58:344][  0]LogMemory: Memory total: Physical=24.0GB (24GB approx)
[2020.05.14-00.52.58:344][  0]LogMemory: Platform Memory Stats for Windows
[2020.05.14-00.52.58:344][  0]LogMemory: Process Physical Memory: 106.35 MB used, 106.36 MB peak
[2020.05.14-00.52.58:344][  0]LogMemory: Process Virtual Memory: 102.31 MB used, 102.31 MB peak
[2020.05.14-00.52.58:344][  0]LogMemory: Physical Memory: 7829.77 MB used,  16697.00 MB free, 24526.77 MB total
[2020.05.14-00.52.58:344][  0]LogMemory: Virtual Memory: 5176.28 MB used,  134212552.00 MB free, 134217728.00 MB total
[2020.05.14-00.52.58:347][  0]LogWindows: WindowsPlatformFeatures enabled
[2020.05.14-00.52.58:370][  0]LogInit: Using OS detected language (fr-FR).
[2020.05.14-00.52.58:370][  0]LogInit: Using OS detected locale (fr-FR).
[2020.05.14-00.52.58:371][  0]LogTextLocalizationManager: No specific localization for 'fr-FR' exists, so the 'fr' localization will be used.
[2020.05.14-00.52.58:371][  0]LogTextLocalizationResource: LocRes '../../../Engine/Content/Localization/Editor/fr/Editor.locres' could not be opened for reading!
[2020.05.14-00.52.58:371][  0]LogTextLocalizationResource: LocRes '../../../Engine/Content/Localization/EditorTutorials/fr/EditorTutorials.locres' could not be opened for reading!
[2020.05.14-00.52.58:371][  0]LogTextLocalizationResource: LocRes '../../../Engine/Content/Localization/Keywords/fr/Keywords.locres' could not be opened for reading!
[2020.05.14-00.52.58:371][  0]LogTextLocalizationResource: LocRes '../../../Engine/Content/Localization/Category/fr/Category.locres' could not be opened for reading!
[2020.05.14-00.52.58:371][  0]LogTextLocalizationResource: LocRes '../../../Engine/Content/Localization/ToolTips/fr/ToolTips.locres' could not be opened for reading!
[2020.05.14-00.52.58:371][  0]LogTextLocalizationResource: LocRes '../../../Engine/Content/Localization/PropertyNames/fr/PropertyNames.locres' could not be opened for reading!
[2020.05.14-00.52.58:372][  0]LogTextLocalizationResource: LocRes '../../../Engine/Content/Localization/Engine/fr/Engine.locres' could not be opened for reading!
[2020.05.14-00.52.58:372][  0]LogInit: Setting process to per monitor DPI aware
[2020.05.14-00.52.58:407][  0]LogSlate: New Slate User Created.  User Index 0, Is Virtual User: 0
[2020.05.14-00.52.58:407][  0]LogSlate: Slate User Registered.  User Index 0, Is Virtual User: 0
[2020.05.14-00.52.58:641][  0]LogD3D11RHI: D3D11 min allowed feature level: 11_0
[2020.05.14-00.52.58:641][  0]LogD3D11RHI: D3D11 max allowed feature level: 11_0
[2020.05.14-00.52.58:641][  0]LogD3D11RHI: D3D11 adapters:
[2020.05.14-00.52.58:717][  0]LogD3D11RHI:    0. 'NVIDIA GeForce GTX 1060 6GB' (Feature Level 11_0)
[2020.05.14-00.52.58:717][  0]LogD3D11RHI:       6052/0/12263 MB DedicatedVideo/DedicatedSystem/SharedSystem, Outputs:2, VendorId:0x10de
[2020.05.14-00.52.58:720][  0]LogD3D11RHI:    1. 'Microsoft Basic Render Driver' (Feature Level 11_0)
[2020.05.14-00.52.58:720][  0]LogD3D11RHI:       0/0/12263 MB DedicatedVideo/DedicatedSystem/SharedSystem, Outputs:0, VendorId:0x1414
[2020.05.14-00.52.58:720][  0]LogD3D11RHI: Chosen D3D11 Adapter: 0
[2020.05.14-00.52.58:730][  0]LogD3D11RHI: Creating new Direct3DDevice
[2020.05.14-00.52.58:730][  0]LogD3D11RHI:     GPU DeviceId: 0x1c03 (for the marketing name, search the web for "GPU Device Id")
[2020.05.14-00.52.58:730][  0]LogWindows: EnumDisplayDevices:
[2020.05.14-00.52.58:731][  0]LogWindows:    0. 'NVIDIA GeForce GTX 1060 6GB' (P:1 D:1)
[2020.05.14-00.52.58:731][  0]LogWindows:    1. 'NVIDIA GeForce GTX 1060 6GB' (P:0 D:1)
[2020.05.14-00.52.58:731][  0]LogWindows:    2. 'NVIDIA GeForce GTX 1060 6GB' (P:0 D:0)
[2020.05.14-00.52.58:731][  0]LogWindows:    3. 'NVIDIA GeForce GTX 1060 6GB' (P:0 D:0)
[2020.05.14-00.52.58:731][  0]LogWindows: DebugString: FoundDriverCount:4 
[2020.05.14-00.52.58:731][  0]LogD3D11RHI:     Adapter Name: NVIDIA GeForce GTX 1060 6GB
[2020.05.14-00.52.58:732][  0]LogD3D11RHI:   Driver Version: 441.20 (internal:26.21.14.4120, unified:441.20)
[2020.05.14-00.52.58:732][  0]LogD3D11RHI:      Driver Date: 11-6-2019
[2020.05.14-00.52.58:732][  0]LogRHI: Texture pool is 4236 MB (70% of 6052 MB)
[2020.05.14-00.52.58:788][  0]LogD3D11RHI: RHI has support for 64 bit atomics
[2020.05.14-00.52.58:788][  0]LogD3D11RHI: Async texture creation enabled
[2020.05.14-00.52.58:803][  0]LogD3D11RHI: GPU Timing Frequency: 1000.000000 (Debug: 2 1)
[2020.05.14-00.52.59:119][  0]LogTargetPlatformManager: Display: Loaded TargetPlatform 'AllDesktop'
[2020.05.14-00.52.59:154][  0]LogTargetPlatformManager: Display: Loaded TargetPlatform 'Android'
[2020.05.14-00.52.59:154][  0]LogTargetPlatformManager: Display: Loaded TargetPlatform 'Android_ASTC'
[2020.05.14-00.52.59:154][  0]LogTargetPlatformManager: Display: Loaded TargetPlatform 'Android_ATC'
[2020.05.14-00.52.59:154][  0]LogTargetPlatformManager: Display: Loaded TargetPlatform 'Android_DXT'
[2020.05.14-00.52.59:154][  0]LogTargetPlatformManager: Display: Loaded TargetPlatform 'Android_ETC1'
[2020.05.14-00.52.59:154][  0]LogTargetPlatformManager: Display: Loaded TargetPlatform 'Android_ETC1a'
[2020.05.14-00.52.59:154][  0]LogTargetPlatformManager: Display: Loaded TargetPlatform 'Android_ETC2'
[2020.05.14-00.52.59:154][  0]LogTargetPlatformManager: Display: Loaded TargetPlatform 'Android_PVRTC'
[2020.05.14-00.52.59:154][  0]LogTargetPlatformManager: Display: Loaded TargetPlatform 'AndroidClient'
[2020.05.14-00.52.59:154][  0]LogTargetPlatformManager: Display: Loaded TargetPlatform 'Android_ASTCClient'
[2020.05.14-00.52.59:154][  0]LogTargetPlatformManager: Display: Loaded TargetPlatform 'Android_ATCClient'
[2020.05.14-00.52.59:154][  0]LogTargetPlatformManager: Display: Loaded TargetPlatform 'Android_DXTClient'
[2020.05.14-00.52.59:154][  0]LogTargetPlatformManager: Display: Loaded TargetPlatform 'Android_ETC1Client'
[2020.05.14-00.52.59:154][  0]LogTargetPlatformManager: Display: Loaded TargetPlatform 'Android_ETC1aClient'
[2020.05.14-00.52.59:154][  0]LogTargetPlatformManager: Display: Loaded TargetPlatform 'Android_ETC2Client'
[2020.05.14-00.52.59:154][  0]LogTargetPlatformManager: Display: Loaded TargetPlatform 'Android_PVRTCClient'
[2020.05.14-00.52.59:154][  0]LogTargetPlatformManager: Display: Loaded TargetPlatform 'Android_Multi'
[2020.05.14-00.52.59:154][  0]LogTargetPlatformManager: Display: Loaded TargetPlatform 'Android_MultiClient'
[2020.05.14-00.52.59:176][  0]LogTargetPlatformManager: Display: Loaded TargetPlatform 'IOSClient'
[2020.05.14-00.52.59:176][  0]LogTargetPlatformManager: Display: Loaded TargetPlatform 'IOS'
[2020.05.14-00.52.59:184][  0]LogTargetPlatformManager: Display: Loaded TargetPlatform 'LinuxNoEditor'
[2020.05.14-00.52.59:192][  0]LogTargetPlatformManager: Display: Loaded TargetPlatform 'LinuxClient'
[2020.05.14-00.52.59:203][  0]LogTargetPlatformManager: Display: Loaded TargetPlatform 'LinuxServer'
[2020.05.14-00.52.59:211][  0]LogTargetPlatformManager: Display: Loaded TargetPlatform 'LinuxAArch64NoEditor'
[2020.05.14-00.52.59:218][  0]LogTargetPlatformManager: Display: Loaded TargetPlatform 'LinuxAArch64Client'
[2020.05.14-00.52.59:227][  0]LogTargetPlatformManager: Display: Loaded TargetPlatform 'LinuxAArch64Server'
[2020.05.14-00.52.59:256][  0]LogTargetPlatformManager: Display: Loaded TargetPlatform 'Lumin'
[2020.05.14-00.52.59:256][  0]LogTargetPlatformManager: Display: Loaded TargetPlatform 'LuminClient'
[2020.05.14-00.52.59:272][  0]LogTargetPlatformManager: Display: Loaded TargetPlatform 'TVOSClient'
[2020.05.14-00.52.59:272][  0]LogTargetPlatformManager: Display: Loaded TargetPlatform 'TVOS'
[2020.05.14-00.52.59:280][  0]LogTargetPlatformManager: Display: Loaded TargetPlatform 'WindowsNoEditor'
[2020.05.14-00.52.59:290][  0]LogTargetPlatformManager: Display: Loaded TargetPlatform 'Windows'
[2020.05.14-00.52.59:298][  0]LogTargetPlatformManager: Display: Loaded TargetPlatform 'WindowsClient'
[2020.05.14-00.52.59:306][  0]LogTargetPlatformManager: Display: Loaded TargetPlatform 'WindowsServer'
[2020.05.14-00.52.59:306][  0]LogTargetPlatformManager: Display: Building Assets For Windows
[2020.05.14-00.52.59:310][  0]LogAudioDebug: Display: Lib vorbis DLL was dynamically loaded.
[2020.05.14-00.52.59:334][  0]LogShaderCompilers: Guid format shader working directory is 10 characters bigger than the processId version (../../../../../osmose-artline/Osmose/Intermediate/Shaders/WorkingDirectory/3436/).
[2020.05.14-00.52.59:335][  0]LogShaderCompilers: Cleaned the shader compiler working directory 'C:/Users/le-cl/AppData/Local/Temp/UnrealShaderWorkingDir/85F6CB56467EAA4CA0EF469503214335/'.
[2020.05.14-00.52.59:335][  0]LogXGEController: Cannot use XGE Controller as Incredibuild is not installed on this machine.
[2020.05.14-00.52.59:335][  0]LogShaderCompilers: Cannot use XGE Shader Compiler as Incredibuild is not installed on this machine.
[2020.05.14-00.52.59:335][  0]LogShaderCompilers: Display: Using Local Shader Compiler.
[2020.05.14-00.53.00:068][  0]LogDerivedDataCache: Display: Max Cache Size: 512 MB
[2020.05.14-00.53.00:145][  0]LogDerivedDataCache: Loaded boot cache 0.08s 78MB C:/Users/le-cl/AppData/Local/UnrealEngine/4.24/DerivedDataCache/Boot.ddc.
[2020.05.14-00.53.00:145][  0]LogDerivedDataCache: Display: Loaded Boot cache: C:/Users/le-cl/AppData/Local/UnrealEngine/4.24/DerivedDataCache/Boot.ddc
[2020.05.14-00.53.00:146][  0]LogDerivedDataCache: FDerivedDataBackendGraph:  Pak pak cache file ../../../../../osmose-artline/Osmose/DerivedDataCache/DDC.ddp not found, will not use a pak cache.
[2020.05.14-00.53.00:146][  0]LogDerivedDataCache: Unable to find inner node Pak for hierarchical cache Hierarchy.
[2020.05.14-00.53.00:146][  0]LogDerivedDataCache: FDerivedDataBackendGraph:  CompressedPak pak cache file ../../../../../osmose-artline/Osmose/DerivedDataCache/Compressed.ddp not found, will not use a pak cache.
[2020.05.14-00.53.00:146][  0]LogDerivedDataCache: Unable to find inner node CompressedPak for hierarchical cache Hierarchy.
[2020.05.14-00.53.00:157][  0]LogDerivedDataCache: Display: Pak cache opened for reading ../../../Engine/DerivedDataCache/Compressed.ddp.
[2020.05.14-00.53.00:157][  0]LogDerivedDataCache: FDerivedDataBackendGraph:  EnterprisePak pak cache file ../../../Enterprise/DerivedDataCache/Compressed.ddp not found, will not use a pak cache.
[2020.05.14-00.53.00:157][  0]LogDerivedDataCache: Unable to find inner node EnterprisePak for hierarchical cache Hierarchy.
[2020.05.14-00.53.00:159][  0]LogDerivedDataCache: Using Local data cache path C:/Users/le-cl/AppData/Local/UnrealEngine/Common/DerivedDataCache: Writable
[2020.05.14-00.53.00:159][  0]LogDerivedDataCache: Shared data cache path not found in *engine.ini, will not use an Shared cache.
[2020.05.14-00.53.00:159][  0]LogDerivedDataCache: Unable to find inner node Shared for hierarchical cache Hierarchy.
[2020.05.14-00.53.00:185][  0]LogMaterial: Verifying Global Shaders for PCD3D_SM5
[2020.05.14-00.53.00:188][  0]LogSlate: Using FreeType 2.10.0
[2020.05.14-00.53.00:189][  0]LogSlate: SlateFontServices - WITH_FREETYPE: 1, WITH_HARFBUZZ: 1
[2020.05.14-00.53.00:257][  0]LogAssetRegistry: FAssetRegistry took 0.0027 seconds to start up
[2020.05.14-00.53.00:574][  0]LogInit: Selected Device Profile: [Windows]
[2020.05.14-00.53.00:730][  0]LogMeshReduction: Using QuadricMeshReduction for automatic static mesh reduction
[2020.05.14-00.53.00:730][  0]LogMeshReduction: Using SimplygonMeshReduction for automatic skeletal mesh reduction
[2020.05.14-00.53.00:730][  0]LogMeshReduction: Using ProxyLODMeshReduction for automatic mesh merging
[2020.05.14-00.53.00:730][  0]LogMeshReduction: No distributed automatic mesh merging module available
[2020.05.14-00.53.00:730][  0]LogMeshMerging: No distributed automatic mesh merging module available
[2020.05.14-00.53.00:745][  0]LogNetVersion: Osmose 1.0.0, NetCL: 10570792, EngineNetVer: 13, GameNetVer: 0 (Checksum: 389872372)
[2020.05.14-00.53.01:968][  0]LogPackageLocalizationCache: Processed 8 localized package path(s) for 1 prioritized culture(s) in 0.040759 seconds
[2020.05.14-00.53.01:978][  0]LogUObjectArray: 46098 objects as part of root set at end of initial load.
[2020.05.14-00.53.01:978][  0]LogUObjectAllocator: 8030680 out of 0 bytes used by permanent object pool.
[2020.05.14-00.53.01:978][  0]LogUObjectArray: CloseDisregardForGC: 0/0 objects in disregard for GC pool
[2020.05.14-00.53.02:464][  0]LogTcpMessaging: Initializing TcpMessaging bridge
[2020.05.14-00.53.02:467][  0]LogUdpMessaging: Initializing bridge on interface 0.0.0.0:0 to multicast group 230.0.0.1:6666.
[2020.05.14-00.53.02:528][  0]SourceControl: Source control is disabled
[2020.05.14-00.53.02:528][  0]SourceControl: Source control is disabled
[2020.05.14-00.53.02:529][  0]SourceControl: Source control is disabled
[2020.05.14-00.53.02:530][  0]SourceControl: Source control is disabled
[2020.05.14-00.53.02:531][  0]SourceControl: Source control is disabled
[2020.05.14-00.53.02:629][  0]LogAndroidPermission: UAndroidPermissionCallbackProxy::GetInstance
[2020.05.14-00.53.02:643][  0]LogAudioCaptureCore: Display: No Audio Capture implementations found. Audio input will be silent.
[2020.05.14-00.53.02:643][  0]LogAudioCaptureCore: Display: No Audio Capture implementations found. Audio input will be silent.
[2020.05.14-00.53.02:758][  0]LogEngine: Initializing Engine...
[2020.05.14-00.53.02:760][  0]LogStats: UGameplayTagsManager::InitializeManager -  0.000 s
[2020.05.14-00.53.03:134][  0]LogInit: Initializing FReadOnlyCVARCache
[2020.05.14-00.53.03:143][  0]LogAIModule: Creating AISystem for world Untitled
[2020.05.14-00.53.03:173][  0]LogAudioMixer: Display: Audio Mixer Platform Settings:
[2020.05.14-00.53.03:173][  0]LogAudioMixer: Display: 	Sample Rate:						  48000
[2020.05.14-00.53.03:173][  0]LogAudioMixer: Display: 	Callback Buffer Frame Size Requested: 1024
[2020.05.14-00.53.03:173][  0]LogAudioMixer: Display: 	Callback Buffer Frame Size To Use:	  1024
[2020.05.14-00.53.03:173][  0]LogAudioMixer: Display: 	Number of buffers to queue:			  2
[2020.05.14-00.53.03:173][  0]LogAudioMixer: Display: 	Max Channels (voices):				  32
[2020.05.14-00.53.03:173][  0]LogAudioMixer: Display: 	Number of Async Source Workers:		  0
[2020.05.14-00.53.03:173][  0]LogAudio: Display: AudioDevice MaxSources: 32
[2020.05.14-00.53.03:173][  0]LogAudio: Display: Using built-in audio occlusion.
[2020.05.14-00.53.03:173][  0]LogAudioMixer: Display: Initializing audio mixer.
[2020.05.14-00.53.03:235][  0]LogAudioMixer: Display: Audio Device Output Speaker Info:
[2020.05.14-00.53.03:235][  0]LogAudioMixer: Display: Name: Casque pour téléphone (HyperX Virtual Surround Sound)
[2020.05.14-00.53.03:235][  0]LogAudioMixer: Display: Is Default: Yes
[2020.05.14-00.53.03:235][  0]LogAudioMixer: Display: Sample Rate: 48000
[2020.05.14-00.53.03:235][  0]LogAudioMixer: Display: Channel Count Used: 2
[2020.05.14-00.53.03:235][  0]LogAudioMixer: Display: Device Channel Count: 2
[2020.05.14-00.53.03:235][  0]LogAudioMixer: Display: Channel Order:
[2020.05.14-00.53.03:235][  0]LogAudioMixer: Display: 0: FrontLeft
[2020.05.14-00.53.03:235][  0]LogAudioMixer: Display: 1: FrontRight
[2020.05.14-00.53.03:261][  0]LogAudioMixer: Display: Using Audio Device Casque pour téléphone (HyperX Virtual Surround Sound)
[2020.05.14-00.53.03:273][  0]LogInit: FAudioDevice initialized.
[2020.05.14-00.53.03:273][  0]LogNetVersion: Set ProjectVersion to 1.0.0.0. Version Checksum will be recalculated on next use.
[2020.05.14-00.53.03:439][  0]LogDerivedDataCache: Saved boot cache 0.17s 78MB C:/Users/le-cl/AppData/Local/UnrealEngine/4.24/DerivedDataCache/Boot.ddc.
[2020.05.14-00.53.03:439][  0]LogInit: Texture streaming: Enabled
[2020.05.14-00.53.03:456][  0]LogEngineSessionManager: EngineSessionManager initialized
[2020.05.14-00.53.03:456][  0]LogEditorSessionSummary: Verbose: Initializing EditorSessionSummaryWriter for editor session tracking
[2020.05.14-00.53.03:458][  0]LogEditorSessionSummary: EditorSessionSummaryWriter initialized
[2020.05.14-00.53.03:533][  0]LogInit: Transaction tracking system initialized
[2020.05.14-00.53.03:545][  0]BlueprintLog: New page: Editor Load
[2020.05.14-00.53.03:586][  0]LocalizationService: Localization service is disabled
[2020.05.14-00.53.03:637][  0]LogLinker: Warning: Failed to load '/Game/FirstPersonBP/FirstPersonOverview': Can't find file.
[2020.05.14-00.53.03:638][  0]LogLinker: Warning: Failed to load '/Game/FirstPersonBP/FirstPersonOverview': Can't find file.
[2020.05.14-00.53.03:638][  0]LogUObjectGlobals: Warning: Failed to find object 'Class /Game/FirstPersonBP/FirstPersonOverview.FirstPersonOverview_C'
[2020.05.14-00.53.03:890][  0]LogCook: Display: Max memory allowance for cook 16384mb min free memory 0mb
[2020.05.14-00.53.03:890][  0]LogCook: Display: Mobile HDR setting 1
[2020.05.14-00.53.04:022][  0]LogFileCache: Scanning file cache for directory 'D:/osmose-artline/Osmose/Content/' took 0.01s
[2020.05.14-00.53.04:022][  0]SourceControl: Source control is disabled
[2020.05.14-00.53.04:023][  0]Cmd: MAP LOAD FILE="../../../../../osmose-artline/Osmose/Content/ThirdPersonBP/Maps/ThirdPersonExampleMap.umap" TEMPLATE=0 SHOWPROGRESS=1 FEATURELEVEL=3
[2020.05.14-00.53.04:023][  0]LightingResults: New page: Lighting Build
[2020.05.14-00.53.04:024][  0]LogWorld: UWorld::CleanupWorld for Untitled, bSessionEnded=true, bCleanupResources=true
[2020.05.14-00.53.04:024][  0]LogSlate: InvalidateAllWidgets triggered.  All widgets were invalidated
[2020.05.14-00.53.04:024][  0]MapCheck: New page: Map Check
[2020.05.14-00.53.04:024][  0]LightingResults: New page: Lighting Build
[2020.05.14-00.53.04:064][  0]LogUObjectHash: Compacting FUObjectHashTables data took   1.91ms
[2020.05.14-00.53.04:928][  0]LogAIModule: Creating AISystem for world ThirdPersonExampleMap
[2020.05.14-00.53.04:933][  0]LogPhysics: Warning: Scale for /Game/ThirdPersonBP/Maps/ThirdPersonExampleMap.ThirdPersonExampleMap:PersistentLevel.Leaf_2.StaticMesh has a component set to zero, which will result in a bad body instance. Scale:X=1.250 Y=0.500 Z=0.000
[2020.05.14-00.53.04:965][  0]LogPhysics: Warning: Scale for /Game/ThirdPersonBP/Maps/ThirdPersonExampleMap.ThirdPersonExampleMap:PersistentLevel.Leaf_2.StaticMesh has a component set to zero, which will result in a bad body instance. Scale:X=1.250 Y=0.500 Z=0.000
[2020.05.14-00.53.04:966][  0]LogPhysics: Warning: Scale for /Game/ThirdPersonBP/Maps/ThirdPersonExampleMap.ThirdPersonExampleMap:PersistentLevel.Leaf_2.StaticMesh has a component set to zero, which will result in a bad body instance. Scale:X=1.250 Y=0.500 Z=0.000
[2020.05.14-00.53.04:966][  0]LogPhysics: Warning: Scale for /Game/ThirdPersonBP/Maps/ThirdPersonExampleMap.ThirdPersonExampleMap:PersistentLevel.Leaf_2.StaticMesh has a component set to zero, which will result in a bad body instance. Scale:X=1.250 Y=0.500 Z=0.000
[2020.05.14-00.53.04:982][  0]LogEditorServer: Finished looking for orphan Actors (0.000 secs)
[2020.05.14-00.53.05:029][  0]LogUObjectHash: Compacting FUObjectHashTables data took   3.17ms
[2020.05.14-00.53.05:030][  0]Cmd: MAP CHECKDEP NOCLEARLOG
[2020.05.14-00.53.05:030][  0]MapCheck: Map check complete: 0 Error(s), 0 Warning(s), took 0,11ms to complete.
[2020.05.14-00.53.05:030][  0]LogFileHelpers: Loading map 'ThirdPersonExampleMap' took 1.007
[2020.05.14-00.53.05:163][  0]LogSlate: Updating window title bar state: overlay mode, drag disabled, window buttons hidden, title bar hidden
[2020.05.14-00.53.05:170][  0]LogSlate: Updating window title bar state: overlay mode, drag disabled, window buttons hidden, title bar hidden
[2020.05.14-00.53.05:179][  0]LogSlate: Updating window title bar state: overlay mode, drag disabled, window buttons hidden, title bar hidden
[2020.05.14-00.53.05:186][  0]LogSlate: Updating window title bar state: overlay mode, drag disabled, window buttons hidden, title bar hidden
[2020.05.14-00.53.05:191][  0]LogCollectionManager: Loaded 0 collections in 0.001068 seconds
[2020.05.14-00.53.05:205][  0]LogFileCache: Scanning file cache for directory 'D:/osmose-artline/Osmose/Saved/Collections/' took 0.00s
[2020.05.14-00.53.05:205][  0]LogFileCache: Scanning file cache for directory 'D:/osmose-artline/Osmose/Content/Developers/lecl/Collections/' took 0.00s
[2020.05.14-00.53.05:205][  0]LogFileCache: Scanning file cache for directory 'D:/osmose-artline/Osmose/Content/Collections/' took 0.00s
[2020.05.14-00.53.05:205][  0]LogContentBrowser: Native class hierarchy populated in 0.0092 seconds. Added 2997 classes and 701 folders.
[2020.05.14-00.53.05:208][  0]LogContentBrowser: Native class hierarchy updated for 'WidgetCarousel' in 0.0004 seconds. Added 0 classes and 0 folders.
[2020.05.14-00.53.05:298][  0]LogContentBrowser: Native class hierarchy updated for 'AddContentDialog' in 0.0003 seconds. Added 0 classes and 0 folders.
[2020.05.14-00.53.05:302][  0]LogContentBrowser: Native class hierarchy updated for 'SceneOutliner' in 0.0004 seconds. Added 2 classes and 3 folders.
[2020.05.14-00.53.05:333][  0]LogSlate: Took 0.000314 seconds to synchronously load lazily loaded font '../../../Engine/Content/Slate/Fonts/Roboto-Regular.ttf' (155K)
[2020.05.14-00.53.05:335][  0]LogSlate: Took 0.000265 seconds to synchronously load lazily loaded font '../../../Engine/Content/Slate/Fonts/Roboto-Bold.ttf' (160K)
[2020.05.14-00.53.05:341][  0]LogSlate: Took 0.000316 seconds to synchronously load lazily loaded font '../../../Engine/Content/Editor/Slate/Fonts/FontAwesome.ttf' (139K)
[2020.05.14-00.53.05:427][  0]LogRenderer: Reallocating scene render targets to support 1216x588 Format 10 NumSamples 1 (Frame:1).
[2020.05.14-00.53.05:564][  0]LogContentBrowser: Native class hierarchy updated for 'HierarchicalLODOutliner' in 0.0004 seconds. Added 0 classes and 0 folders.
[2020.05.14-00.53.05:564][  0]LogLoad: (Engine Initialization) Total time: 9.31 seconds
[2020.05.14-00.53.05:564][  0]LogLoad: (Engine Initialization) Total Blueprint compile time: 0.00 seconds
[2020.05.14-00.53.06:034][  0]LogContentStreaming: Texture pool size now 1000 MB
[2020.05.14-00.53.06:315][  0]LogSlate: Took 0.083382 seconds to synchronously load lazily loaded font '../../../Engine/Content/Slate/Fonts/DroidSansFallback.ttf' (3848K)
[2020.05.14-00.53.06:687][  0]LogRenderer: Reallocating scene render targets to support 1216x604 Format 10 NumSamples 1 (Frame:2).
[2020.05.14-00.53.06:687][  0]LogSlate: Took 0.016508 seconds to synchronously load lazily loaded font '../../../Engine/Content/Slate/Fonts/Roboto-Light.ttf' (167K)
[2020.05.14-00.53.07:676][  2]LogAssetRegistry: Asset discovery search completed in 7.4207 seconds
[2020.05.14-00.53.07:731][  2]LogCollectionManager: Fixed up redirectors for 0 collections in 0.010868 seconds (updated 0 objects)
[2020.05.14-00.53.11:805][ 15]LogUObjectHash: Compacting FUObjectHashTables data took   0.87ms
[2020.05.14-00.53.12:164][ 15]LogSlate: Window 'Osmose - Unreal Editor' being destroyed
[2020.05.14-00.53.12:197][ 15]LogWindowsTextInputMethodSystem: Display: IME system now deactivated.
[2020.05.14-00.53.12:914][ 16]Cmd: QUIT_EDITOR
[2020.05.14-00.53.12:915][ 16]LogCore: Engine exit requested (reason: UUnrealEdEngine::CloseEditor())
[2020.05.14-00.53.12:957][ 16]LogCore: Engine exit requested (reason: EngineExit() was called; note: exit was already requested)
[2020.05.14-00.53.13:012][ 16]LogAudioMixer: Display: No commands were queued while flushing the source manager.
[2020.05.14-00.53.13:689][ 16]LogExit: Preparing to exit.
[2020.05.14-00.53.14:960][ 16]LogWorld: UWorld::CleanupWorld for World_0, bSessionEnded=true, bCleanupResources=true
[2020.05.14-00.53.14:972][ 16]LogWorld: UWorld::CleanupWorld for World_1, bSessionEnded=true, bCleanupResources=true
[2020.05.14-00.53.14:972][ 16]LogWorld: UWorld::CleanupWorld for World_2, bSessionEnded=true, bCleanupResources=true
[2020.05.14-00.53.14:972][ 16]LogWorld: UWorld::CleanupWorld for World_3, bSessionEnded=true, bCleanupResources=true
[2020.05.14-00.53.14:972][ 16]LogWorld: UWorld::CleanupWorld for World_4, bSessionEnded=true, bCleanupResources=true
[2020.05.14-00.53.14:978][ 16]LogWorld: UWorld::CleanupWorld for World_5, bSessionEnded=true, bCleanupResources=true
[2020.05.14-00.53.14:978][ 16]LogWorld: UWorld::CleanupWorld for World_6, bSessionEnded=true, bCleanupResources=true
[2020.05.14-00.53.15:794][ 16]LogDemo: Cleaned up 0 splitscreen connections with owner deletion
[2020.05.14-00.53.16:110][ 16]LogWorld: UWorld::CleanupWorld for None, bSessionEnded=true, bCleanupResources=true
[2020.05.14-00.53.16:111][ 16]LogExit: Editor shut down
[2020.05.14-00.53.16:111][ 16]LogExit: Transaction tracking system shut down
[2020.05.14-00.53.19:406][ 16]LogExit: Object subsystem successfully closed.
[2020.05.14-00.53.19:647][ 16]LogShaderCompilers: Display: Shaders left to compile 0
[2020.05.14-00.53.21:923][ 16]LogModuleManager: Shutting down and abandoning module HierarchicalLODOutliner (680)
[2020.05.14-00.53.21:924][ 16]LogModuleManager: Shutting down and abandoning module SceneOutliner (678)
[2020.05.14-00.53.21:924][ 16]LogModuleManager: Shutting down and abandoning module AddContentDialog (676)
[2020.05.14-00.53.21:952][ 16]LogModuleManager: Shutting down and abandoning module WidgetCarousel (675)
[2020.05.14-00.53.21:952][ 16]LogModuleManager: Shutting down and abandoning module EditorWidgets (672)
[2020.05.14-00.53.21:952][ 16]LogModuleManager: Shutting down and abandoning module CollectionManager (670)
[2020.05.14-00.53.21:968][ 16]LogModuleManager: Shutting down and abandoning module StatsViewer (668)
[2020.05.14-00.53.21:988][ 16]LogModuleManager: Shutting down and abandoning module VirtualTexturingEditor (666)
[2020.05.14-00.53.22:003][ 16]LogModuleManager: Shutting down and abandoning module FoliageEdit (664)
[2020.05.14-00.53.22:025][ 16]LogModuleManager: Shutting down and abandoning module LandscapeEditor (662)
[2020.05.14-00.53.22:115][ 16]LogModuleManager: Shutting down and abandoning module MeshPaintMode (660)
[2020.05.14-00.53.22:115][ 16]LogModuleManager: Shutting down and abandoning module SceneDepthPickerMode (658)
[2020.05.14-00.53.22:115][ 16]LogModuleManager: Shutting down and abandoning module ActorPickerMode (656)
[2020.05.14-00.53.22:115][ 16]LogModuleManager: Shutting down and abandoning module GeometryMode (654)
[2020.05.14-00.53.22:115][ 16]LogModuleManager: Shutting down and abandoning module TextureAlignMode (652)
[2020.05.14-00.53.22:115][ 16]LogModuleManager: Shutting down and abandoning module BspMode (650)
[2020.05.14-00.53.22:115][ 16]LogModuleManager: Shutting down and abandoning module PIEPreviewDeviceProfileSelector (648)
[2020.05.14-00.53.22:141][ 16]LogModuleManager: Shutting down and abandoning module SequenceRecorderSections (646)
[2020.05.14-00.53.22:156][ 16]LogModuleManager: Shutting down and abandoning module AutomationWorker (644)
[2020.05.14-00.53.22:156][ 16]LogModuleManager: Shutting down and abandoning module AudioCaptureEditor (642)
[2020.05.14-00.53.22:156][ 16]LogModuleManager: Shutting down and abandoning module MatineeToLevelSequence (640)
[2020.05.14-00.53.22:162][ 16]LogModuleManager: Shutting down and abandoning module LevelSequenceEditor (638)
[2020.05.14-00.53.22:221][ 16]LogModuleManager: Shutting down and abandoning module PlacementMode (637)
[2020.05.14-00.53.22:221][ 16]LogModuleManager: Shutting down and abandoning module MaterialEditor (636)
[2020.05.14-00.53.22:256][ 16]LogModuleManager: Shutting down and abandoning module ActorSequenceEditor (632)
[2020.05.14-00.53.22:291][ 16]LogModuleManager: Shutting down and abandoning module WmfMediaFactory (630)
[2020.05.14-00.53.22:291][ 16]LogModuleManager: Shutting down and abandoning module WmfMediaEditor (628)
[2020.05.14-00.53.22:291][ 16]LogModuleManager: Shutting down and abandoning module WebMMediaFactory (626)
[2020.05.14-00.53.22:291][ 16]LogModuleManager: Shutting down and abandoning module WebMMediaEditor (624)
[2020.05.14-00.53.22:291][ 16]LogModuleManager: Shutting down and abandoning module WebMMedia (622)
[2020.05.14-00.53.22:324][ 16]LogModuleManager: Shutting down and abandoning module MediaPlayerEditor (620)
[2020.05.14-00.53.22:431][ 16]LogModuleManager: Shutting down and abandoning module MediaCompositingEditor (618)
[2020.05.14-00.53.22:527][ 16]LogModuleManager: Shutting down and abandoning module SequenceRecorder (617)
[2020.05.14-00.53.22:527][ 16]LogModuleManager: Shutting down and abandoning module OpenExrWrapper (614)
[2020.05.14-00.53.22:527][ 16]LogModuleManager: Shutting down and abandoning module ImgMediaFactory (612)
[2020.05.14-00.53.22:527][ 16]LogModuleManager: Shutting down and abandoning module ImgMediaEditor (610)
[2020.05.14-00.53.22:527][ 16]LogModuleManager: Shutting down and abandoning module AvfMediaFactory (608)
[2020.05.14-00.53.22:527][ 16]LogModuleManager: Shutting down and abandoning module AvfMediaEditor (606)
[2020.05.14-00.53.22:527][ 16]LogModuleManager: Shutting down and abandoning module AndroidMediaFactory (604)
[2020.05.14-00.53.22:527][ 16]LogModuleManager: Shutting down and abandoning module AndroidMediaEditor (602)
[2020.05.14-00.53.22:527][ 16]LogModuleManager: Shutting down and abandoning module MagicLeapMediaCodecFactory (600)
[2020.05.14-00.53.22:527][ 16]LogModuleManager: Shutting down and abandoning module MagicLeapMediaFactory (598)
[2020.05.14-00.53.22:527][ 16]LogModuleManager: Shutting down and abandoning module MagicLeapMediaEditor (596)
[2020.05.14-00.53.22:527][ 16]LogModuleManager: Shutting down and abandoning module CharacterAI (594)
[2020.05.14-00.53.22:527][ 16]LogModuleManager: Shutting down and abandoning module SmartSnapping (592)
[2020.05.14-00.53.22:527][ 16]LogModuleManager: Shutting down and abandoning module SessionServices (590)
[2020.05.14-00.53.22:527][ 16]LogModuleManager: Shutting down and abandoning module MeshPaint (588)
[2020.05.14-00.53.22:638][ 16]LogModuleManager: Shutting down and abandoning module ViewportSnapping (586)
[2020.05.14-00.53.22:638][ 16]LogModuleManager: Shutting down and abandoning module ViewportInteraction (584)
[2020.05.14-00.53.22:638][ 16]LogModuleManager: Shutting down and abandoning module ClothPainter (582)
[2020.05.14-00.53.22:748][ 16]LogModuleManager: Shutting down and abandoning module SkeletalMeshEditor (581)
[2020.05.14-00.53.22:758][ 16]LogModuleManager: Shutting down and abandoning module LogVisualizer (578)
[2020.05.14-00.53.22:813][ 16]LogModuleManager: Shutting down and abandoning module IntroTutorials (576)
[2020.05.14-00.53.22:876][ 16]LogModuleManager: Shutting down and abandoning module GameProjectGeneration (575)
[2020.05.14-00.53.22:888][ 16]LogModuleManager: Shutting down and abandoning module LuminPlatformEditor (572)
[2020.05.14-00.53.22:888][ 16]LogModuleManager: Shutting down and abandoning module IOSPlatformEditor (570)
[2020.05.14-00.53.22:902][ 16]LogModuleManager: Shutting down and abandoning module AndroidPlatformEditor (568)
[2020.05.14-00.53.22:917][ 16]LogModuleManager: Shutting down and abandoning module AndroidDeviceDetection (567)
[2020.05.14-00.53.23:643][ 16]LogModuleManager: Shutting down and abandoning module WindowsPlatformEditor (564)
[2020.05.14-00.53.23:643][ 16]LogModuleManager: Shutting down and abandoning module LuminRuntimeSettings (562)
[2020.05.14-00.53.23:643][ 16]LogModuleManager: Shutting down and abandoning module IOSRuntimeSettings (560)
[2020.05.14-00.53.23:643][ 16]LogModuleManager: Shutting down and abandoning module AndroidRuntimeSettings (558)
[2020.05.14-00.53.23:643][ 16]LogModuleManager: Shutting down and abandoning module EditorInteractiveToolsFramework (556)
[2020.05.14-00.53.23:643][ 16]LogModuleManager: Shutting down and abandoning module TimeManagementEditor (554)
[2020.05.14-00.53.23:643][ 16]LogModuleManager: Shutting down and abandoning module InputBindingEditor (552)
[2020.05.14-00.53.23:665][ 16]LogModuleManager: Shutting down and abandoning module MergeActors (550)
[2020.05.14-00.53.23:691][ 16]LogModuleManager: Shutting down and abandoning module LocalizationDashboard (548)
[2020.05.14-00.53.23:705][ 16]LogModuleManager: Shutting down and abandoning module LocalizationService (547)
[2020.05.14-00.53.23:716][ 16]LogModuleManager: Shutting down and abandoning module HardwareTargeting (544)
[2020.05.14-00.53.23:716][ 16]LogModuleManager: Shutting down and abandoning module DeviceProfileEditor (542)
[2020.05.14-00.53.23:717][ 16]LogModuleManager: Shutting down and abandoning module UndoHistory (540)
[2020.05.14-00.53.23:734][ 16]LogModuleManager: Shutting down and abandoning module XmlParser (538)
[2020.05.14-00.53.23:746][ 16]LogModuleManager: Shutting down and abandoning module Blutility (536)
[2020.05.14-00.53.23:746][ 16]LogModuleManager: Shutting down and abandoning module ProjectSettingsViewer (534)
[2020.05.14-00.53.23:746][ 16]LogModuleManager: Shutting down and abandoning module ProjectTargetPlatformEditor (533)
[2020.05.14-00.53.23:746][ 16]LogModuleManager: Shutting down and abandoning module EditorSettingsViewer (530)
[2020.05.14-00.53.23:746][ 16]LogModuleManager: Shutting down and abandoning module SettingsEditor (528)
[2020.05.14-00.53.23:843][ 16]LogModuleManager: Shutting down and abandoning module ProjectLauncher (526)
[2020.05.14-00.53.23:862][ 16]LogModuleManager: Shutting down and abandoning module SessionFrontend (524)
[2020.05.14-00.53.23:875][ 16]LogModuleManager: Shutting down and abandoning module ProfilerClient (522)
[2020.05.14-00.53.23:891][ 16]LogModuleManager: Shutting down and abandoning module DeviceManager (520)
[2020.05.14-00.53.23:905][ 16]LogModuleManager: Shutting down and abandoning module TargetDeviceServices (519)
[2020.05.14-00.53.23:938][ 16]LogModuleManager: Shutting down and abandoning module AutomationController (516)
[2020.05.14-00.53.23:938][ 16]LogModuleManager: Shutting down and abandoning module AutomationWindow (514)
[2020.05.14-00.53.23:944][ 16]LogModuleManager: Shutting down and abandoning module Layers (512)
[2020.05.14-00.53.23:967][ 16]LogModuleManager: Shutting down and abandoning module ComponentVisualizers (510)
[2020.05.14-00.53.23:967][ 16]LogModuleManager: Shutting down and abandoning module DetailCustomizations (508)
[2020.05.14-00.53.23:993][ 16]LogModuleManager: Shutting down and abandoning module PackagesDialog (506)
[2020.05.14-00.53.24:055][ 16]LogModuleManager: Shutting down and abandoning module AnimationBlueprintEditor (504)
[2020.05.14-00.53.24:107][ 16]LogModuleManager: Shutting down and abandoning module Persona (502)
[2020.05.14-00.53.24:132][ 16]LogModuleManager: Shutting down and abandoning module AdvancedPreviewScene (501)
[2020.05.14-00.53.24:132][ 16]LogModuleManager: Shutting down and abandoning module AnimGraph (499)
[2020.05.14-00.53.24:146][ 16]LogModuleManager: Shutting down and abandoning module Kismet (496)
[2020.05.14-00.53.24:173][ 16]LogModuleManager: Shutting down and abandoning module KismetWidgets (495)
[2020.05.14-00.53.24:187][ 16]LogModuleManager: Shutting down and abandoning module GraphEditor (492)
[2020.05.14-00.53.24:226][ 16]LogModuleManager: Shutting down and abandoning module StructViewer (490)
[2020.05.14-00.53.24:226][ 16]LogModuleManager: Shutting down and abandoning module ClassViewer (488)
[2020.05.14-00.53.24:226][ 16]LogModuleManager: Shutting down and abandoning module Toolbox (486)
[2020.05.14-00.53.24:226][ 16]LogModuleManager: Shutting down and abandoning module ModuleUI (484)
[2020.05.14-00.53.24:242][ 16]LogModuleManager: Shutting down and abandoning module OutputLog (482)
[2020.05.14-00.53.24:302][ 16]LogModuleManager: Shutting down and abandoning module GammaUI (480)
[2020.05.14-00.53.24:316][ 16]LogModuleManager: Shutting down and abandoning module Documentation (478)
[2020.05.14-00.53.24:316][ 16]LogModuleManager: Shutting down and abandoning module ToolMenus (476)
[2020.05.14-00.53.24:316][ 16]LogModuleManager: Shutting down and abandoning module LiveCoding (474)
[2020.05.14-00.53.24:331][ 16]LogModuleManager: Shutting down and abandoning module LevelSequence (472)
[2020.05.14-00.53.24:331][ 16]LogModuleManager: Shutting down and abandoning module MovieSceneTracks (470)
[2020.05.14-00.53.24:331][ 16]LogModuleManager: Shutting down and abandoning module MovieScene (468)
[2020.05.14-00.53.24:350][ 16]LogModuleManager: Shutting down and abandoning module StreamingPauseRendering (466)
[2020.05.14-00.53.24:364][ 16]LogModuleManager: Shutting down and abandoning module LauncherPlatform (464)
[2020.05.14-00.53.24:364][ 16]LogModuleManager: Shutting down and abandoning module AnalyticsET (462)
[2020.05.14-00.53.24:364][ 16]LogModuleManager: Shutting down and abandoning module PortalServices (460)
[2020.05.14-00.53.24:364][ 16]LogModuleManager: Shutting down and abandoning module PortalRpc (458)
[2020.05.14-00.53.24:364][ 16]LogModuleManager: Shutting down and abandoning module MessagingRpc (456)
[2020.05.14-00.53.24:364][ 16]LogModuleManager: Shutting down and abandoning module AudioMixerXAudio2 (454)
[2020.05.14-00.53.24:364][ 16]LogModuleManager: Shutting down and abandoning module AIModule (452)
[2020.05.14-00.53.24:379][ 16]LogModuleManager: Shutting down and abandoning module GameplayDebugger (451)
[2020.05.14-00.53.24:387][ 16]LogModuleManager: Shutting down and abandoning module AITestSuite (449)
[2020.05.14-00.53.24:387][ 16]LogModuleManager: Shutting down and abandoning module NavigationSystem (447)
[2020.05.14-00.53.24:387][ 16]LogModuleManager: Shutting down and abandoning module ImageWriteQueue (444)
[2020.05.14-00.53.24:392][ 16]LogModuleManager: Shutting down and abandoning module ProfilerService (442)
[2020.05.14-00.53.24:483][ 16]LogModuleManager: Shutting down and abandoning module TaskGraph (440)
[2020.05.14-00.53.24:540][ 16]LogModuleManager: Shutting down and abandoning module ScreenshotTools (438)
[2020.05.14-00.53.24:540][ 16]LogModuleManager: Shutting down and abandoning module ProceduralMeshComponentEditor (436)
[2020.05.14-00.53.24:540][ 16]LogModuleManager: Shutting down and abandoning module ProceduralMeshComponent (434)
[2020.05.14-00.53.24:540][ 16]LogModuleManager: Shutting down and abandoning module MobilePatchingUtils (432)
[2020.05.14-00.53.24:540][ 16]LogModuleManager: Shutting down and abandoning module EditableMesh (430)
[2020.05.14-00.53.24:559][ 16]LogModuleManager: Shutting down and abandoning module CustomMeshComponent (428)
[2020.05.14-00.53.24:559][ 16]LogModuleManager: Shutting down and abandoning module CableComponent (426)
[2020.05.14-00.53.24:559][ 16]LogModuleManager: Shutting down and abandoning module AudioCapture (424)
[2020.05.14-00.53.24:559][ 16]LogModuleManager: Shutting down and abandoning module AudioCaptureRtAudio (423)
[2020.05.14-00.53.24:559][ 16]LogModuleManager: Shutting down and abandoning module AssetTags (420)
[2020.05.14-00.53.24:560][ 16]LogModuleManager: Shutting down and abandoning module ArchVisCharacter (418)
[2020.05.14-00.53.24:560][ 16]LogModuleManager: Shutting down and abandoning module AppleImageUtilsBlueprintSupport (416)
[2020.05.14-00.53.24:560][ 16]LogModuleManager: Shutting down and abandoning module AppleImageUtils (414)
[2020.05.14-00.53.24:560][ 16]LogModuleManager: Shutting down and abandoning module AndroidPermission (412)
[2020.05.14-00.53.24:560][ 16]LogModuleManager: Shutting down and abandoning module NUTUnrealEngine4 (410)
[2020.05.14-00.53.24:575][ 16]LogModuleManager: Shutting down and abandoning module NetcodeUnitTest (408)
[2020.05.14-00.53.24:594][ 16]LogModuleManager: Shutting down and abandoning module MediaCompositing (406)
[2020.05.14-00.53.24:594][ 16]LogModuleManager: Shutting down and abandoning module ImgMedia (404)
[2020.05.14-00.53.24:594][ 16]LogModuleManager: Shutting down and abandoning module MagicLeapHelperVulkan (402)
[2020.05.14-00.53.24:594][ 16]LogModuleManager: Shutting down and abandoning module MagicLeapHelperOpenGL (400)
[2020.05.14-00.53.24:594][ 16]LogModuleManager: Shutting down and abandoning module MagicLeapAudio (398)
[2020.05.14-00.53.24:594][ 16]LogModuleManager: Shutting down and abandoning module GeometryCacheTracks (396)
[2020.05.14-00.53.24:594][ 16]LogModuleManager: Shutting down and abandoning module GeometryCacheSequencer (394)
[2020.05.14-00.53.24:594][ 16]LogModuleManager: Shutting down and abandoning module BackChannel (392)
[2020.05.14-00.53.24:610][ 16]LogModuleManager: Shutting down and abandoning module AutomationUtilsEditor (390)
[2020.05.14-00.53.24:610][ 16]LogModuleManager: Shutting down and abandoning module AutomationUtils (388)
[2020.05.14-00.53.24:610][ 16]LogModuleManager: Shutting down and abandoning module AlembicImporter (386)
[2020.05.14-00.53.24:620][ 16]LogModuleManager: Shutting down and abandoning module AlembicLibrary (385)
[2020.05.14-00.53.24:635][ 16]LogModuleManager: Shutting down and abandoning module GeometryCache (384)
[2020.05.14-00.53.24:635][ 16]LogModuleManager: Shutting down and abandoning module GeometryCacheEd (383)
[2020.05.14-00.53.24:635][ 16]LogModuleManager: Shutting down and abandoning module VariantManagerContentEditor (378)
[2020.05.14-00.53.24:648][ 16]LogModuleManager: Shutting down and abandoning module DatasmithContentEditor (376)
[2020.05.14-00.53.24:674][ 16]LogModuleManager: Shutting down and abandoning module SpeedTreeImporter (374)
[2020.05.14-00.53.24:674][ 16]LogModuleManager: Shutting down and abandoning module PluginBrowser (372)
[2020.05.14-00.53.24:696][ 16]LogModuleManager: Shutting down and abandoning module MobileLauncherProfileWizard (370)
[2020.05.14-00.53.24:720][ 16]LogModuleManager: Shutting down and abandoning module MaterialAnalyzer (368)
[2020.05.14-00.53.24:728][ 16]LogModuleManager: Shutting down and abandoning module CurveEditorTools (366)
[2020.05.14-00.53.24:790][ 16]LogModuleManager: Shutting down and abandoning module CryptoKeysOpenSSL (364)
[2020.05.14-00.53.24:790][ 16]LogModuleManager: Shutting down and abandoning module CryptoKeys (362)
[2020.05.14-00.53.24:790][ 16]LogModuleManager: Shutting down and abandoning module VisualStudioSourceCodeAccess (360)
[2020.05.14-00.53.24:809][ 16]LogModuleManager: Shutting down and abandoning module VisualStudioCodeSourceCodeAccess (358)
[2020.05.14-00.53.24:810][ 16]LogModuleManager: Shutting down and abandoning module UObjectPlugin (356)
[2020.05.14-00.53.24:810][ 16]LogModuleManager: Shutting down and abandoning module SubversionSourceControl (354)
[2020.05.14-00.53.24:840][ 16]LogModuleManager: Shutting down and abandoning module PlasticSourceControl (352)
[2020.05.14-00.53.24:865][ 16]LogModuleManager: Shutting down and abandoning module PerforceSourceControl (350)
[2020.05.14-00.53.24:890][ 16]LogModuleManager: Shutting down and abandoning module GitSourceControl (348)
[2020.05.14-00.53.24:915][ 16]LogModuleManager: Shutting down and abandoning module SourceControl (347)
[2020.05.14-00.53.24:915][ 16]LogModuleManager: Shutting down and abandoning module CLionSourceCodeAccess (344)
[2020.05.14-00.53.24:934][ 16]LogModuleManager: Shutting down and abandoning module AnimationSharingEd (342)
[2020.05.14-00.53.24:935][ 16]LogModuleManager: Shutting down and abandoning module ActorLayerUtilitiesEditor (340)
[2020.05.14-00.53.24:935][ 16]LogModuleManager: Shutting down and abandoning module ActorLayerUtilities (338)
[2020.05.14-00.53.24:935][ 16]LogModuleManager: Shutting down and abandoning module LightPropagationVolumeEditor (336)
[2020.05.14-00.53.24:935][ 16]LogModuleManager: Shutting down and abandoning module PaperTiledImporter (334)
[2020.05.14-00.53.24:935][ 16]LogModuleManager: Shutting down and abandoning module PaperSpriteSheetImporter (332)
[2020.05.14-00.53.24:935][ 16]LogModuleManager: Shutting down and abandoning module Paper2DEditor (330)
[2020.05.14-00.53.24:963][ 16]LogModuleManager: Shutting down and abandoning module SignificanceManager (328)
[2020.05.14-00.53.24:963][ 16]LogModuleManager: Shutting down and abandoning module RuntimePhysXCooking (326)
[2020.05.14-00.53.24:963][ 16]LogModuleManager: Shutting down and abandoning module PhysXVehiclesEditor (324)
[2020.05.14-00.53.24:963][ 16]LogModuleManager: Shutting down and abandoning module LocationServicesBPLibrary (320)
[2020.05.14-00.53.24:963][ 16]LogModuleManager: Shutting down and abandoning module ActorSequence (318)
[2020.05.14-00.53.24:963][ 16]LogModuleManager: Shutting down and abandoning module UdpMessaging (316)
[2020.05.14-00.53.25:063][ 16]LogModuleManager: Shutting down and abandoning module TcpMessaging (314)
[2020.05.14-00.53.25:197][ 16]LogModuleManager: Shutting down and abandoning module MagicLeapPrivileges (312)
[2020.05.14-00.53.25:207][ 16]LogModuleManager: Shutting down and abandoning module MagicLeapPlanes (310)
[2020.05.14-00.53.25:240][ 16]LogMagicLeapPlanes: Planes tracker already destroyed.
[2020.05.14-00.53.25:240][ 16]LogModuleManager: Shutting down and abandoning module MagicLeapIdentity (308)
[2020.05.14-00.53.25:240][ 16]LogModuleManager: Shutting down and abandoning module MagicLeapSecureStorage (306)
[2020.05.14-00.53.25:240][ 16]LogModuleManager: Shutting down and abandoning module MagicLeapImageTracker (304)
[2020.05.14-00.53.25:240][ 16]LogModuleManager: Shutting down and abandoning module MagicLeapHandTracking (302)
[2020.05.14-00.53.25:240][ 16]LogModuleManager: Shutting down and abandoning module MagicLeapHandMeshing (300)
[2020.05.14-00.53.25:251][ 16]LogModuleManager: Shutting down and abandoning module MagicLeapEyeTracker (298)
[2020.05.14-00.53.25:251][ 16]LogModuleManager: Shutting down and abandoning module MagicLeapController (296)
[2020.05.14-00.53.25:292][ 16]LogSlate: Slate User Destroyed.  User Index 0, Is Virtual User: 0
[2020.05.14-00.53.25:292][ 16]LogModuleManager: Shutting down and abandoning module MagicLeapARPin (294)
[2020.05.14-00.53.25:292][ 16]LogModuleManager: Shutting down and abandoning module MagicLeapAR (292)
[2020.05.14-00.53.25:292][ 16]LogModuleManager: Shutting down and abandoning module AugmentedReality (291)
[2020.05.14-00.53.25:292][ 16]LogModuleManager: Shutting down and abandoning module GameplayTagsEditor (288)
[2020.05.14-00.53.25:302][ 16]LogModuleManager: Shutting down and abandoning module FacialAnimationEditor (286)
[2020.05.14-00.53.25:302][ 16]LogModuleManager: Shutting down and abandoning module FacialAnimation (284)
[2020.05.14-00.53.25:302][ 16]LogModuleManager: Shutting down and abandoning module DataValidation (282)
[2020.05.14-00.53.25:303][ 16]LogModuleManager: Shutting down and abandoning module AssetManagerEditor (280)
[2020.05.14-00.53.25:327][ 16]LogModuleManager: Shutting down and abandoning module LevelEditor (279)
[2020.05.14-00.53.25:356][ 16]LogModuleManager: Shutting down and abandoning module PixelInspectorModule (278)
[2020.05.14-00.53.25:381][ 16]LogModuleManager: Shutting down and abandoning module CommonMenuExtensions (276)
[2020.05.14-00.53.25:381][ 16]LogModuleManager: Shutting down and abandoning module MainFrame (274)
[2020.05.14-00.53.25:381][ 16]LogModuleManager: Shutting down and abandoning module HotReload (273)
[2020.05.14-00.53.25:403][ 16]LogModuleManager: Shutting down and abandoning module ContentBrowser (269)
[2020.05.14-00.53.25:404][ 16]LogModuleManager: Shutting down and abandoning module TreeMap (267)
[2020.05.14-00.53.25:420][ 16]LogModuleManager: Shutting down and abandoning module AnimationSharing (264)
[2020.05.14-00.53.25:420][ 16]LogModuleManager: Shutting down and abandoning module LightPropagationVolumeRuntime (262)
[2020.05.14-00.53.25:420][ 16]LogModuleManager: Shutting down and abandoning module Paper2D (260)
[2020.05.14-00.53.25:437][ 16]LogModuleManager: Shutting down and abandoning module WindowsMoviePlayer (258)
[2020.05.14-00.53.25:458][ 16]LogModuleManager: Shutting down and abandoning module WebMMoviePlayer (256)
[2020.05.14-00.53.25:468][ 16]LogModuleManager: Shutting down and abandoning module NetworkReplayStreaming (254)
[2020.05.14-00.53.25:468][ 16]LogModuleManager: Shutting down and abandoning module PacketHandler (252)
[2020.05.14-00.53.25:468][ 16]LogModuleManager: Shutting down and abandoning module ClothingSystemEditor (250)
[2020.05.14-00.53.25:468][ 16]LogModuleManager: Shutting down and abandoning module ClothingSystemRuntimeNv (248)
[2020.05.14-00.53.25:508][ 16]LogModuleManager: Shutting down and abandoning module MediaAssets (246)
[2020.05.14-00.53.25:508][ 16]LogModuleManager: Shutting down and abandoning module Overlay (244)
[2020.05.14-00.53.25:508][ 16]LogModuleManager: Shutting down and abandoning module OverlayEditor (243)
[2020.05.14-00.53.25:508][ 16]LogModuleManager: Shutting down and abandoning module VREditor (240)
[2020.05.14-00.53.25:553][ 16]LogModuleManager: Shutting down and abandoning module StringTableEditor (238)
[2020.05.14-00.53.25:571][ 16]LogModuleManager: Shutting down and abandoning module GameplayTasksEditor (236)
[2020.05.14-00.53.25:589][ 16]LogModuleManager: Shutting down and abandoning module BehaviorTreeEditor (234)
[2020.05.14-00.53.25:621][ 16]LogModuleManager: Shutting down and abandoning module FunctionalTesting (232)
[2020.05.14-00.53.25:635][ 16]LogModuleManager: Shutting down and abandoning module CollisionAnalyzer (230)
[2020.05.14-00.53.25:663][ 16]LogModuleManager: Shutting down and abandoning module WorkspaceMenuStructure (229)
[2020.05.14-00.53.25:678][ 16]LogModuleManager: Shutting down and abandoning module UMG (226)
[2020.05.14-00.53.25:691][ 16]LogModuleManager: Shutting down and abandoning module UMGEditor (225)
[2020.05.14-00.53.25:731][ 16]LogModuleManager: Shutting down and abandoning module MessageLog (223)
[2020.05.14-00.53.25:731][ 16]LogModuleManager: Shutting down and abandoning module SlateReflector (218)
[2020.05.14-00.53.25:758][ 16]LogModuleManager: Shutting down and abandoning module Slate (216)
[2020.05.14-00.53.25:758][ 16]LogModuleManager: Shutting down and abandoning module SlateCore (214)
[2020.05.14-00.53.25:758][ 16]LogModuleManager: Shutting down and abandoning module LandscapeEditorUtilities (212)
[2020.05.14-00.53.25:758][ 16]LogModuleManager: Shutting down and abandoning module UnrealEd (210)
[2020.05.14-00.53.25:777][ 16]LogModuleManager: Shutting down and abandoning module MRMesh (208)
[2020.05.14-00.53.25:777][ 16]LogModuleManager: Shutting down and abandoning module SourceCodeAccess (206)
[2020.05.14-00.53.25:777][ 16]LogModuleManager: Shutting down and abandoning module HeadMountedDisplay (204)
[2020.05.14-00.53.25:792][ 16]LogModuleManager: Shutting down and abandoning module XAudio2 (202)
[2020.05.14-00.53.25:808][ 16]LogModuleManager: Shutting down and abandoning module Networking (200)
[2020.05.14-00.53.25:808][ 16]LogModuleManager: Shutting down and abandoning module Core (198)
[2020.05.14-00.53.25:808][ 16]LogModuleManager: Shutting down and abandoning module MovieSceneTools (196)
[2020.05.14-00.53.25:845][ 16]LogModuleManager: Shutting down and abandoning module CurveEditor (195)
[2020.05.14-00.53.25:854][ 16]LogModuleManager: Shutting down and abandoning module Sequencer (193)
[2020.05.14-00.53.25:933][ 16]LogModuleManager: Shutting down and abandoning module EditorStyle (192)
[2020.05.14-00.53.25:934][ 16]LogModuleManager: Shutting down and abandoning module KismetCompiler (188)
[2020.05.14-00.53.25:934][ 16]LogModuleManager: Shutting down and abandoning module MeshUtilities (186)
[2020.05.14-00.53.25:934][ 16]LogModuleManager: Shutting down and abandoning module MeshMergeUtilities (185)
[2020.05.14-00.53.25:952][ 16]LogModuleManager: Shutting down and abandoning module MeshReductionInterface (184)
[2020.05.14-00.53.25:953][ 16]LogModuleManager: Shutting down and abandoning module MeshBoneReduction (183)
[2020.05.14-00.53.25:994][ 16]LogModuleManager: Shutting down and abandoning module SkeletalMeshReduction (181)
[2020.05.14-00.53.26:017][ 16]LogModuleManager: Shutting down and abandoning module ProxyLODMeshReduction (179)
[2020.05.14-00.53.26:044][ 16]LogModuleManager: Shutting down and abandoning module QuadricMeshReduction (177)
[2020.05.14-00.53.26:053][ 16]LogModuleManager: Shutting down and abandoning module MaterialBaking (173)
[2020.05.14-00.53.26:081][ 16]LogModuleManager: Shutting down and abandoning module NullInstallBundleManager (168)
[2020.05.14-00.53.26:081][ 16]LogModuleManager: Shutting down and abandoning module DerivedDataCache (166)
[2020.05.14-00.53.26:081][ 16]LogDerivedDataCache: Shutdown
[2020.05.14-00.53.26:091][ 16]LogModuleManager: Shutting down and abandoning module XGEController (164)
[2020.05.14-00.53.26:092][ 16]LogModuleManager: Shutting down and abandoning module TargetPlatform (162)
[2020.05.14-00.53.26:092][ 16]LogModuleManager: Shutting down and abandoning module VulkanShaderFormat (161)
[2020.05.14-00.53.26:106][ 16]LogModuleManager: Shutting down and abandoning module ShaderFormatVectorVM (159)
[2020.05.14-00.53.26:124][ 16]LogModuleManager: Shutting down and abandoning module ShaderFormatOpenGL (157)
[2020.05.14-00.53.26:131][ 16]LogModuleManager: Shutting down and abandoning module ShaderFormatD3D (155)
[2020.05.14-00.53.26:131][ 16]LogModuleManager: Shutting down and abandoning module MetalShaderFormat (153)
[2020.05.14-00.53.26:152][ 16]LogModuleManager: Shutting down and abandoning module TextureFormatUncompressed (151)
[2020.05.14-00.53.26:152][ 16]LogModuleManager: Shutting down and abandoning module TextureFormatPVR (149)
[2020.05.14-00.53.26:153][ 16]LogModuleManager: Shutting down and abandoning module TextureFormatDXT (147)
[2020.05.14-00.53.26:172][ 16]LogModuleManager: Shutting down and abandoning module TextureFormatIntelISPCTexComp (145)
[2020.05.14-00.53.26:182][ 16]LogModuleManager: Shutting down and abandoning module TextureFormatASTC (143)
[2020.05.14-00.53.26:182][ 16]LogModuleManager: Shutting down and abandoning module ImageWrapper (142)
[2020.05.14-00.53.26:182][ 16]LogModuleManager: Shutting down and abandoning module TextureFormatAndroid (139)
[2020.05.14-00.53.26:182][ 16]LogModuleManager: Shutting down and abandoning module AudioFormatOpus (137)
[2020.05.14-00.53.26:195][ 16]LogModuleManager: Shutting down and abandoning module AudioFormatOgg (135)
[2020.05.14-00.53.26:195][ 16]LogModuleManager: Shutting down and abandoning module AudioFormatADPCM (133)
[2020.05.14-00.53.26:195][ 16]LogModuleManager: Shutting down and abandoning module WindowsServerTargetPlatform (131)
[2020.05.14-00.53.26:195][ 16]LogModuleManager: Shutting down and abandoning module WindowsClientTargetPlatform (129)
[2020.05.14-00.53.26:195][ 16]LogModuleManager: Shutting down and abandoning module WindowsTargetPlatform (127)
[2020.05.14-00.53.26:195][ 16]LogModuleManager: Shutting down and abandoning module WindowsNoEditorTargetPlatform (125)
[2020.05.14-00.53.26:195][ 16]LogModuleManager: Shutting down and abandoning module TVOSTargetPlatform (123)
[2020.05.14-00.53.26:242][ 16]LogModuleManager: Shutting down and abandoning module LuminTargetPlatform (121)
[2020.05.14-00.53.26:285][ 16]LogModuleManager: Shutting down and abandoning module LinuxAArch64ServerTargetPlatform (119)
[2020.05.14-00.53.26:286][ 16]LogModuleManager: Shutting down and abandoning module LinuxAArch64ClientTargetPlatform (117)
[2020.05.14-00.53.26:306][ 16]LogModuleManager: Shutting down and abandoning module LinuxAArch64NoEditorTargetPlatform (115)
[2020.05.14-00.53.26:312][ 16]LogModuleManager: Shutting down and abandoning module LinuxServerTargetPlatform (113)
[2020.05.14-00.53.26:312][ 16]LogModuleManager: Shutting down and abandoning module LinuxClientTargetPlatform (111)
[2020.05.14-00.53.26:317][ 16]LogModuleManager: Shutting down and abandoning module LinuxNoEditorTargetPlatform (109)
[2020.05.14-00.53.26:334][ 16]LogModuleManager: Shutting down and abandoning module Messaging (107)
[2020.05.14-00.53.26:334][ 16]LogModuleManager: Shutting down and abandoning module IOSTargetPlatform (105)
[2020.05.14-00.53.26:334][ 16]LogModuleManager: Shutting down and abandoning module AndroidTargetPlatform (103)
[2020.05.14-00.53.26:340][ 16]LogModuleManager: Shutting down and abandoning module AllDesktopTargetPlatform (101)
[2020.05.14-00.53.26:340][ 16]LogModuleManager: Shutting down and abandoning module InputCore (98)
[2020.05.14-00.53.26:340][ 16]LogModuleManager: Shutting down and abandoning module Settings (96)
[2020.05.14-00.53.26:340][ 16]LogModuleManager: Shutting down and abandoning module DirectoryWatcher (94)
[2020.05.14-00.53.26:340][ 16]LogModuleManager: Shutting down and abandoning module PhysXCooking (92)
[2020.05.14-00.53.26:340][ 16]LogModuleManager: Shutting down and abandoning module ChaosSolvers (90)
[2020.05.14-00.53.26:363][ 16]LogModuleManager: Shutting down and abandoning module FieldSystemEngine (89)
[2020.05.14-00.53.26:363][ 16]LogModuleManager: Shutting down and abandoning module Chaos (86)
[2020.05.14-00.53.26:363][ 16]LogModuleManager: Shutting down and abandoning module WindowsPlatformFeatures (84)
[2020.05.14-00.53.26:363][ 16]LogModuleManager: Shutting down and abandoning module GameplayMediaEncoder (83)
[2020.05.14-00.53.26:381][ 16]LogModuleManager: Shutting down and abandoning module ExampleDeviceProfileSelector (80)
[2020.05.14-00.53.26:381][ 16]LogModuleManager: Shutting down and abandoning module LauncherChunkInstaller (78)
[2020.05.14-00.53.26:381][ 16]LogModuleManager: Shutting down and abandoning module OnlineBlueprintSupport (76)
[2020.05.14-00.53.26:381][ 16]LogModuleManager: Shutting down and abandoning module OnlineSubsystem (72)
[2020.05.14-00.53.26:419][ 16]LogModuleManager: Shutting down and abandoning module XMPP (67)
[2020.05.14-00.53.26:486][ 16]LogModuleManager: Shutting down and abandoning module WebSockets (66)
[2020.05.14-00.53.26:535][ 16]LogModuleManager: Shutting down and abandoning module HTTP (63)
[2020.05.14-00.53.26:535][ 16]LogHttp: Display: Http module shutting down, but needs to wait on 1 outstanding Http requests:
[2020.05.14-00.53.26:535][ 16]LogHttp: Display: 	verb=[POST] url=[https://datarouter.ol.epicgames.com/datarouter/api/v1/public/data?SessionID=%7B8D7E2987-405A-3FB8-E5F0-A8963FBB7D76%7D&AppID=UEEditor.Rocket.Release&AppVersion=4.24.3-11590370%2B%2B%2BUE4%2BRelease-4.24&UserID=9733a4294cbf787f5f727c9bce6f91c4%7Ccc7e5e5f86114e22888853c7d02a084a%7C9f41c8fb-ef3e-4c89-bc5e-ca76c095229b&AppEnvironment=datacollector-binary&UploadType=eteventstream] refs=[1] status=Processing
[2020.05.14-00.53.26:600][ 16]LogModuleManager: Shutting down and abandoning module SSL (62)
[2020.05.14-00.53.26:601][ 16]LogModuleManager: Shutting down and abandoning module WmfMedia (58)
[2020.05.14-00.53.26:628][ 16]LogModuleManager: Shutting down and abandoning module Media (57)
[2020.05.14-00.53.26:630][ 16]LogModuleManager: Shutting down and abandoning module MagicLeap (54)
[2020.05.14-00.53.26:630][ 16]LogModuleManager: Shutting down and abandoning module VariantManagerContent (52)
[2020.05.14-00.53.26:630][ 16]LogModuleManager: Shutting down and abandoning module DatasmithContent (50)
[2020.05.14-00.53.26:630][ 16]LogModuleManager: Shutting down and abandoning module AISupportModule (48)
[2020.05.14-00.53.26:630][ 16]LogModuleManager: Shutting down and abandoning module DesktopPlatform (46)
[2020.05.14-00.53.26:630][ 16]LogModuleManager: Shutting down and abandoning module PlatformCryptoOpenSSL (44)
[2020.05.14-00.53.26:641][ 16]LogModuleManager: Shutting down and abandoning module PlatformCryptoTypes (42)
[2020.05.14-00.53.26:641][ 16]LogModuleManager: Shutting down and abandoning module PlatformCrypto (40)
[2020.05.14-00.53.26:641][ 16]LogModuleManager: Shutting down and abandoning module AnimationModifiers (38)
[2020.05.14-00.53.26:657][ 16]LogModuleManager: Shutting down and abandoning module PropertyEditor (37)
[2020.05.14-00.53.26:719][ 16]LogModuleManager: Shutting down and abandoning module AudioEditor (34)
[2020.05.14-00.53.26:737][ 16]LogModuleManager: Shutting down and abandoning module TextureCompressor (32)
[2020.05.14-00.53.26:754][ 16]LogModuleManager: Shutting down and abandoning module RenderCore (30)
[2020.05.14-00.53.26:754][ 16]LogModuleManager: Shutting down and abandoning module Landscape (28)
[2020.05.14-00.53.26:754][ 16]LogModuleManager: Shutting down and abandoning module SlateRHIRenderer (26)
[2020.05.14-00.53.26:775][ 16]LogModuleManager: Shutting down and abandoning module OpenGLDrv (24)
[2020.05.14-00.53.26:801][ 16]LogModuleManager: Shutting down and abandoning module D3D11RHI (22)
[2020.05.14-00.53.26:801][ 16]LogModuleManager: Shutting down and abandoning module AnimGraphRuntime (20)
[2020.05.14-00.53.26:820][ 16]LogModuleManager: Shutting down and abandoning module Renderer (18)
[2020.05.14-00.53.26:839][ 16]LogModuleManager: Shutting down and abandoning module Engine (16)
[2020.05.14-00.53.26:839][ 16]LogModuleManager: Shutting down and abandoning module CoreUObject (14)
[2020.05.14-00.53.26:839][ 16]LogModuleManager: Shutting down and abandoning module NetworkFile (12)
[2020.05.14-00.53.26:856][ 16]LogModuleManager: Shutting down and abandoning module CookedIterativeFile (10)
[2020.05.14-00.53.26:856][ 16]LogModuleManager: Shutting down and abandoning module StreamingFile (8)
[2020.05.14-00.53.26:866][ 16]LogModuleManager: Shutting down and abandoning module SandboxFile (6)
[2020.05.14-00.53.26:881][ 16]LogModuleManager: Shutting down and abandoning module PakFile (4)
[2020.05.14-00.53.26:881][ 16]LogModuleManager: Shutting down and abandoning module RSA (3)
[2020.05.14-00.53.26:882][ 16]LogD3D11RHI: Shutdown
[2020.05.14-00.53.26:882][ 16]LogD3D11RHI: CleanupD3DDevice
[2020.05.14-00.53.26:946][ 16]LogExit: Exiting.
[2020.05.14-00.53.26:974][ 16]Log file closed, 05/14/20 02:53:26
