Log file open, 06/04/20 13:00:31
LogWindows: Failed to load 'aqProf.dll' (GetLastError=126)
LogWindows: File 'aqProf.dll' does not exist
LogWindows: Failed to load 'VtuneApi.dll' (GetLastError=126)
LogWindows: File 'VtuneApi.dll' does not exist
LogWindows: Failed to load 'VtuneApi32e.dll' (GetLastError=126)
LogWindows: File 'VtuneApi32e.dll' does not exist
LogConsoleResponse: Display: Failed to find resolution value strings in scalability ini. Falling back to default.
LogInit: Display: Running engine for game: Osmose
LogPlatformFile: Not using cached read wrapper
LogTaskGraph: Started task graph with 5 named threads and 83 total threads with 3 sets of task threads.
LogStats: Stats thread started at 0.110817
LogD3D11RHI: Loaded GFSDK_Aftermath_Lib.x64.dll
LogICUInternationalization: ICU TimeZone Detection - Raw Offset: +0:00, Platform Override: ''
LogPluginManager: Mounting plugin Paper2D
LogPluginManager: Mounting plugin AISupport
LogPluginManager: Mounting plugin LightPropagationVolume
LogPluginManager: Mounting plugin ActorLayerUtilities
LogPluginManager: Mounting plugin AnimationSharing
LogPluginManager: Mounting plugin CLionSourceCodeAccess
LogPluginManager: Mounting plugin CodeLiteSourceCodeAccess
LogPluginManager: Mounting plugin GitSourceControl
LogPluginManager: Mounting plugin KDevelopSourceCodeAccess
LogPluginManager: Mounting plugin NullSourceCodeAccess
LogPluginManager: Mounting plugin PerforceSourceControl
LogPluginManager: Mounting plugin PlasticSourceControl
LogPluginManager: Mounting plugin SubversionSourceControl
LogPluginManager: Mounting plugin UObjectPlugin
LogPluginManager: Mounting plugin VisualStudioCodeSourceCodeAccess
LogPluginManager: Mounting plugin VisualStudioSourceCodeAccess
LogPluginManager: Mounting plugin XCodeSourceCodeAccess
LogPluginManager: Mounting plugin AssetManagerEditor
LogPluginManager: Mounting plugin CryptoKeys
LogPluginManager: Mounting plugin CurveEditorTools
LogPluginManager: Mounting plugin DataValidation
LogPluginManager: Mounting plugin FacialAnimation
LogPluginManager: Mounting plugin GameplayTagsEditor
LogPluginManager: Mounting plugin MacGraphicsSwitching
LogPluginManager: Mounting plugin MaterialAnalyzer
LogPluginManager: Mounting plugin MobileLauncherProfileWizard
LogPluginManager: Mounting plugin PluginBrowser
LogPluginManager: Mounting plugin SpeedTreeImporter
LogPluginManager: Mounting plugin DatasmithContent
LogPluginManager: Mounting plugin VariantManagerContent
LogPluginManager: Mounting plugin AlembicImporter
LogPluginManager: Mounting plugin AutomationUtils
LogPluginManager: Mounting plugin BackChannel
LogPluginManager: Mounting plugin ChaosNiagara
LogPluginManager: Mounting plugin ChaosSolverPlugin
LogPluginManager: Mounting plugin CharacterAI
LogPluginManager: Mounting plugin GeometryCache
LogPluginManager: Mounting plugin PlatformCrypto
LogPluginManager: Mounting plugin ProxyLODPlugin
LogPluginManager: Mounting plugin SkeletalReduction
LogPluginManager: Mounting plugin HoudiniNiagara
LogPluginManager: Mounting plugin Niagara
LogPluginManager: Mounting plugin NiagaraExtras
LogPluginManager: Mounting plugin MagicLeap
LogPluginManager: Mounting plugin MagicLeapMedia
LogPluginManager: Mounting plugin MLSDK
LogPluginManager: Mounting plugin AndroidMedia
LogPluginManager: Mounting plugin AvfMedia
LogPluginManager: Mounting plugin ImgMedia
LogPluginManager: Mounting plugin MediaCompositing
LogPluginManager: Mounting plugin MediaPlayerEditor
LogPluginManager: Mounting plugin WebMMedia
LogPluginManager: Mounting plugin WmfMedia
LogPluginManager: Mounting plugin TcpMessaging
LogPluginManager: Mounting plugin UdpMessaging
LogPluginManager: Mounting plugin ActorSequence
LogPluginManager: Mounting plugin LevelSequenceEditor
LogPluginManager: Mounting plugin MatineeToLevelSequence
LogPluginManager: Mounting plugin NetcodeUnitTest
LogPluginManager: Mounting plugin NUTUnrealEngine4
LogPluginManager: Mounting plugin OnlineSubsystemGooglePlay
LogPluginManager: Mounting plugin OnlineSubsystemIOS
LogPluginManager: Mounting plugin OnlineSubsystem
LogPluginManager: Mounting plugin OnlineSubsystemNull
LogPluginManager: Mounting plugin OnlineSubsystemUtils
LogPluginManager: Mounting plugin LauncherChunkInstaller
LogPluginManager: Mounting plugin AndroidDeviceProfileSelector
LogPluginManager: Mounting plugin AndroidMoviePlayer
LogPluginManager: Mounting plugin AndroidPermission
LogPluginManager: Mounting plugin AppleImageUtils
LogPluginManager: Mounting plugin AppleMoviePlayer
LogPluginManager: Mounting plugin ArchVisCharacter
LogPluginManager: Mounting plugin AssetTags
LogPluginManager: Mounting plugin AudioCapture
LogPluginManager: Mounting plugin CableComponent
LogPluginManager: Mounting plugin CustomMeshComponent
LogPluginManager: Mounting plugin EditableMesh
LogPluginManager: Mounting plugin ExampleDeviceProfileSelector
LogPluginManager: Mounting plugin GoogleCloudMessaging
LogPluginManager: Mounting plugin IOSDeviceProfileSelector
LogPluginManager: Mounting plugin LinuxDeviceProfileSelector
LogPluginManager: Mounting plugin LocationServicesBPLibrary
LogPluginManager: Mounting plugin MobilePatchingUtils
LogPluginManager: Mounting plugin PhysXVehicles
LogPluginManager: Mounting plugin PostSplashScreen
LogPluginManager: Mounting plugin ProceduralMeshComponent
LogPluginManager: Mounting plugin RuntimePhysXCooking
LogPluginManager: Mounting plugin SignificanceManager
LogPluginManager: Mounting plugin WebMMoviePlayer
LogPluginManager: Mounting plugin WindowsMoviePlayer
LogPluginManager: Mounting plugin ScreenshotTools
LogInit: Using libcurl 7.55.1-DEV
LogInit:  - built for x86_64-pc-win32
LogInit:  - supports SSL with OpenSSL/1.1.1
LogInit:  - supports HTTP deflate (compression) using libz 1.2.8
LogInit:  - other features:
LogInit:      CURL_VERSION_SSL
LogInit:      CURL_VERSION_LIBZ
LogInit:      CURL_VERSION_IPV6
LogInit:      CURL_VERSION_ASYNCHDNS
LogInit:      CURL_VERSION_LARGEFILE
LogInit:      CURL_VERSION_IDN
LogInit:  CurlRequestOptions (configurable via config and command line):
LogInit:  - bVerifyPeer = true  - Libcurl will verify peer certificate
LogInit:  - bUseHttpProxy = false  - Libcurl will NOT use HTTP proxy
LogInit:  - bDontReuseConnections = false  - Libcurl will reuse connections
LogInit:  - MaxHostConnections = 16  - Libcurl will limit the number of connections to a host
LogInit:  - LocalHostAddr = Default
LogInit:  - BufferSize = 65536
LogOnline: OSS: Creating online subsystem instance for: NULL
LogInit: WinSock: version 1.1 (2.2), MaxSocks=32767, MaxUdp=65467
LogOnline: OSS: TryLoadSubsystemAndSetDefault: Loaded subsystem for module [NULL]
LogInit: Build: ++UE4+Release-4.24-CL-11590370
LogInit: Engine Version: 4.24.3-11590370+++UE4+Release-4.24
LogInit: Compatible Engine Version: 4.24.0-10570792+++UE4+Release-4.24
LogInit: Net CL: 10570792
LogInit: OS: Windows 10 (Release 1809) (), CPU: AMD Ryzen Threadripper 2990WX 32-Core Processor, GPU: NVIDIA TITAN X (Pascal)
LogInit: Compiled (64-bit): Feb 24 2020 15:39:18
LogInit: Compiled with Visual C++: 19.16.27032.01
LogInit: Build Configuration: Development
LogInit: Branch Name: ++UE4+Release-4.24
LogInit: Command Line: 
LogInit: Base Directory: C:/Program Files/Epic Games/UE_4.24/Engine/Binaries/Win64/
LogInit: Installed Engine Build: 1
LogDevObjectVersion: Number of dev versions registered: 25
LogDevObjectVersion:   Dev-Blueprints (B0D832E4-1F89-4F0D-ACCF-7EB736FD4AA2): 10
LogDevObjectVersion:   Dev-Build (E1C64328-A22C-4D53-A36C-8E866417BD8C): 0
LogDevObjectVersion:   Dev-Core (375EC13C-06E4-48FB-B500-84F0262A717E): 3
LogDevObjectVersion:   Dev-Editor (E4B068ED-F494-42E9-A231-DA0B2E46BB41): 37
LogDevObjectVersion:   Dev-Framework (CFFC743F-43B0-4480-9391-14DF171D2073): 36
LogDevObjectVersion:   Dev-Mobile (B02B49B5-BB20-44E9-A304-32B752E40360): 2
LogDevObjectVersion:   Dev-Networking (A4E4105C-59A1-49B5-A7C5-40C4547EDFEE): 0
LogDevObjectVersion:   Dev-Online (39C831C9-5AE6-47DC-9A44-9C173E1C8E7C): 0
LogDevObjectVersion:   Dev-Physics (78F01B33-EBEA-4F98-B9B4-84EACCB95AA2): 2
LogDevObjectVersion:   Dev-Platform (6631380F-2D4D-43E0-8009-CF276956A95A): 0
LogDevObjectVersion:   Dev-Rendering (12F88B9F-8875-4AFC-A67C-D90C383ABD29): 36
LogDevObjectVersion:   Dev-Sequencer (7B5AE74C-D270-4C10-A958-57980B212A5A): 11
LogDevObjectVersion:   Dev-VR (D7296918-1DD6-4BDD-9DE2-64A83CC13884): 2
LogDevObjectVersion:   Dev-LoadTimes (C2A15278-BFE7-4AFE-6C17-90FF531DF755): 1
LogDevObjectVersion:   Private-Geometry (6EACA3D4-40EC-4CC1-B786-8BED09428FC5): 3
LogDevObjectVersion:   Dev-AnimPhys (29E575DD-E0A3-4627-9D10-D276232CDCEA): 17
LogDevObjectVersion:   Dev-Anim (AF43A65D-7FD3-4947-9873-3E8ED9C1BB05): 2
LogDevObjectVersion:   Dev-ReflectionCapture (6B266CEC-1EC7-4B8F-A30B-E4D90942FC07): 1
LogDevObjectVersion:   Dev-Automation (0DF73D61-A23F-47EA-B727-89E90C41499A): 1
LogDevObjectVersion:   FortniteMain (601D1886-AC64-4F84-AA16-D3DE0DEAC7D6): 31
LogDevObjectVersion:   Dev-Enterprise (9DFFBCD6-494F-0158-E221-12823C92A888): 8
LogDevObjectVersion:   Dev-Niagara (F2AED0AC-9AFE-416F-8664-AA7FFA26D6FC): 1
LogDevObjectVersion:   Dev-Destruction (174F1F0B-B4C6-45A5-B13F-2EE8D0FB917D): 9
LogDevObjectVersion:   Dev-Physics-Ext (35F94A83-E258-406C-A318-09F59610247C): 8
LogDevObjectVersion:   Dev-CineCamera (B2E18506-4273-CFC2-A54E-F4BB758BBA07): 1
LogInit: Presizing for max 25165824 objects, including 0 objects not considered by GC, pre-allocating 0 bytes for permanent pool.
LogInit: Object subsystem initialized
LogConfig: Setting CVar [[con.DebugEarlyDefault:1]]
LogConfig: Setting CVar [[r.setres:1280x720]]
[2020.06.04-12.00.32:199][  0]LogConfig: Setting CVar [[r.VSync:0]]
[2020.06.04-12.00.32:199][  0]LogConfig: Setting CVar [[r.RHICmdBypass:0]]
[2020.06.04-12.00.32:200][  0]LogConfig: Applying CVar settings from Section [/Script/Engine.RendererSettings] File [D:/Theo droulez ressources/OsmoseYOLO/Saved/Config/Windows/Engine.ini]
[2020.06.04-12.00.32:200][  0]LogConfig: Setting CVar [[r.GPUCrashDebugging:0]]
[2020.06.04-12.00.32:200][  0]LogConfig: Setting CVar [[r.DefaultFeature.AutoExposure:0]]
[2020.06.04-12.00.32:200][  0]LogConfig: Applying CVar settings from Section [/Script/Engine.RendererOverrideSettings] File [D:/Theo droulez ressources/OsmoseYOLO/Saved/Config/Windows/Engine.ini]
[2020.06.04-12.00.32:200][  0]LogConfig: Applying CVar settings from Section [/Script/Engine.StreamingSettings] File [D:/Theo droulez ressources/OsmoseYOLO/Saved/Config/Windows/Engine.ini]
[2020.06.04-12.00.32:200][  0]LogConfig: Setting CVar [[s.MinBulkDataSizeForAsyncLoading:131072]]
[2020.06.04-12.00.32:200][  0]LogConfig: Setting CVar [[s.AsyncLoadingThreadEnabled:0]]
[2020.06.04-12.00.32:200][  0]LogConfig: Setting CVar [[s.EventDrivenLoaderEnabled:1]]
[2020.06.04-12.00.32:200][  0]LogConfig: Setting CVar [[s.WarnIfTimeLimitExceeded:0]]
[2020.06.04-12.00.32:200][  0]LogConfig: Setting CVar [[s.TimeLimitExceededMultiplier:1.5]]
[2020.06.04-12.00.32:200][  0]LogConfig: Setting CVar [[s.TimeLimitExceededMinTime:0.005]]
[2020.06.04-12.00.32:200][  0]LogConfig: Setting CVar [[s.UseBackgroundLevelStreaming:1]]
[2020.06.04-12.00.32:200][  0]LogConfig: Setting CVar [[s.PriorityAsyncLoadingExtraTime:15.0]]
[2020.06.04-12.00.32:200][  0]LogConfig: Setting CVar [[s.LevelStreamingActorsUpdateTimeLimit:5.0]]
[2020.06.04-12.00.32:200][  0]LogConfig: Setting CVar [[s.PriorityLevelStreamingActorsUpdateExtraTime:5.0]]
[2020.06.04-12.00.32:200][  0]LogConfig: Setting CVar [[s.LevelStreamingComponentsRegistrationGranularity:10]]
[2020.06.04-12.00.32:200][  0]LogConfig: Setting CVar [[s.UnregisterComponentsTimeLimit:1.0]]
[2020.06.04-12.00.32:200][  0]LogConfig: Setting CVar [[s.LevelStreamingComponentsUnregistrationGranularity:5]]
[2020.06.04-12.00.32:200][  0]LogConfig: Setting CVar [[s.FlushStreamingOnExit:1]]
[2020.06.04-12.00.32:200][  0]LogConfig: Applying CVar settings from Section [/Script/Engine.GarbageCollectionSettings] File [D:/Theo droulez ressources/OsmoseYOLO/Saved/Config/Windows/Engine.ini]
[2020.06.04-12.00.32:200][  0]LogConfig: Setting CVar [[gc.MaxObjectsNotConsideredByGC:1]]
[2020.06.04-12.00.32:200][  0]LogConfig: Setting CVar [[gc.SizeOfPermanentObjectPool:0]]
[2020.06.04-12.00.32:200][  0]LogConfig: Setting CVar [[gc.FlushStreamingOnGC:0]]
[2020.06.04-12.00.32:200][  0]LogConfig: Setting CVar [[gc.NumRetriesBeforeForcingGC:10]]
[2020.06.04-12.00.32:200][  0]LogConfig: Setting CVar [[gc.AllowParallelGC:1]]
[2020.06.04-12.00.32:200][  0]LogConfig: Setting CVar [[gc.TimeBetweenPurgingPendingKillObjects:61.1]]
[2020.06.04-12.00.32:200][  0]LogConfig: Setting CVar [[gc.MaxObjectsInEditor:25165824]]
[2020.06.04-12.00.32:200][  0]LogConfig: Setting CVar [[gc.IncrementalBeginDestroyEnabled:1]]
[2020.06.04-12.00.32:200][  0]LogConfig: Setting CVar [[gc.CreateGCClusters:1]]
[2020.06.04-12.00.32:200][  0]LogConfig: Setting CVar [[gc.MinGCClusterSize:5]]
[2020.06.04-12.00.32:200][  0]LogConfig: Setting CVar [[gc.ActorClusteringEnabled:0]]
[2020.06.04-12.00.32:200][  0]LogConfig: Setting CVar [[gc.BlueprintClusteringEnabled:0]]
[2020.06.04-12.00.32:200][  0]LogConfig: Setting CVar [[gc.UseDisregardForGCOnDedicatedServers:0]]
[2020.06.04-12.00.32:200][  0]LogConfig: Applying CVar settings from Section [/Script/Engine.NetworkSettings] File [D:/Theo droulez ressources/OsmoseYOLO/Saved/Config/Windows/Engine.ini]
[2020.06.04-12.00.32:200][  0]LogConfig: Applying CVar settings from Section [/Script/UnrealEd.CookerSettings] File [D:/Theo droulez ressources/OsmoseYOLO/Saved/Config/Windows/Engine.ini]
[2020.06.04-12.00.32:206][  0]LogConfig: Applying CVar settings from Section [ViewDistanceQuality@3] File [D:/Theo droulez ressources/OsmoseYOLO/Saved/Config/Windows/Scalability.ini]
[2020.06.04-12.00.32:206][  0]LogConfig: Setting CVar [[r.SkeletalMeshLODBias:0]]
[2020.06.04-12.00.32:206][  0]LogConfig: Setting CVar [[r.ViewDistanceScale:1.0]]
[2020.06.04-12.00.32:206][  0]LogConfig: Applying CVar settings from Section [AntiAliasingQuality@3] File [D:/Theo droulez ressources/OsmoseYOLO/Saved/Config/Windows/Scalability.ini]
[2020.06.04-12.00.32:206][  0]LogConfig: Setting CVar [[r.PostProcessAAQuality:4]]
[2020.06.04-12.00.32:206][  0]LogConfig: Applying CVar settings from Section [ShadowQuality@3] File [D:/Theo droulez ressources/OsmoseYOLO/Saved/Config/Windows/Scalability.ini]
[2020.06.04-12.00.32:206][  0]LogConfig: Setting CVar [[r.LightFunctionQuality:1]]
[2020.06.04-12.00.32:206][  0]LogConfig: Setting CVar [[r.ShadowQuality:5]]
[2020.06.04-12.00.32:206][  0]LogConfig: Setting CVar [[r.Shadow.CSM.MaxCascades:10]]
[2020.06.04-12.00.32:206][  0]LogConfig: Setting CVar [[r.Shadow.MaxResolution:2048]]
[2020.06.04-12.00.32:206][  0]LogConfig: Setting CVar [[r.Shadow.MaxCSMResolution:2048]]
[2020.06.04-12.00.32:206][  0]LogConfig: Setting CVar [[r.Shadow.RadiusThreshold:0.01]]
[2020.06.04-12.00.32:206][  0]LogConfig: Setting CVar [[r.Shadow.DistanceScale:1.0]]
[2020.06.04-12.00.32:206][  0]LogConfig: Setting CVar [[r.Shadow.CSM.TransitionScale:1.0]]
[2020.06.04-12.00.32:206][  0]LogConfig: Setting CVar [[r.Shadow.PreShadowResolutionFactor:1.0]]
[2020.06.04-12.00.32:206][  0]LogConfig: Setting CVar [[r.DistanceFieldShadowing:1]]
[2020.06.04-12.00.32:206][  0]LogConfig: Setting CVar [[r.DistanceFieldAO:1]]
[2020.06.04-12.00.32:206][  0]LogConfig: Setting CVar [[r.AOQuality:2]]
[2020.06.04-12.00.32:206][  0]LogConfig: Setting CVar [[r.VolumetricFog:1]]
[2020.06.04-12.00.32:206][  0]LogConfig: Setting CVar [[r.VolumetricFog.GridPixelSize:8]]
[2020.06.04-12.00.32:206][  0]LogConfig: Setting CVar [[r.VolumetricFog.GridSizeZ:128]]
[2020.06.04-12.00.32:206][  0]LogConfig: Setting CVar [[r.VolumetricFog.HistoryMissSupersampleCount:4]]
[2020.06.04-12.00.32:207][  0]LogConfig: Setting CVar [[r.LightMaxDrawDistanceScale:1]]
[2020.06.04-12.00.32:207][  0]LogConfig: Setting CVar [[r.CapsuleShadows:1]]
[2020.06.04-12.00.32:207][  0]LogConfig: Applying CVar settings from Section [PostProcessQuality@3] File [D:/Theo droulez ressources/OsmoseYOLO/Saved/Config/Windows/Scalability.ini]
[2020.06.04-12.00.32:207][  0]LogConfig: Setting CVar [[r.MotionBlurQuality:4]]
[2020.06.04-12.00.32:207][  0]LogConfig: Setting CVar [[r.AmbientOcclusionMipLevelFactor:0.4]]
[2020.06.04-12.00.32:207][  0]LogConfig: Setting CVar [[r.AmbientOcclusionMaxQuality:100]]
[2020.06.04-12.00.32:207][  0]LogConfig: Setting CVar [[r.AmbientOcclusionLevels:-1]]
[2020.06.04-12.00.32:207][  0]LogConfig: Setting CVar [[r.AmbientOcclusionRadiusScale:1.0]]
[2020.06.04-12.00.32:207][  0]LogConfig: Setting CVar [[r.DepthOfFieldQuality:2]]
[2020.06.04-12.00.32:207][  0]LogConfig: Setting CVar [[r.RenderTargetPoolMin:400]]
[2020.06.04-12.00.32:207][  0]LogConfig: Setting CVar [[r.LensFlareQuality:2]]
[2020.06.04-12.00.32:207][  0]LogConfig: Setting CVar [[r.SceneColorFringeQuality:1]]
[2020.06.04-12.00.32:207][  0]LogConfig: Setting CVar [[r.EyeAdaptationQuality:2]]
[2020.06.04-12.00.32:207][  0]LogConfig: Setting CVar [[r.BloomQuality:5]]
[2020.06.04-12.00.32:207][  0]LogConfig: Setting CVar [[r.FastBlurThreshold:100]]
[2020.06.04-12.00.32:207][  0]LogConfig: Setting CVar [[r.Upscale.Quality:3]]
[2020.06.04-12.00.32:207][  0]LogConfig: Setting CVar [[r.Tonemapper.GrainQuantization:1]]
[2020.06.04-12.00.32:207][  0]LogConfig: Setting CVar [[r.LightShaftQuality:1]]
[2020.06.04-12.00.32:207][  0]LogConfig: Setting CVar [[r.Filter.SizeScale:1]]
[2020.06.04-12.00.32:207][  0]LogConfig: Setting CVar [[r.Tonemapper.Quality:5]]
[2020.06.04-12.00.32:207][  0]LogConfig: Setting CVar [[r.DOF.Gather.AccumulatorQuality:1        ; higher gathering accumulator quality]]
[2020.06.04-12.00.32:207][  0]LogConfig: Setting CVar [[r.DOF.Gather.PostfilterMethod:1          ; Median3x3 postfilering method]]
[2020.06.04-12.00.32:207][  0]LogConfig: Setting CVar [[r.DOF.Gather.EnableBokehSettings:0       ; no bokeh simulation when gathering]]
[2020.06.04-12.00.32:207][  0]LogConfig: Setting CVar [[r.DOF.Gather.RingCount:4                 ; medium number of samples when gathering]]
[2020.06.04-12.00.32:207][  0]LogConfig: Setting CVar [[r.DOF.Scatter.ForegroundCompositing:1    ; additive foreground scattering]]
[2020.06.04-12.00.32:207][  0]LogConfig: Setting CVar [[r.DOF.Scatter.BackgroundCompositing:2    ; additive background scattering]]
[2020.06.04-12.00.32:207][  0]LogConfig: Setting CVar [[r.DOF.Scatter.EnableBokehSettings:1      ; bokeh simulation when scattering]]
[2020.06.04-12.00.32:207][  0]LogConfig: Setting CVar [[r.DOF.Scatter.MaxSpriteRatio:0.1         ; only a maximum of 10% of scattered bokeh]]
[2020.06.04-12.00.32:207][  0]LogConfig: Setting CVar [[r.DOF.Recombine.Quality:1                ; cheap slight out of focus]]
[2020.06.04-12.00.32:207][  0]LogConfig: Setting CVar [[r.DOF.Recombine.EnableBokehSettings:0    ; no bokeh simulation on slight out of focus]]
[2020.06.04-12.00.32:207][  0]LogConfig: Setting CVar [[r.DOF.TemporalAAQuality:1                ; more stable temporal accumulation]]
[2020.06.04-12.00.32:207][  0]LogConfig: Setting CVar [[r.DOF.Kernel.MaxForegroundRadius:0.025]]
[2020.06.04-12.00.32:207][  0]LogConfig: Setting CVar [[r.DOF.Kernel.MaxBackgroundRadius:0.025]]
[2020.06.04-12.00.32:207][  0]LogConfig: Applying CVar settings from Section [TextureQuality@3] File [D:/Theo droulez ressources/OsmoseYOLO/Saved/Config/Windows/Scalability.ini]
[2020.06.04-12.00.32:207][  0]LogConfig: Setting CVar [[r.Streaming.MipBias:0]]
[2020.06.04-12.00.32:207][  0]LogConfig: Setting CVar [[r.Streaming.AmortizeCPUToGPUCopy:0]]
[2020.06.04-12.00.32:207][  0]LogConfig: Setting CVar [[r.Streaming.MaxNumTexturesToStreamPerFrame:0]]
[2020.06.04-12.00.32:207][  0]LogConfig: Setting CVar [[r.Streaming.Boost:1]]
[2020.06.04-12.00.32:207][  0]LogConfig: Setting CVar [[r.MaxAnisotropy:8]]
[2020.06.04-12.00.32:207][  0]LogConfig: Setting CVar [[r.VT.MaxAnisotropy:8]]
[2020.06.04-12.00.32:207][  0]LogConfig: Setting CVar [[r.Streaming.LimitPoolSizeToVRAM:0]]
[2020.06.04-12.00.32:207][  0]LogConfig: Setting CVar [[r.Streaming.PoolSize:1000]]
[2020.06.04-12.00.32:207][  0]LogConfig: Setting CVar [[r.Streaming.MaxEffectiveScreenSize:0]]
[2020.06.04-12.00.32:207][  0]LogConfig: Applying CVar settings from Section [EffectsQuality@3] File [D:/Theo droulez ressources/OsmoseYOLO/Saved/Config/Windows/Scalability.ini]
[2020.06.04-12.00.32:207][  0]LogConfig: Setting CVar [[r.TranslucencyLightingVolumeDim:64]]
[2020.06.04-12.00.32:207][  0]LogConfig: Setting CVar [[r.RefractionQuality:2]]
[2020.06.04-12.00.32:207][  0]LogConfig: Setting CVar [[r.SSR.Quality:3]]
[2020.06.04-12.00.32:207][  0]LogConfig: Setting CVar [[r.SSR.HalfResSceneColor:0]]
[2020.06.04-12.00.32:207][  0]LogConfig: Setting CVar [[r.SceneColorFormat:4]]
[2020.06.04-12.00.32:207][  0]LogConfig: Setting CVar [[r.DetailMode:2]]
[2020.06.04-12.00.32:207][  0]LogConfig: Setting CVar [[r.TranslucencyVolumeBlur:1]]
[2020.06.04-12.00.32:207][  0]LogConfig: Setting CVar [[r.MaterialQualityLevel:1 ; High quality]]
[2020.06.04-12.00.32:207][  0]LogConfig: Setting CVar [[r.SSS.Scale:1]]
[2020.06.04-12.00.32:207][  0]LogConfig: Setting CVar [[r.SSS.SampleSet:2]]
[2020.06.04-12.00.32:207][  0]LogConfig: Setting CVar [[r.SSS.Quality:1]]
[2020.06.04-12.00.32:207][  0]LogConfig: Setting CVar [[r.SSS.HalfRes:1]]
[2020.06.04-12.00.32:207][  0]LogConfig: Setting CVar [[r.SSGI.Quality:3]]
[2020.06.04-12.00.32:207][  0]LogConfig: Setting CVar [[r.EmitterSpawnRateScale:1.0]]
[2020.06.04-12.00.32:207][  0]LogConfig: Setting CVar [[r.ParticleLightQuality:2]]
[2020.06.04-12.00.32:207][  0]LogConfig: Setting CVar [[r.SkyAtmosphere.AerialPerspectiveLUT.FastApplyOnOpaque:1 ; Always have FastSkyLUT 1 in this case to avoid wrong sky]]
[2020.06.04-12.00.32:207][  0]LogConfig: Setting CVar [[r.SkyAtmosphere.AerialPerspectiveLUT.SampleCountPerSlice:1]]
[2020.06.04-12.00.32:207][  0]LogConfig: Setting CVar [[r.SkyAtmosphere.AerialPerspectiveLUT.DepthResolution:16.0]]
[2020.06.04-12.00.32:207][  0]LogConfig: Setting CVar [[r.SkyAtmosphere.FastSkyLUT:1]]
[2020.06.04-12.00.32:207][  0]LogConfig: Setting CVar [[r.SkyAtmosphere.FastSkyLUT.SampleCountMin:4.0]]
[2020.06.04-12.00.32:207][  0]LogConfig: Setting CVar [[r.SkyAtmosphere.FastSkyLUT.SampleCountMax:32.0]]
[2020.06.04-12.00.32:207][  0]LogConfig: Setting CVar [[r.SkyAtmosphere.SampleCountMin:4.0]]
[2020.06.04-12.00.32:207][  0]LogConfig: Setting CVar [[r.SkyAtmosphere.SampleCountMax:32.0]]
[2020.06.04-12.00.32:207][  0]LogConfig: Setting CVar [[r.SkyAtmosphere.TransmittanceLUT.UseSmallFormat:0]]
[2020.06.04-12.00.32:207][  0]LogConfig: Setting CVar [[r.SkyAtmosphere.TransmittanceLUT.SampleCount:10.0]]
[2020.06.04-12.00.32:207][  0]LogConfig: Setting CVar [[r.SkyAtmosphere.MultiScatteringLUT.SampleCount:15.0]]
[2020.06.04-12.00.32:207][  0]LogConfig: Applying CVar settings from Section [FoliageQuality@3] File [D:/Theo droulez ressources/OsmoseYOLO/Saved/Config/Windows/Scalability.ini]
[2020.06.04-12.00.32:207][  0]LogConfig: Setting CVar [[foliage.DensityScale:1.0]]
[2020.06.04-12.00.32:208][  0]LogConfig: Setting CVar [[grass.DensityScale:1.0]]
[2020.06.04-12.00.32:208][  0]LogConfig: Applying CVar settings from Section [ShadingQuality@3] File [D:/Theo droulez ressources/OsmoseYOLO/Saved/Config/Windows/Scalability.ini]
[2020.06.04-12.00.32:208][  0]LogConfig: Setting CVar [[r.HairStrands.SkyLighting.SampleCount:16]]
[2020.06.04-12.00.32:208][  0]LogConfig: Setting CVar [[r.HairStrands.SkyLighting.JitterIntegration:0]]
[2020.06.04-12.00.32:208][  0]LogConfig: Setting CVar [[r.HairStrands.SkyAO.SampleCount:16]]
[2020.06.04-12.00.32:208][  0]LogInit: Selected Device Profile: [Windows]
[2020.06.04-12.00.32:208][  0]LogInit: Applying CVar settings loaded from the selected device profile: [Windows]
[2020.06.04-12.00.32:213][  0]LogHAL: Display: Platform has ~ 128 GB [137303719936 / 137438953472 / 128], which maps to Largest [LargestMinGB=32, LargerMinGB=12, DefaultMinGB=8, SmallerMinGB=6, SmallestMinGB=0)
[2020.06.04-12.00.32:213][  0]LogInit: Going up to parent DeviceProfile []
[2020.06.04-12.00.32:213][  0]LogConfig: Applying CVar settings from Section [ViewDistanceQuality@3] File [D:/Theo droulez ressources/OsmoseYOLO/Saved/Config/Windows/Scalability.ini]
[2020.06.04-12.00.32:213][  0]LogConfig: Setting CVar [[r.SkeletalMeshLODBias:0]]
[2020.06.04-12.00.32:213][  0]LogConfig: Setting CVar [[r.ViewDistanceScale:1.0]]
[2020.06.04-12.00.32:213][  0]LogConfig: Applying CVar settings from Section [AntiAliasingQuality@3] File [D:/Theo droulez ressources/OsmoseYOLO/Saved/Config/Windows/Scalability.ini]
[2020.06.04-12.00.32:213][  0]LogConfig: Setting CVar [[r.PostProcessAAQuality:4]]
[2020.06.04-12.00.32:213][  0]LogConfig: Applying CVar settings from Section [ShadowQuality@3] File [D:/Theo droulez ressources/OsmoseYOLO/Saved/Config/Windows/Scalability.ini]
[2020.06.04-12.00.32:213][  0]LogConfig: Setting CVar [[r.LightFunctionQuality:1]]
[2020.06.04-12.00.32:213][  0]LogConfig: Setting CVar [[r.ShadowQuality:5]]
[2020.06.04-12.00.32:213][  0]LogConfig: Setting CVar [[r.Shadow.CSM.MaxCascades:10]]
[2020.06.04-12.00.32:213][  0]LogConfig: Setting CVar [[r.Shadow.MaxResolution:2048]]
[2020.06.04-12.00.32:213][  0]LogConfig: Setting CVar [[r.Shadow.MaxCSMResolution:2048]]
[2020.06.04-12.00.32:213][  0]LogConfig: Setting CVar [[r.Shadow.RadiusThreshold:0.01]]
[2020.06.04-12.00.32:213][  0]LogConfig: Setting CVar [[r.Shadow.DistanceScale:1.0]]
[2020.06.04-12.00.32:213][  0]LogConfig: Setting CVar [[r.Shadow.CSM.TransitionScale:1.0]]
[2020.06.04-12.00.32:213][  0]LogConfig: Setting CVar [[r.Shadow.PreShadowResolutionFactor:1.0]]
[2020.06.04-12.00.32:213][  0]LogConfig: Setting CVar [[r.DistanceFieldShadowing:1]]
[2020.06.04-12.00.32:213][  0]LogConfig: Setting CVar [[r.DistanceFieldAO:1]]
[2020.06.04-12.00.32:213][  0]LogConfig: Setting CVar [[r.AOQuality:2]]
[2020.06.04-12.00.32:213][  0]LogConfig: Setting CVar [[r.VolumetricFog:1]]
[2020.06.04-12.00.32:213][  0]LogConfig: Setting CVar [[r.VolumetricFog.GridPixelSize:8]]
[2020.06.04-12.00.32:213][  0]LogConfig: Setting CVar [[r.VolumetricFog.GridSizeZ:128]]
[2020.06.04-12.00.32:213][  0]LogConfig: Setting CVar [[r.VolumetricFog.HistoryMissSupersampleCount:4]]
[2020.06.04-12.00.32:213][  0]LogConfig: Setting CVar [[r.LightMaxDrawDistanceScale:1]]
[2020.06.04-12.00.32:213][  0]LogConfig: Setting CVar [[r.CapsuleShadows:1]]
[2020.06.04-12.00.32:213][  0]LogConfig: Applying CVar settings from Section [PostProcessQuality@3] File [D:/Theo droulez ressources/OsmoseYOLO/Saved/Config/Windows/Scalability.ini]
[2020.06.04-12.00.32:213][  0]LogConfig: Setting CVar [[r.MotionBlurQuality:4]]
[2020.06.04-12.00.32:213][  0]LogConfig: Setting CVar [[r.AmbientOcclusionMipLevelFactor:0.4]]
[2020.06.04-12.00.32:213][  0]LogConfig: Setting CVar [[r.AmbientOcclusionMaxQuality:100]]
[2020.06.04-12.00.32:213][  0]LogConfig: Setting CVar [[r.AmbientOcclusionLevels:-1]]
[2020.06.04-12.00.32:213][  0]LogConfig: Setting CVar [[r.AmbientOcclusionRadiusScale:1.0]]
[2020.06.04-12.00.32:213][  0]LogConfig: Setting CVar [[r.DepthOfFieldQuality:2]]
[2020.06.04-12.00.32:213][  0]LogConfig: Setting CVar [[r.RenderTargetPoolMin:400]]
[2020.06.04-12.00.32:213][  0]LogConfig: Setting CVar [[r.LensFlareQuality:2]]
[2020.06.04-12.00.32:213][  0]LogConfig: Setting CVar [[r.SceneColorFringeQuality:1]]
[2020.06.04-12.00.32:213][  0]LogConfig: Setting CVar [[r.EyeAdaptationQuality:2]]
[2020.06.04-12.00.32:213][  0]LogConfig: Setting CVar [[r.BloomQuality:5]]
[2020.06.04-12.00.32:214][  0]LogConfig: Setting CVar [[r.FastBlurThreshold:100]]
[2020.06.04-12.00.32:214][  0]LogConfig: Setting CVar [[r.Upscale.Quality:3]]
[2020.06.04-12.00.32:214][  0]LogConfig: Setting CVar [[r.Tonemapper.GrainQuantization:1]]
[2020.06.04-12.00.32:214][  0]LogConfig: Setting CVar [[r.LightShaftQuality:1]]
[2020.06.04-12.00.32:214][  0]LogConfig: Setting CVar [[r.Filter.SizeScale:1]]
[2020.06.04-12.00.32:214][  0]LogConfig: Setting CVar [[r.Tonemapper.Quality:5]]
[2020.06.04-12.00.32:214][  0]LogConfig: Setting CVar [[r.DOF.Gather.AccumulatorQuality:1        ; higher gathering accumulator quality]]
[2020.06.04-12.00.32:214][  0]LogConfig: Setting CVar [[r.DOF.Gather.PostfilterMethod:1          ; Median3x3 postfilering method]]
[2020.06.04-12.00.32:214][  0]LogConfig: Setting CVar [[r.DOF.Gather.EnableBokehSettings:0       ; no bokeh simulation when gathering]]
[2020.06.04-12.00.32:214][  0]LogConfig: Setting CVar [[r.DOF.Gather.RingCount:4                 ; medium number of samples when gathering]]
[2020.06.04-12.00.32:214][  0]LogConfig: Setting CVar [[r.DOF.Scatter.ForegroundCompositing:1    ; additive foreground scattering]]
[2020.06.04-12.00.32:214][  0]LogConfig: Setting CVar [[r.DOF.Scatter.BackgroundCompositing:2    ; additive background scattering]]
[2020.06.04-12.00.32:214][  0]LogConfig: Setting CVar [[r.DOF.Scatter.EnableBokehSettings:1      ; bokeh simulation when scattering]]
[2020.06.04-12.00.32:214][  0]LogConfig: Setting CVar [[r.DOF.Scatter.MaxSpriteRatio:0.1         ; only a maximum of 10% of scattered bokeh]]
[2020.06.04-12.00.32:214][  0]LogConfig: Setting CVar [[r.DOF.Recombine.Quality:1                ; cheap slight out of focus]]
[2020.06.04-12.00.32:214][  0]LogConfig: Setting CVar [[r.DOF.Recombine.EnableBokehSettings:0    ; no bokeh simulation on slight out of focus]]
[2020.06.04-12.00.32:214][  0]LogConfig: Setting CVar [[r.DOF.TemporalAAQuality:1                ; more stable temporal accumulation]]
[2020.06.04-12.00.32:214][  0]LogConfig: Setting CVar [[r.DOF.Kernel.MaxForegroundRadius:0.025]]
[2020.06.04-12.00.32:214][  0]LogConfig: Setting CVar [[r.DOF.Kernel.MaxBackgroundRadius:0.025]]
[2020.06.04-12.00.32:214][  0]LogConfig: Applying CVar settings from Section [TextureQuality@3] File [D:/Theo droulez ressources/OsmoseYOLO/Saved/Config/Windows/Scalability.ini]
[2020.06.04-12.00.32:214][  0]LogConfig: Setting CVar [[r.Streaming.MipBias:0]]
[2020.06.04-12.00.32:214][  0]LogConfig: Setting CVar [[r.Streaming.AmortizeCPUToGPUCopy:0]]
[2020.06.04-12.00.32:214][  0]LogConfig: Setting CVar [[r.Streaming.MaxNumTexturesToStreamPerFrame:0]]
[2020.06.04-12.00.32:214][  0]LogConfig: Setting CVar [[r.Streaming.Boost:1]]
[2020.06.04-12.00.32:214][  0]LogConfig: Setting CVar [[r.MaxAnisotropy:8]]
[2020.06.04-12.00.32:214][  0]LogConfig: Setting CVar [[r.VT.MaxAnisotropy:8]]
[2020.06.04-12.00.32:214][  0]LogConfig: Setting CVar [[r.Streaming.LimitPoolSizeToVRAM:0]]
[2020.06.04-12.00.32:214][  0]LogConfig: Setting CVar [[r.Streaming.PoolSize:1000]]
[2020.06.04-12.00.32:214][  0]LogConfig: Setting CVar [[r.Streaming.MaxEffectiveScreenSize:0]]
[2020.06.04-12.00.32:214][  0]LogConfig: Applying CVar settings from Section [EffectsQuality@3] File [D:/Theo droulez ressources/OsmoseYOLO/Saved/Config/Windows/Scalability.ini]
[2020.06.04-12.00.32:214][  0]LogConfig: Setting CVar [[r.TranslucencyLightingVolumeDim:64]]
[2020.06.04-12.00.32:214][  0]LogConfig: Setting CVar [[r.RefractionQuality:2]]
[2020.06.04-12.00.32:214][  0]LogConfig: Setting CVar [[r.SSR.Quality:3]]
[2020.06.04-12.00.32:214][  0]LogConfig: Setting CVar [[r.SSR.HalfResSceneColor:0]]
[2020.06.04-12.00.32:214][  0]LogConfig: Setting CVar [[r.SceneColorFormat:4]]
[2020.06.04-12.00.32:214][  0]LogConfig: Setting CVar [[r.DetailMode:2]]
[2020.06.04-12.00.32:214][  0]LogConfig: Setting CVar [[r.TranslucencyVolumeBlur:1]]
[2020.06.04-12.00.32:214][  0]LogConfig: Setting CVar [[r.MaterialQualityLevel:1 ; High quality]]
[2020.06.04-12.00.32:214][  0]LogConfig: Setting CVar [[r.SSS.Scale:1]]
[2020.06.04-12.00.32:214][  0]LogConfig: Setting CVar [[r.SSS.SampleSet:2]]
[2020.06.04-12.00.32:214][  0]LogConfig: Setting CVar [[r.SSS.Quality:1]]
[2020.06.04-12.00.32:214][  0]LogConfig: Setting CVar [[r.SSS.HalfRes:1]]
[2020.06.04-12.00.32:214][  0]LogConfig: Setting CVar [[r.SSGI.Quality:3]]
[2020.06.04-12.00.32:214][  0]LogConfig: Setting CVar [[r.EmitterSpawnRateScale:1.0]]
[2020.06.04-12.00.32:214][  0]LogConfig: Setting CVar [[r.ParticleLightQuality:2]]
[2020.06.04-12.00.32:214][  0]LogConfig: Setting CVar [[r.SkyAtmosphere.AerialPerspectiveLUT.FastApplyOnOpaque:1 ; Always have FastSkyLUT 1 in this case to avoid wrong sky]]
[2020.06.04-12.00.32:214][  0]LogConfig: Setting CVar [[r.SkyAtmosphere.AerialPerspectiveLUT.SampleCountPerSlice:1]]
[2020.06.04-12.00.32:214][  0]LogConfig: Setting CVar [[r.SkyAtmosphere.AerialPerspectiveLUT.DepthResolution:16.0]]
[2020.06.04-12.00.32:214][  0]LogConfig: Setting CVar [[r.SkyAtmosphere.FastSkyLUT:1]]
[2020.06.04-12.00.32:214][  0]LogConfig: Setting CVar [[r.SkyAtmosphere.FastSkyLUT.SampleCountMin:4.0]]
[2020.06.04-12.00.32:214][  0]LogConfig: Setting CVar [[r.SkyAtmosphere.FastSkyLUT.SampleCountMax:32.0]]
[2020.06.04-12.00.32:214][  0]LogConfig: Setting CVar [[r.SkyAtmosphere.SampleCountMin:4.0]]
[2020.06.04-12.00.32:214][  0]LogConfig: Setting CVar [[r.SkyAtmosphere.SampleCountMax:32.0]]
[2020.06.04-12.00.32:214][  0]LogConfig: Setting CVar [[r.SkyAtmosphere.TransmittanceLUT.UseSmallFormat:0]]
[2020.06.04-12.00.32:214][  0]LogConfig: Setting CVar [[r.SkyAtmosphere.TransmittanceLUT.SampleCount:10.0]]
[2020.06.04-12.00.32:214][  0]LogConfig: Setting CVar [[r.SkyAtmosphere.MultiScatteringLUT.SampleCount:15.0]]
[2020.06.04-12.00.32:214][  0]LogConfig: Applying CVar settings from Section [FoliageQuality@3] File [D:/Theo droulez ressources/OsmoseYOLO/Saved/Config/Windows/Scalability.ini]
[2020.06.04-12.00.32:214][  0]LogConfig: Setting CVar [[foliage.DensityScale:1.0]]
[2020.06.04-12.00.32:214][  0]LogConfig: Setting CVar [[grass.DensityScale:1.0]]
[2020.06.04-12.00.32:214][  0]LogConfig: Applying CVar settings from Section [ShadingQuality@3] File [D:/Theo droulez ressources/OsmoseYOLO/Saved/Config/Windows/Scalability.ini]
[2020.06.04-12.00.32:214][  0]LogConfig: Setting CVar [[r.HairStrands.SkyLighting.SampleCount:16]]
[2020.06.04-12.00.32:214][  0]LogConfig: Setting CVar [[r.HairStrands.SkyLighting.JitterIntegration:0]]
[2020.06.04-12.00.32:214][  0]LogConfig: Setting CVar [[r.HairStrands.SkyAO.SampleCount:16]]
[2020.06.04-12.00.32:214][  0]LogConfig: Applying CVar settings from Section [Startup] File [../../../Engine/Config/ConsoleVariables.ini]
[2020.06.04-12.00.32:215][  0]LogConfig: Setting CVar [[net.UseAdaptiveNetUpdateFrequency:0]]
[2020.06.04-12.00.32:215][  0]LogConfig: Setting CVar [[p.chaos.AllowCreatePhysxBodies:1]]
[2020.06.04-12.00.32:215][  0]LogConfig: Setting CVar [[fx.SkipVectorVMBackendOptimizations:1]]
[2020.06.04-12.00.32:215][  0]LogConfig: Applying CVar settings from Section [ConsoleVariables] File [D:/Theo droulez ressources/OsmoseYOLO/Saved/Config/Windows/Engine.ini]
[2020.06.04-12.00.32:216][  0]LogInit: Computer: M-WKS-018
[2020.06.04-12.00.32:216][  0]LogInit: User: theodroulez
[2020.06.04-12.00.32:216][  0]LogInit: CPU Page size=4096, Cores=32
[2020.06.04-12.00.32:216][  0]LogInit: High frequency timer resolution =10.000000 MHz
[2020.06.04-12.00.32:216][  0]LogMemory: Memory total: Physical=127.9GB (128GB approx)
[2020.06.04-12.00.32:216][  0]LogMemory: Platform Memory Stats for Windows
[2020.06.04-12.00.32:216][  0]LogMemory: Process Physical Memory: 112.93 MB used, 112.93 MB peak
[2020.06.04-12.00.32:216][  0]LogMemory: Process Virtual Memory: 112.81 MB used, 112.81 MB peak
[2020.06.04-12.00.32:216][  0]LogMemory: Physical Memory: 39135.82 MB used,  91807.20 MB free, 130943.03 MB total
[2020.06.04-12.00.32:216][  0]LogMemory: Virtual Memory: 5265.10 MB used,  134212464.00 MB free, 134217728.00 MB total
[2020.06.04-12.00.32:227][  0]LogWindows: WindowsPlatformFeatures enabled
[2020.06.04-12.00.32:280][  0]LogInit: Using OS detected language (fr-FR).
[2020.06.04-12.00.32:280][  0]LogInit: Using OS detected locale (fr-FR).
[2020.06.04-12.00.32:283][  0]LogTextLocalizationManager: No specific localization for 'fr-FR' exists, so the 'fr' localization will be used.
[2020.06.04-12.00.32:283][  0]LogTextLocalizationResource: LocRes '../../../Engine/Content/Localization/Editor/fr/Editor.locres' could not be opened for reading!
[2020.06.04-12.00.32:283][  0]LogTextLocalizationResource: LocRes '../../../Engine/Content/Localization/EditorTutorials/fr/EditorTutorials.locres' could not be opened for reading!
[2020.06.04-12.00.32:284][  0]LogTextLocalizationResource: LocRes '../../../Engine/Content/Localization/Keywords/fr/Keywords.locres' could not be opened for reading!
[2020.06.04-12.00.32:284][  0]LogTextLocalizationResource: LocRes '../../../Engine/Content/Localization/Category/fr/Category.locres' could not be opened for reading!
[2020.06.04-12.00.32:284][  0]LogTextLocalizationResource: LocRes '../../../Engine/Content/Localization/ToolTips/fr/ToolTips.locres' could not be opened for reading!
[2020.06.04-12.00.32:285][  0]LogTextLocalizationResource: LocRes '../../../Engine/Content/Localization/PropertyNames/fr/PropertyNames.locres' could not be opened for reading!
[2020.06.04-12.00.32:285][  0]LogTextLocalizationResource: LocRes '../../../Engine/Content/Localization/Engine/fr/Engine.locres' could not be opened for reading!
[2020.06.04-12.00.32:288][  0]LogInit: Setting process to per monitor DPI aware
[2020.06.04-12.00.32:369][  0]LogSlate: New Slate User Created.  User Index 0, Is Virtual User: 0
[2020.06.04-12.00.32:369][  0]LogSlate: Slate User Registered.  User Index 0, Is Virtual User: 0
[2020.06.04-12.00.32:920][  0]LogD3D11RHI: D3D11 min allowed feature level: 11_0
[2020.06.04-12.00.32:920][  0]LogD3D11RHI: D3D11 max allowed feature level: 11_0
[2020.06.04-12.00.32:920][  0]LogD3D11RHI: D3D11 adapters:
[2020.06.04-12.00.33:032][  0]LogD3D11RHI:    0. 'NVIDIA TITAN X (Pascal)' (Feature Level 11_0)
[2020.06.04-12.00.33:032][  0]LogD3D11RHI:       12147/0/65471 MB DedicatedVideo/DedicatedSystem/SharedSystem, Outputs:2, VendorId:0x10de
[2020.06.04-12.00.33:037][  0]LogD3D11RHI:    1. 'Microsoft Basic Render Driver' (Feature Level 11_0)
[2020.06.04-12.00.33:037][  0]LogD3D11RHI:       0/0/65471 MB DedicatedVideo/DedicatedSystem/SharedSystem, Outputs:0, VendorId:0x1414
[2020.06.04-12.00.33:037][  0]LogD3D11RHI: Chosen D3D11 Adapter: 0
[2020.06.04-12.00.33:176][  0]LogD3D11RHI: Creating new Direct3DDevice
[2020.06.04-12.00.33:176][  0]LogD3D11RHI:     GPU DeviceId: 0x1b00 (for the marketing name, search the web for "GPU Device Id")
[2020.06.04-12.00.33:176][  0]LogWindows: EnumDisplayDevices:
[2020.06.04-12.00.33:176][  0]LogWindows:    0. 'NVIDIA TITAN X (Pascal)' (P:1 D:1)
[2020.06.04-12.00.33:176][  0]LogWindows:    1. 'NVIDIA TITAN X (Pascal)' (P:0 D:1)
[2020.06.04-12.00.33:178][  0]LogWindows:    2. 'NVIDIA TITAN X (Pascal)' (P:0 D:0)
[2020.06.04-12.00.33:178][  0]LogWindows:    3. 'NVIDIA TITAN X (Pascal)' (P:0 D:0)
[2020.06.04-12.00.33:178][  0]LogWindows: DebugString: FoundDriverCount:4 
[2020.06.04-12.00.33:178][  0]LogD3D11RHI:     Adapter Name: NVIDIA TITAN X (Pascal)
[2020.06.04-12.00.33:178][  0]LogD3D11RHI:   Driver Version: 442.50 (internal:26.21.14.4250, unified:442.50)
[2020.06.04-12.00.33:178][  0]LogD3D11RHI:      Driver Date: 2-24-2020
[2020.06.04-12.00.33:178][  0]LogRHI: Texture pool is 8502 MB (70% of 12147 MB)
[2020.06.04-12.00.33:261][  0]LogD3D11RHI: RHI has support for 64 bit atomics
[2020.06.04-12.00.33:261][  0]LogD3D11RHI: Async texture creation enabled
[2020.06.04-12.00.33:291][  0]LogD3D11RHI: GPU Timing Frequency: 1000.000000 (Debug: 2 1)
[2020.06.04-12.00.33:693][  0]LogTargetPlatformManager: Display: Loaded TargetPlatform 'AllDesktop'
[2020.06.04-12.00.33:734][  0]LogTargetPlatformManager: Display: Loaded TargetPlatform 'Android'
[2020.06.04-12.00.33:734][  0]LogTargetPlatformManager: Display: Loaded TargetPlatform 'Android_ASTC'
[2020.06.04-12.00.33:734][  0]LogTargetPlatformManager: Display: Loaded TargetPlatform 'Android_ATC'
[2020.06.04-12.00.33:734][  0]LogTargetPlatformManager: Display: Loaded TargetPlatform 'Android_DXT'
[2020.06.04-12.00.33:734][  0]LogTargetPlatformManager: Display: Loaded TargetPlatform 'Android_ETC1'
[2020.06.04-12.00.33:734][  0]LogTargetPlatformManager: Display: Loaded TargetPlatform 'Android_ETC1a'
[2020.06.04-12.00.33:734][  0]LogTargetPlatformManager: Display: Loaded TargetPlatform 'Android_ETC2'
[2020.06.04-12.00.33:734][  0]LogTargetPlatformManager: Display: Loaded TargetPlatform 'Android_PVRTC'
[2020.06.04-12.00.33:734][  0]LogTargetPlatformManager: Display: Loaded TargetPlatform 'AndroidClient'
[2020.06.04-12.00.33:734][  0]LogTargetPlatformManager: Display: Loaded TargetPlatform 'Android_ASTCClient'
[2020.06.04-12.00.33:734][  0]LogTargetPlatformManager: Display: Loaded TargetPlatform 'Android_ATCClient'
[2020.06.04-12.00.33:734][  0]LogTargetPlatformManager: Display: Loaded TargetPlatform 'Android_DXTClient'
[2020.06.04-12.00.33:734][  0]LogTargetPlatformManager: Display: Loaded TargetPlatform 'Android_ETC1Client'
[2020.06.04-12.00.33:734][  0]LogTargetPlatformManager: Display: Loaded TargetPlatform 'Android_ETC1aClient'
[2020.06.04-12.00.33:734][  0]LogTargetPlatformManager: Display: Loaded TargetPlatform 'Android_ETC2Client'
[2020.06.04-12.00.33:734][  0]LogTargetPlatformManager: Display: Loaded TargetPlatform 'Android_PVRTCClient'
[2020.06.04-12.00.33:734][  0]LogTargetPlatformManager: Display: Loaded TargetPlatform 'Android_Multi'
[2020.06.04-12.00.33:734][  0]LogTargetPlatformManager: Display: Loaded TargetPlatform 'Android_MultiClient'
[2020.06.04-12.00.33:763][  0]LogTargetPlatformManager: Display: Loaded TargetPlatform 'IOSClient'
[2020.06.04-12.00.33:763][  0]LogTargetPlatformManager: Display: Loaded TargetPlatform 'IOS'
[2020.06.04-12.00.33:773][  0]LogTargetPlatformManager: Display: Loaded TargetPlatform 'LinuxNoEditor'
[2020.06.04-12.00.33:784][  0]LogTargetPlatformManager: Display: Loaded TargetPlatform 'LinuxClient'
[2020.06.04-12.00.33:795][  0]LogTargetPlatformManager: Display: Loaded TargetPlatform 'LinuxServer'
[2020.06.04-12.00.33:807][  0]LogTargetPlatformManager: Display: Loaded TargetPlatform 'LinuxAArch64NoEditor'
[2020.06.04-12.00.33:817][  0]LogTargetPlatformManager: Display: Loaded TargetPlatform 'LinuxAArch64Client'
[2020.06.04-12.00.33:829][  0]LogTargetPlatformManager: Display: Loaded TargetPlatform 'LinuxAArch64Server'
[2020.06.04-12.00.33:867][  0]LogTargetPlatformManager: Display: Loaded TargetPlatform 'Lumin'
[2020.06.04-12.00.33:867][  0]LogTargetPlatformManager: Display: Loaded TargetPlatform 'LuminClient'
[2020.06.04-12.00.33:888][  0]LogTargetPlatformManager: Display: Loaded TargetPlatform 'TVOSClient'
[2020.06.04-12.00.33:889][  0]LogTargetPlatformManager: Display: Loaded TargetPlatform 'TVOS'
[2020.06.04-12.00.33:900][  0]LogTargetPlatformManager: Display: Loaded TargetPlatform 'WindowsNoEditor'
[2020.06.04-12.00.33:912][  0]LogTargetPlatformManager: Display: Loaded TargetPlatform 'Windows'
[2020.06.04-12.00.33:922][  0]LogTargetPlatformManager: Display: Loaded TargetPlatform 'WindowsClient'
[2020.06.04-12.00.33:932][  0]LogTargetPlatformManager: Display: Loaded TargetPlatform 'WindowsServer'
[2020.06.04-12.00.33:932][  0]LogTargetPlatformManager: Display: Building Assets For Windows
[2020.06.04-12.00.33:939][  0]LogAudioDebug: Display: Lib vorbis DLL was dynamically loaded.
[2020.06.04-12.00.33:986][  0]LogShaderCompilers: Guid format shader working directory is 14 characters bigger than the processId version (D:/Theo droulez ressources/OsmoseYOLO/Intermediate/Shaders/WorkingDirectory/326792/).
[2020.06.04-12.00.33:987][  0]LogShaderCompilers: Cleaned the shader compiler working directory 'C:/Users/theo.droulez/AppData/Local/Temp/UnrealShaderWorkingDir/35032436404B3E77B086FFAF7A77F951/'.
[2020.06.04-12.00.33:987][  0]LogXGEController: Cannot use XGE Controller as Incredibuild is not installed on this machine.
[2020.06.04-12.00.33:987][  0]LogShaderCompilers: Cannot use XGE Shader Compiler as Incredibuild is not installed on this machine.
[2020.06.04-12.00.33:987][  0]LogShaderCompilers: Display: Using Local Shader Compiler.
[2020.06.04-12.00.34:957][  0]LogDerivedDataCache: Display: Max Cache Size: 512 MB
[2020.06.04-12.00.35:024][  0]LogDerivedDataCache: Loaded boot cache 0.07s 80MB C:/Users/theo.droulez/AppData/Local/UnrealEngine/4.24/DerivedDataCache/Boot.ddc.
[2020.06.04-12.00.35:025][  0]LogDerivedDataCache: Display: Loaded Boot cache: C:/Users/theo.droulez/AppData/Local/UnrealEngine/4.24/DerivedDataCache/Boot.ddc
[2020.06.04-12.00.35:025][  0]LogDerivedDataCache: FDerivedDataBackendGraph:  Pak pak cache file D:/Theo droulez ressources/OsmoseYOLO/DerivedDataCache/DDC.ddp not found, will not use a pak cache.
[2020.06.04-12.00.35:025][  0]LogDerivedDataCache: Unable to find inner node Pak for hierarchical cache Hierarchy.
[2020.06.04-12.00.35:025][  0]LogDerivedDataCache: FDerivedDataBackendGraph:  CompressedPak pak cache file D:/Theo droulez ressources/OsmoseYOLO/DerivedDataCache/Compressed.ddp not found, will not use a pak cache.
[2020.06.04-12.00.35:025][  0]LogDerivedDataCache: Unable to find inner node CompressedPak for hierarchical cache Hierarchy.
[2020.06.04-12.00.35:038][  0]LogDerivedDataCache: Display: Pak cache opened for reading ../../../Engine/DerivedDataCache/Compressed.ddp.
[2020.06.04-12.00.35:038][  0]LogDerivedDataCache: FDerivedDataBackendGraph:  EnterprisePak pak cache file ../../../Enterprise/DerivedDataCache/Compressed.ddp not found, will not use a pak cache.
[2020.06.04-12.00.35:038][  0]LogDerivedDataCache: Unable to find inner node EnterprisePak for hierarchical cache Hierarchy.
[2020.06.04-12.00.35:041][  0]LogDerivedDataCache: Using Local data cache path C:/Users/theo.droulez/AppData/Local/UnrealEngine/Common/DerivedDataCache: Writable
[2020.06.04-12.00.35:041][  0]LogDerivedDataCache: Shared data cache path not found in *engine.ini, will not use an Shared cache.
[2020.06.04-12.00.35:041][  0]LogDerivedDataCache: Unable to find inner node Shared for hierarchical cache Hierarchy.
[2020.06.04-12.00.35:072][  0]LogMaterial: Verifying Global Shaders for PCD3D_SM5
[2020.06.04-12.00.35:075][  0]LogSlate: Using FreeType 2.10.0
[2020.06.04-12.00.35:077][  0]LogSlate: SlateFontServices - WITH_FREETYPE: 1, WITH_HARFBUZZ: 1
[2020.06.04-12.00.35:215][  0]LogAssetRegistry: FAssetRegistry took 0.0045 seconds to start up
[2020.06.04-12.00.35:639][  0]LogInit: Selected Device Profile: [Windows]
[2020.06.04-12.00.35:860][  0]LogMeshReduction: Using QuadricMeshReduction for automatic static mesh reduction
[2020.06.04-12.00.35:860][  0]LogMeshReduction: Using SimplygonMeshReduction for automatic skeletal mesh reduction
[2020.06.04-12.00.35:860][  0]LogMeshReduction: Using ProxyLODMeshReduction for automatic mesh merging
[2020.06.04-12.00.35:860][  0]LogMeshReduction: No distributed automatic mesh merging module available
[2020.06.04-12.00.35:860][  0]LogMeshMerging: No distributed automatic mesh merging module available
[2020.06.04-12.00.35:881][  0]LogNetVersion: Osmose 1.0.0, NetCL: 10570792, EngineNetVer: 13, GameNetVer: 0 (Checksum: 389872372)
[2020.06.04-12.00.37:943][  0]LogPackageLocalizationCache: Processed 13 localized package path(s) for 1 prioritized culture(s) in 0.091007 seconds
[2020.06.04-12.00.37:956][  0]LogUObjectArray: 46123 objects as part of root set at end of initial load.
[2020.06.04-12.00.37:956][  0]LogUObjectAllocator: 8035544 out of 0 bytes used by permanent object pool.
[2020.06.04-12.00.37:956][  0]LogUObjectArray: CloseDisregardForGC: 0/0 objects in disregard for GC pool
[2020.06.04-12.00.38:694][  0]LogTcpMessaging: Initializing TcpMessaging bridge
[2020.06.04-12.00.38:699][  0]LogUdpMessaging: Initializing bridge on interface 0.0.0.0:0 to multicast group 230.0.0.1:6666.
[2020.06.04-12.00.38:800][  0]SourceControl: Source control is disabled
[2020.06.04-12.00.38:800][  0]SourceControl: Source control is disabled
[2020.06.04-12.00.38:804][  0]SourceControl: Source control is disabled
[2020.06.04-12.00.38:805][  0]SourceControl: Source control is disabled
[2020.06.04-12.00.38:807][  0]SourceControl: Source control is disabled
[2020.06.04-12.00.39:053][  0]LogAndroidPermission: UAndroidPermissionCallbackProxy::GetInstance
[2020.06.04-12.00.39:079][  0]LogAudioCaptureCore: Display: No Audio Capture implementations found. Audio input will be silent.
[2020.06.04-12.00.39:079][  0]LogAudioCaptureCore: Display: No Audio Capture implementations found. Audio input will be silent.
[2020.06.04-12.00.39:212][  0]LogEngine: Initializing Engine...
[2020.06.04-12.00.39:214][  0]LogStats: UGameplayTagsManager::InitializeManager -  0.000 s
[2020.06.04-12.00.39:709][  0]LogInit: Initializing FReadOnlyCVARCache
[2020.06.04-12.00.39:723][  0]LogAIModule: Creating AISystem for world Untitled
[2020.06.04-12.00.39:729][  0]LogAudioMixer: Display: Audio Mixer Platform Settings:
[2020.06.04-12.00.39:729][  0]LogAudioMixer: Display: 	Sample Rate:						  48000
[2020.06.04-12.00.39:729][  0]LogAudioMixer: Display: 	Callback Buffer Frame Size Requested: 1024
[2020.06.04-12.00.39:729][  0]LogAudioMixer: Display: 	Callback Buffer Frame Size To Use:	  1024
[2020.06.04-12.00.39:729][  0]LogAudioMixer: Display: 	Number of buffers to queue:			  2
[2020.06.04-12.00.39:729][  0]LogAudioMixer: Display: 	Max Channels (voices):				  32
[2020.06.04-12.00.39:729][  0]LogAudioMixer: Display: 	Number of Async Source Workers:		  0
[2020.06.04-12.00.39:730][  0]LogAudio: Display: AudioDevice MaxSources: 32
[2020.06.04-12.00.39:730][  0]LogAudio: Display: Using built-in audio occlusion.
[2020.06.04-12.00.39:730][  0]LogAudioMixer: Display: Initializing audio mixer.
[2020.06.04-12.00.39:758][  0]LogAudioMixer: Display: Audio Device Output Speaker Info:
[2020.06.04-12.00.39:758][  0]LogAudioMixer: Display: Name: Digital Audio (S/PDIF) (High Definition Audio Device)
[2020.06.04-12.00.39:758][  0]LogAudioMixer: Display: Is Default: Yes
[2020.06.04-12.00.39:758][  0]LogAudioMixer: Display: Sample Rate: 48000
[2020.06.04-12.00.39:758][  0]LogAudioMixer: Display: Channel Count Used: 2
[2020.06.04-12.00.39:758][  0]LogAudioMixer: Display: Device Channel Count: 2
[2020.06.04-12.00.39:758][  0]LogAudioMixer: Display: Channel Order:
[2020.06.04-12.00.39:758][  0]LogAudioMixer: Display: 0: FrontLeft
[2020.06.04-12.00.39:758][  0]LogAudioMixer: Display: 1: FrontRight
[2020.06.04-12.00.39:792][  0]LogAudioMixer: Display: Using Audio Device Digital Audio (S/PDIF) (High Definition Audio Device)
[2020.06.04-12.00.39:800][  0]LogInit: FAudioDevice initialized.
[2020.06.04-12.00.39:800][  0]LogNetVersion: Set ProjectVersion to 1.0.0.0. Version Checksum will be recalculated on next use.
[2020.06.04-12.00.39:892][  0]LogDerivedDataCache: Saved boot cache 0.09s 80MB C:/Users/theo.droulez/AppData/Local/UnrealEngine/4.24/DerivedDataCache/Boot.ddc.
[2020.06.04-12.00.39:893][  0]LogInit: Texture streaming: Enabled
[2020.06.04-12.00.39:917][  0]LogEngineSessionManager: EngineSessionManager initialized
[2020.06.04-12.00.39:917][  0]LogEditorSessionSummary: Verbose: Initializing EditorSessionSummaryWriter for editor session tracking
[2020.06.04-12.00.39:929][  0]LogEditorSessionSummary: EditorSessionSummaryWriter initialized
[2020.06.04-12.00.40:167][  0]LogInit: Transaction tracking system initialized
[2020.06.04-12.00.40:188][  0]BlueprintLog: New page: Editor Load
[2020.06.04-12.00.40:261][  0]LocalizationService: Localization service is disabled
[2020.06.04-12.00.40:710][  0]LogFileCache: Scanning file cache for directory 'D:/Theo droulez ressources/OsmoseYOLO/Content/' took 0.03s
[2020.06.04-12.00.40:710][  0]LogCook: Display: Max memory allowance for cook 16384mb min free memory 0mb
[2020.06.04-12.00.40:710][  0]LogCook: Display: Mobile HDR setting 1
[2020.06.04-12.00.40:932][  0]SourceControl: Source control is disabled
[2020.06.04-12.00.40:933][  0]Cmd: MAP LOAD FILE="D:/Theo droulez ressources/OsmoseYOLO/Content/_Osmose/Maps/ThirdPersonExampleMap.umap" TEMPLATE=0 SHOWPROGRESS=1 FEATURELEVEL=3
[2020.06.04-12.00.40:934][  0]LightingResults: New page: Lighting Build
[2020.06.04-12.00.40:935][  0]LogWorld: UWorld::CleanupWorld for Untitled, bSessionEnded=true, bCleanupResources=true
[2020.06.04-12.00.40:935][  0]LogSlate: InvalidateAllWidgets triggered.  All widgets were invalidated
[2020.06.04-12.00.40:936][  0]MapCheck: New page: Map Check
[2020.06.04-12.00.40:936][  0]LightingResults: New page: Lighting Build
[2020.06.04-12.00.41:010][  0]LogUObjectHash: Compacting FUObjectHashTables data took   2.54ms
[2020.06.04-12.00.41:077][  0]LogBlueprint: Warning: [Compiler BigBoy_Anim_BP] Idle to PreDestruct  will never be taken, please connect something to  Can Enter Transition
[2020.06.04-12.00.41:077][  0]LogBlueprint: Warning: [Compiler BigBoy_Anim_BP] PreDestruct to Destruct  will never be taken, please connect something to  Can Enter Transition
[2020.06.04-12.00.41:719][  0]LogLinker: Warning: While loading 'D:/Theo droulez ressources/OsmoseYOLO/Content/_Osmose/BP_Class/Environment/Wind/WindLanePart.uasset' failed to load '/Game/_Osmose/BP_Class/Environment/Wind/WindLaneMeshV2': Can't find file.
[2020.06.04-12.00.41:719][  0]LogLinker: Warning: While loading 'D:/Theo droulez ressources/OsmoseYOLO/Content/_Osmose/BP_Class/Environment/Wind/WindLanePart.uasset' failed to load '/Game/_Osmose/BP_Class/Environment/Wind/WindLaneMeshV2': Can't find file.
[2020.06.04-12.00.41:720][  0]LogLinker: Warning: While loading 'D:/Theo droulez ressources/OsmoseYOLO/Content/_Osmose/BP_Class/Environment/Wind/WindLanePart.uasset' failed to load '/Game/_Osmose/BP_Class/Environment/Wind/WindLaneMeshV2': Can't find file.
[2020.06.04-12.00.41:720][  0]LogLinker: Warning: While loading 'D:/Theo droulez ressources/OsmoseYOLO/Content/_Osmose/BP_Class/Environment/Wind/WindLanePart.uasset' failed to load '/Game/_Osmose/BP_Class/Environment/Wind/WindLaneMeshV2': Can't find file.
[2020.06.04-12.00.41:720][  0]LogLinker: Warning: While loading 'D:/Theo droulez ressources/OsmoseYOLO/Content/_Osmose/BP_Class/Environment/Wind/WindLaneAdvanced.uasset' failed to load '/Game/_Osmose/BP_Class/Environment/Wind/WindLaneMeshV2': Can't find file.
[2020.06.04-12.00.41:720][  0]LogLinker: Warning: While loading 'D:/Theo droulez ressources/OsmoseYOLO/Content/_Osmose/BP_Class/Environment/Wind/WindLaneAdvanced.uasset' failed to load '/Game/_Osmose/BP_Class/Environment/Wind/WindLaneMeshV2': Can't find file.
[2020.06.04-12.00.41:720][  0]LogLinker: Warning: While loading 'D:/Theo droulez ressources/OsmoseYOLO/Content/_Osmose/BP_Class/Environment/Wind/WindLaneAdvanced.uasset' failed to load '/Game/_Osmose/BP_Class/Environment/Wind/WindLaneMeshV2': Can't find file.
[2020.06.04-12.00.41:720][  0]LogLinker: Warning: While loading 'D:/Theo droulez ressources/OsmoseYOLO/Content/_Osmose/BP_Class/Environment/Wind/WindLaneAdvanced.uasset' failed to load '/Game/_Osmose/BP_Class/Environment/Wind/WindLaneMeshV2': Can't find file.
[2020.06.04-12.00.41:720][  0]LogLinker: Warning: While loading 'D:/Theo droulez ressources/OsmoseYOLO/Content/_Osmose/BP_Class/Environment/Wind/WindLaneAdvanced.uasset' failed to load '/Game/_Osmose/BP_Class/Environment/Wind/WindLaneMeshV2': Can't find file.
[2020.06.04-12.00.41:721][  0]LoadErrors: Failed to load /Game/_Osmose/BP_Class/Environment/Wind/WindLaneMeshV2.WindLaneMeshV2 Referenced by SplineMeshComponent0
[2020.06.04-12.00.41:721][  0]LogLinker: Warning: While loading 'D:/Theo droulez ressources/OsmoseYOLO/Content/_Osmose/BP_Class/Environment/Wind/WindLaneAdvanced.uasset' failed to load '/Game/_Osmose/BP_Class/Environment/Wind/WindLaneMeshV2': Can't find file.
[2020.06.04-12.00.41:721][  0]LoadErrors: Failed to load /Game/_Osmose/BP_Class/Environment/Wind/WindLaneMeshV2.WindLaneMeshV2 Referenced by SplineMeshComponent0
[2020.06.04-12.00.42:698][  0]LogTemp: Display: Loading shader for Niagara script NiagaraScript /Game/_Osmose/VFX/NS_SplineWind.NS_SplineWind:OldSchool_spawner001_6.GPUComputeScript from DDC failed. Shader needs recompile.
[2020.06.04-12.00.43:086][  0]LogNiagaraEditor: Verbose: '/Game/_Osmose/VFX/NS_SplineWind' Precompile took 0.384532 sec.
[2020.06.04-12.00.43:667][  0]LogAIModule: Creating AISystem for world ThirdPersonExampleMap
[2020.06.04-12.00.43:777][  0]LogEditorServer: Finished looking for orphan Actors (0.000 secs)
[2020.06.04-12.00.43:862][  0]LogUObjectHash: Compacting FUObjectHashTables data took   4.69ms
[2020.06.04-12.00.43:862][  0]Cmd: MAP CHECKDEP NOCLEARLOG
[2020.06.04-12.00.43:862][  0]MapCheck: Map check complete: 0 Error(s), 0 Warning(s), took 0,164ms to complete.
[2020.06.04-12.00.43:863][  0]LogFileHelpers: Loading map 'ThirdPersonExampleMap' took 2.930
[2020.06.04-12.00.44:074][  0]LogSlate: Updating window title bar state: overlay mode, drag disabled, window buttons hidden, title bar hidden
[2020.06.04-12.00.44:084][  0]LogSlate: Updating window title bar state: overlay mode, drag disabled, window buttons hidden, title bar hidden
[2020.06.04-12.00.44:093][  0]LogSlate: Updating window title bar state: overlay mode, drag disabled, window buttons hidden, title bar hidden
[2020.06.04-12.00.44:102][  0]LogSlate: Updating window title bar state: overlay mode, drag disabled, window buttons hidden, title bar hidden
[2020.06.04-12.00.44:117][  0]LogCollectionManager: Loaded 0 collections in 0.002830 seconds
[2020.06.04-12.00.44:137][  0]LogFileCache: Scanning file cache for directory 'D:/Theo droulez ressources/OsmoseYOLO/Saved/Collections/' took 0.00s
[2020.06.04-12.00.44:137][  0]LogFileCache: Scanning file cache for directory 'D:/Theo droulez ressources/OsmoseYOLO/Content/Developers/theodroulez/Collections/' took 0.00s
[2020.06.04-12.00.44:137][  0]LogFileCache: Scanning file cache for directory 'D:/Theo droulez ressources/OsmoseYOLO/Content/Collections/' took 0.00s
[2020.06.04-12.00.44:137][  0]LogContentBrowser: Native class hierarchy populated in 0.0120 seconds. Added 3153 classes and 734 folders.
[2020.06.04-12.00.44:143][  0]LogContentBrowser: Native class hierarchy updated for 'WidgetCarousel' in 0.0004 seconds. Added 0 classes and 0 folders.
[2020.06.04-12.00.44:285][  0]LogContentBrowser: Native class hierarchy updated for 'AddContentDialog' in 0.0004 seconds. Added 0 classes and 0 folders.
[2020.06.04-12.00.44:293][  0]LogContentBrowser: Native class hierarchy updated for 'SceneOutliner' in 0.0005 seconds. Added 2 classes and 3 folders.
[2020.06.04-12.00.44:353][  0]LogSlate: Took 0.000528 seconds to synchronously load lazily loaded font '../../../Engine/Content/Slate/Fonts/Roboto-Regular.ttf' (155K)
[2020.06.04-12.00.44:356][  0]LogSlate: Took 0.000616 seconds to synchronously load lazily loaded font '../../../Engine/Content/Slate/Fonts/Roboto-Bold.ttf' (160K)
[2020.06.04-12.00.44:363][  0]LogSlate: Took 0.000792 seconds to synchronously load lazily loaded font '../../../Engine/Content/Editor/Slate/Fonts/FontAwesome.ttf' (139K)
[2020.06.04-12.00.44:480][  0]LogRenderer: Reallocating scene render targets to support 1208x652 Format 10 NumSamples 1 (Frame:1).
[2020.06.04-12.00.44:641][  0]LogContentBrowser: Native class hierarchy updated for 'HierarchicalLODOutliner' in 0.0004 seconds. Added 0 classes and 0 folders.
[2020.06.04-12.00.44:641][  0]LogLoad: (Engine Initialization) Total time: 15.07 seconds
[2020.06.04-12.00.44:641][  0]LogLoad: (Engine Initialization) Total Blueprint compile time: 0.00 seconds
[2020.06.04-12.00.44:655][  0]LogNiagaraEditor: GPU shader compile skipped. Id 1
[2020.06.04-12.00.44:706][  0]LogContentStreaming: Texture pool size now 1000 MB
[2020.06.04-12.00.44:810][  0]LogSlate: Took 0.002826 seconds to synchronously load lazily loaded font '../../../Engine/Content/Slate/Fonts/DroidSansFallback.ttf' (3848K)
[2020.06.04-12.00.44:861][  1]LogFileCache: Retrieving MD5 hashes for directory 'D:/Theo droulez ressources/OsmoseYOLO/Content/' took 0.20s
[2020.06.04-12.00.44:949][  2]LogAssetRegistry: Asset discovery search completed in 9.7361 seconds
[2020.06.04-12.00.44:954][  2]LogCollectionManager: Fixed up redirectors for 0 collections in 0.000023 seconds (updated 0 objects)
[2020.06.04-12.00.48:851][419]LogSlate: Took 0.000434 seconds to synchronously load lazily loaded font '../../../Engine/Content/Slate/Fonts/Roboto-Light.ttf' (167K)
[2020.06.04-12.01.17:417][198]LogSlate: Window 'Message Log' being destroyed
[2020.06.04-12.01.33:584][784]LogEditorViewport: Clicking on Actor (LMB): WindLaneBasic_C (WindLane)
[2020.06.04-12.01.41:860][436]LogSlate: Took 0.000631 seconds to synchronously load lazily loaded font '../../../Engine/Content/Slate/Fonts/Roboto-Light.ttf' (167K)
[2020.06.04-12.01.41:881][436]LogAssetEditorSubsystem: Opening Asset editor for Blueprint /Game/_Osmose/BP_Class/Environment/Wind/WindLaneBasic.WindLaneBasic
[2020.06.04-12.01.42:174][436]LogContentBrowser: Native class hierarchy updated for 'BlueprintGraph' in 0.0011 seconds. Added 121 classes and 0 folders.
[2020.06.04-12.01.43:378][436]LogSlate: Took 0.000750 seconds to synchronously load lazily loaded font '../../../Engine/Content/Slate/Fonts/Roboto-BoldCondensed.ttf' (158K)
[2020.06.04-12.01.46:004][613]LogSlate: Window 'WindLaneBasic' being destroyed
[2020.06.04-12.01.54:207][940]LogFactory: FactoryCreateFile: StaticMesh with FbxFactory (0 0 D:\Theo droulez ressources\WindLaneMeshV2.FBX)
[2020.06.04-12.01.54:223][940]LogFbx: Loading FBX Scene from D:\Theo droulez ressources\WindLaneMeshV2.FBX
[2020.06.04-12.01.54:230][940]LogFbx: FBX Scene Loaded Succesfully
[2020.06.04-12.02.00:299][940]LogSlate: Window 'FBX Import Options' being destroyed
[2020.06.04-12.02.00:385][940]LogFbx: Display: Triangulating static mesh pCylinder2
[2020.06.04-12.02.00:392][940]LogStaticMesh: Building static mesh WindLaneMeshV2...
[2020.06.04-12.02.00:393][940]LogStaticMesh: Built static mesh [0.00s] /Game/_Osmose/BP_Class/Environment/Wind/WindLaneMeshV2.WindLaneMeshV2
[2020.06.04-12.02.00:405][940]FBXImport: Warning: No smoothing group information was found in this FBX scene.  Please make sure to enable the 'Export Smoothing Groups' option in the FBX Exporter plug-in before exporting the file.  Even for tools that don't support smoothing groups, the FBX Exporter will generate appropriate smoothing data at export-time so that correct vertex normals can be inferred while importing. 
[2020.06.04-12.02.05:003][222]LogSlate: Window 'Message Log' being destroyed
[2020.06.04-12.02.07:862][405]LogSavePackage: Moving 'D:/Theo droulez ressources/OsmoseYOLO/Saved/WindLaneMeshV2791768384A73C2AC3A698A80CB59D74C.tmp' to 'D:/Theo droulez ressources/OsmoseYOLO/Content/_Osmose/BP_Class/Environment/Wind/WindLaneMeshV2.uasset'
[2020.06.04-12.02.07:888][405]AssetCheck: New page: Asset Save: WindLaneMeshV2
[2020.06.04-12.02.07:888][405]LogContentValidation: Display: Validating StaticMesh /Game/_Osmose/BP_Class/Environment/Wind/WindLaneMeshV2.WindLaneMeshV2
[2020.06.04-12.02.10:640][625]LogRenderer: Reallocating scene render targets to support 1208x1020 Format 10 NumSamples 1 (Frame:1).
[2020.06.04-12.02.11:208][678]LogSlate: Took 0.000700 seconds to synchronously load lazily loaded font '../../../Engine/Content/Slate/Fonts/Roboto-Italic.ttf' (157K)
[2020.06.04-12.02.13:291][840]LogAssetEditorSubsystem: Opening Asset editor for Blueprint /Game/_Osmose/BP_Class/Environment/Wind/WindLaneAdvanced.WindLaneAdvanced
[2020.06.04-12.02.17:644][119]LogAssetEditorSubsystem: Opening Asset editor for Blueprint /Game/_Osmose/BP_Class/Environment/Wind/WindLanePart.WindLanePart
[2020.06.04-12.02.25:006][760]LogActorComponent: RegisterComponentWithWorld: (/Game/_Osmose/Maps/ThirdPersonExampleMap.ThirdPersonExampleMap:PersistentLevel.DESTROYED_WindLanePart_C_CHILDACTOR_29547.SplineMeshComponent0) Trying to register component with IsPendingKill() == true. Aborting.
[2020.06.04-12.02.25:006][760]LogActorComponent: RegisterComponentWithWorld: (/Game/_Osmose/Maps/ThirdPersonExampleMap.ThirdPersonExampleMap:PersistentLevel.DESTROYED_WindLanePart_C_CHILDACTOR_29546.SplineMeshComponent0) Trying to register component with IsPendingKill() == true. Aborting.
[2020.06.04-12.02.25:006][760]LogActorComponent: RegisterComponentWithWorld: (/Game/_Osmose/Maps/ThirdPersonExampleMap.ThirdPersonExampleMap:PersistentLevel.DESTROYED_WindLanePart_C_CHILDACTOR_29545.SplineMeshComponent0) Trying to register component with IsPendingKill() == true. Aborting.
[2020.06.04-12.02.25:006][760]LogActorComponent: RegisterComponentWithWorld: (/Game/_Osmose/Maps/ThirdPersonExampleMap.ThirdPersonExampleMap:PersistentLevel.DESTROYED_WindLanePart_C_CHILDACTOR_29544.SplineMeshComponent0) Trying to register component with IsPendingKill() == true. Aborting.
[2020.06.04-12.02.25:012][760]LogActorComponent: RegisterComponentWithWorld: (/Game/_Osmose/Maps/ThirdPersonExampleMap.ThirdPersonExampleMap:PersistentLevel.DESTROYED_WindLanePart_C_CHILDACTOR_29552.SplineMeshComponent0) Trying to register component with IsPendingKill() == true. Aborting.
[2020.06.04-12.02.25:016][760]LogActorComponent: RegisterComponentWithWorld: (/Game/_Osmose/Maps/ThirdPersonExampleMap.ThirdPersonExampleMap:PersistentLevel.DESTROYED_WindLanePart_C_CHILDACTOR_29554.SplineMeshComponent0) Trying to register component with IsPendingKill() == true. Aborting.
[2020.06.04-12.02.25:019][760]LogActorComponent: RegisterComponentWithWorld: (/Game/_Osmose/Maps/ThirdPersonExampleMap.ThirdPersonExampleMap:PersistentLevel.DESTROYED_WindLanePart_C_CHILDACTOR_29556.SplineMeshComponent0) Trying to register component with IsPendingKill() == true. Aborting.
[2020.06.04-12.02.25:022][760]LogActorComponent: RegisterComponentWithWorld: (/Game/_Osmose/Maps/ThirdPersonExampleMap.ThirdPersonExampleMap:PersistentLevel.DESTROYED_WindLanePart_C_CHILDACTOR_29558.SplineMeshComponent0) Trying to register component with IsPendingKill() == true. Aborting.
[2020.06.04-12.02.25:025][760]LogActorComponent: RegisterComponentWithWorld: (/Engine/Transient.World_0:PersistentLevel.DESTROYED_WindLanePart_C_CHILDACTOR_5.SplineMeshComponent0) Trying to register component with IsPendingKill() == true. Aborting.
[2020.06.04-12.02.25:028][760]LogActorComponent: RegisterComponentWithWorld: (/Engine/Transient.World_2:PersistentLevel.DESTROYED_WindLanePart_C_CHILDACTOR_3.SplineMeshComponent0) Trying to register component with IsPendingKill() == true. Aborting.
[2020.06.04-12.02.25:038][760]LogActorComponent: RegisterComponentWithWorld: (/Game/_Osmose/Maps/ThirdPersonExampleMap.ThirdPersonExampleMap:PersistentLevel.DESTROYED_WindLanePart_C_CHILDACTOR_29563.SplineMeshComponent0) Trying to register component with IsPendingKill() == true. Aborting.
[2020.06.04-12.02.25:038][760]LogActorComponent: RegisterComponentWithWorld: (/Game/_Osmose/Maps/ThirdPersonExampleMap.ThirdPersonExampleMap:PersistentLevel.DESTROYED_WindLanePart_C_CHILDACTOR_29562.SplineMeshComponent0) Trying to register component with IsPendingKill() == true. Aborting.
[2020.06.04-12.02.25:038][760]LogActorComponent: RegisterComponentWithWorld: (/Game/_Osmose/Maps/ThirdPersonExampleMap.ThirdPersonExampleMap:PersistentLevel.DESTROYED_WindLanePart_C_CHILDACTOR_29561.SplineMeshComponent0) Trying to register component with IsPendingKill() == true. Aborting.
[2020.06.04-12.02.25:038][760]LogActorComponent: RegisterComponentWithWorld: (/Game/_Osmose/Maps/ThirdPersonExampleMap.ThirdPersonExampleMap:PersistentLevel.DESTROYED_WindLanePart_C_CHILDACTOR_29560.SplineMeshComponent0) Trying to register component with IsPendingKill() == true. Aborting.
[2020.06.04-12.02.25:044][760]LogActorComponent: RegisterComponentWithWorld: (/Game/_Osmose/Maps/ThirdPersonExampleMap.ThirdPersonExampleMap:PersistentLevel.DESTROYED_WindLanePart_C_CHILDACTOR_29568.SplineMeshComponent0) Trying to register component with IsPendingKill() == true. Aborting.
[2020.06.04-12.02.25:048][760]LogActorComponent: RegisterComponentWithWorld: (/Game/_Osmose/Maps/ThirdPersonExampleMap.ThirdPersonExampleMap:PersistentLevel.DESTROYED_WindLanePart_C_CHILDACTOR_29570.SplineMeshComponent0) Trying to register component with IsPendingKill() == true. Aborting.
[2020.06.04-12.02.25:051][760]LogActorComponent: RegisterComponentWithWorld: (/Game/_Osmose/Maps/ThirdPersonExampleMap.ThirdPersonExampleMap:PersistentLevel.DESTROYED_WindLanePart_C_CHILDACTOR_29572.SplineMeshComponent0) Trying to register component with IsPendingKill() == true. Aborting.
[2020.06.04-12.02.25:054][760]LogActorComponent: RegisterComponentWithWorld: (/Game/_Osmose/Maps/ThirdPersonExampleMap.ThirdPersonExampleMap:PersistentLevel.DESTROYED_WindLanePart_C_CHILDACTOR_29574.SplineMeshComponent0) Trying to register component with IsPendingKill() == true. Aborting.
[2020.06.04-12.02.25:057][760]LogActorComponent: RegisterComponentWithWorld: (/Engine/Transient.World_0:PersistentLevel.DESTROYED_WindLanePart_C_CHILDACTOR_7.SplineMeshComponent0) Trying to register component with IsPendingKill() == true. Aborting.
[2020.06.04-12.02.25:060][760]LogActorComponent: RegisterComponentWithWorld: (/Engine/Transient.World_2:PersistentLevel.DESTROYED_WindLanePart_C_CHILDACTOR_5.SplineMeshComponent0) Trying to register component with IsPendingKill() == true. Aborting.
[2020.06.04-12.02.26:362][855]Cmd: OBJ SAVEPACKAGE PACKAGE="/Game/_Osmose/BP_Class/Environment/Wind/WindLanePart" FILE="D:/Theo droulez ressources/OsmoseYOLO/Content/_Osmose/BP_Class/Environment/Wind/WindLanePart.uasset" SILENT=true
[2020.06.04-12.02.26:647][855]LogSavePackage: Moving 'D:/Theo droulez ressources/OsmoseYOLO/Saved/WindLanePart783DDFBD4C41DBF617BD2FB67F759405.tmp' to 'D:/Theo droulez ressources/OsmoseYOLO/Content/_Osmose/BP_Class/Environment/Wind/WindLanePart.uasset'
[2020.06.04-12.02.26:670][855]AssetCheck: New page: Asset Save: WindLanePart
[2020.06.04-12.02.26:670][855]LogContentValidation: Display: Validating Blueprint /Game/_Osmose/BP_Class/Environment/Wind/WindLanePart.WindLanePart
[2020.06.04-12.02.27:570][961]BlueprintLog: New page: Compile WindLanePart
[2020.06.04-12.02.28:185][961]LogUObjectHash: Compacting FUObjectHashTables data took   9.24ms
[2020.06.04-12.02.28:201][961]LogActorComponent: RegisterComponentWithWorld: (/Game/_Osmose/Maps/ThirdPersonExampleMap.ThirdPersonExampleMap:PersistentLevel.DESTROYED_WindLanePart_C_CHILDACTOR_29579.SplineMeshComponent0) Trying to register component with IsPendingKill() == true. Aborting.
[2020.06.04-12.02.28:202][961]LogActorComponent: RegisterComponentWithWorld: (/Game/_Osmose/Maps/ThirdPersonExampleMap.ThirdPersonExampleMap:PersistentLevel.DESTROYED_WindLanePart_C_CHILDACTOR_29578.SplineMeshComponent0) Trying to register component with IsPendingKill() == true. Aborting.
[2020.06.04-12.02.28:202][961]LogActorComponent: RegisterComponentWithWorld: (/Game/_Osmose/Maps/ThirdPersonExampleMap.ThirdPersonExampleMap:PersistentLevel.DESTROYED_WindLanePart_C_CHILDACTOR_29577.SplineMeshComponent0) Trying to register component with IsPendingKill() == true. Aborting.
[2020.06.04-12.02.28:202][961]LogActorComponent: RegisterComponentWithWorld: (/Game/_Osmose/Maps/ThirdPersonExampleMap.ThirdPersonExampleMap:PersistentLevel.DESTROYED_WindLanePart_C_CHILDACTOR_29576.SplineMeshComponent0) Trying to register component with IsPendingKill() == true. Aborting.
[2020.06.04-12.02.28:205][961]LogActorComponent: RegisterComponentWithWorld: (/Game/_Osmose/Maps/ThirdPersonExampleMap.ThirdPersonExampleMap:PersistentLevel.DESTROYED_WindLanePart_C_CHILDACTOR_29584.SplineMeshComponent0) Trying to register component with IsPendingKill() == true. Aborting.
[2020.06.04-12.02.28:209][961]LogActorComponent: RegisterComponentWithWorld: (/Game/_Osmose/Maps/ThirdPersonExampleMap.ThirdPersonExampleMap:PersistentLevel.DESTROYED_WindLanePart_C_CHILDACTOR_29586.SplineMeshComponent0) Trying to register component with IsPendingKill() == true. Aborting.
[2020.06.04-12.02.28:214][961]LogActorComponent: RegisterComponentWithWorld: (/Game/_Osmose/Maps/ThirdPersonExampleMap.ThirdPersonExampleMap:PersistentLevel.DESTROYED_WindLanePart_C_CHILDACTOR_29588.SplineMeshComponent0) Trying to register component with IsPendingKill() == true. Aborting.
[2020.06.04-12.02.28:218][961]LogActorComponent: RegisterComponentWithWorld: (/Game/_Osmose/Maps/ThirdPersonExampleMap.ThirdPersonExampleMap:PersistentLevel.DESTROYED_WindLanePart_C_CHILDACTOR_29590.SplineMeshComponent0) Trying to register component with IsPendingKill() == true. Aborting.
[2020.06.04-12.02.28:221][961]LogActorComponent: RegisterComponentWithWorld: (/Engine/Transient.World_0:PersistentLevel.DESTROYED_WindLanePart_C_CHILDACTOR_9.SplineMeshComponent0) Trying to register component with IsPendingKill() == true. Aborting.
[2020.06.04-12.02.28:224][961]LogActorComponent: RegisterComponentWithWorld: (/Engine/Transient.World_2:PersistentLevel.DESTROYED_WindLanePart_C_CHILDACTOR_7.SplineMeshComponent0) Trying to register component with IsPendingKill() == true. Aborting.
[2020.06.04-12.02.28:235][961]LogActorComponent: RegisterComponentWithWorld: (/Game/_Osmose/Maps/ThirdPersonExampleMap.ThirdPersonExampleMap:PersistentLevel.DESTROYED_WindLanePart_C_CHILDACTOR_29595.SplineMeshComponent0) Trying to register component with IsPendingKill() == true. Aborting.
[2020.06.04-12.02.28:235][961]LogActorComponent: RegisterComponentWithWorld: (/Game/_Osmose/Maps/ThirdPersonExampleMap.ThirdPersonExampleMap:PersistentLevel.DESTROYED_WindLanePart_C_CHILDACTOR_29594.SplineMeshComponent0) Trying to register component with IsPendingKill() == true. Aborting.
[2020.06.04-12.02.28:235][961]LogActorComponent: RegisterComponentWithWorld: (/Game/_Osmose/Maps/ThirdPersonExampleMap.ThirdPersonExampleMap:PersistentLevel.DESTROYED_WindLanePart_C_CHILDACTOR_29593.SplineMeshComponent0) Trying to register component with IsPendingKill() == true. Aborting.
[2020.06.04-12.02.28:235][961]LogActorComponent: RegisterComponentWithWorld: (/Game/_Osmose/Maps/ThirdPersonExampleMap.ThirdPersonExampleMap:PersistentLevel.DESTROYED_WindLanePart_C_CHILDACTOR_29592.SplineMeshComponent0) Trying to register component with IsPendingKill() == true. Aborting.
[2020.06.04-12.02.28:238][961]LogActorComponent: RegisterComponentWithWorld: (/Game/_Osmose/Maps/ThirdPersonExampleMap.ThirdPersonExampleMap:PersistentLevel.DESTROYED_WindLanePart_C_CHILDACTOR_29600.SplineMeshComponent0) Trying to register component with IsPendingKill() == true. Aborting.
[2020.06.04-12.02.28:241][961]LogActorComponent: RegisterComponentWithWorld: (/Game/_Osmose/Maps/ThirdPersonExampleMap.ThirdPersonExampleMap:PersistentLevel.DESTROYED_WindLanePart_C_CHILDACTOR_29602.SplineMeshComponent0) Trying to register component with IsPendingKill() == true. Aborting.
[2020.06.04-12.02.28:244][961]LogActorComponent: RegisterComponentWithWorld: (/Game/_Osmose/Maps/ThirdPersonExampleMap.ThirdPersonExampleMap:PersistentLevel.DESTROYED_WindLanePart_C_CHILDACTOR_29604.SplineMeshComponent0) Trying to register component with IsPendingKill() == true. Aborting.
[2020.06.04-12.02.28:250][961]LogActorComponent: RegisterComponentWithWorld: (/Game/_Osmose/Maps/ThirdPersonExampleMap.ThirdPersonExampleMap:PersistentLevel.DESTROYED_WindLanePart_C_CHILDACTOR_29606.SplineMeshComponent0) Trying to register component with IsPendingKill() == true. Aborting.
[2020.06.04-12.02.28:253][961]LogActorComponent: RegisterComponentWithWorld: (/Engine/Transient.World_0:PersistentLevel.DESTROYED_WindLanePart_C_CHILDACTOR_11.SplineMeshComponent0) Trying to register component with IsPendingKill() == true. Aborting.
[2020.06.04-12.02.28:256][961]LogActorComponent: RegisterComponentWithWorld: (/Engine/Transient.World_2:PersistentLevel.DESTROYED_WindLanePart_C_CHILDACTOR_9.SplineMeshComponent0) Trying to register component with IsPendingKill() == true. Aborting.
[2020.06.04-12.02.31:668][314]BlueprintLog: New page: Compile WindLaneAdvanced
[2020.06.04-12.02.32:223][314]LogUObjectHash: Compacting FUObjectHashTables data took   7.38ms
[2020.06.04-12.02.33:237][373]LogSavePackage: Moving 'D:/Theo droulez ressources/OsmoseYOLO/Saved/WindLaneAdvanced9BDDBAF34B9F4C67025448981CD46C1F.tmp' to 'D:/Theo droulez ressources/OsmoseYOLO/Content/_Osmose/BP_Class/Environment/Wind/WindLaneAdvanced.uasset'
[2020.06.04-12.02.33:257][373]AssetCheck: New page: Asset Save: WindLaneAdvanced
[2020.06.04-12.02.33:258][373]LogContentValidation: Display: Validating Blueprint /Game/_Osmose/BP_Class/Environment/Wind/WindLaneAdvanced.WindLaneAdvanced
[2020.06.04-12.02.35:086][562]BlueprintLog: New page: Compile WindLaneBasic
[2020.06.04-12.02.35:596][562]LogUObjectHash: Compacting FUObjectHashTables data took   6.68ms
[2020.06.04-12.02.36:093][600]Cmd: OBJ SAVEPACKAGE PACKAGE="/Game/_Osmose/BP_Class/Environment/Wind/WindLaneBasic" FILE="D:/Theo droulez ressources/OsmoseYOLO/Content/_Osmose/BP_Class/Environment/Wind/WindLaneBasic.uasset" SILENT=true
[2020.06.04-12.02.36:131][600]LogSavePackage: Moving 'D:/Theo droulez ressources/OsmoseYOLO/Saved/WindLaneBasic34B2082E40D2E3C71639448B0A4C85D4.tmp' to 'D:/Theo droulez ressources/OsmoseYOLO/Content/_Osmose/BP_Class/Environment/Wind/WindLaneBasic.uasset'
[2020.06.04-12.02.36:150][600]AssetCheck: New page: Asset Save: WindLaneBasic
[2020.06.04-12.02.36:150][600]LogContentValidation: Display: Validating Blueprint /Game/_Osmose/BP_Class/Environment/Wind/WindLaneBasic.WindLaneBasic
[2020.06.04-12.02.45:783][537]LogAssetEditorSubsystem: Opening Asset editor for Material /Game/_Osmose/VFX/SH/M_FX_FresnelWindLane.M_FX_FresnelWindLane
[2020.06.04-12.02.45:789][537]LogMaterial: Display: Missing cached shader map for material M_FX_FresnelWindLane, compiling. 
[2020.06.04-12.02.46:164][537]LogMaterial: Display: Missing cached shader map for material M_FX_FresnelWindLane, compiling. 
[2020.06.04-12.02.46:180][537]LogMaterial: Display: Missing cached shader map for material M_FX_FresnelWindLane, compiling. 
[2020.06.04-12.02.46:204][537]LogShaderCompilers: Display: Worker (1/61): shaders left to compile 8
[2020.06.04-12.02.46:204][537]LogShaderCompilers: Display: Worker (2/61): shaders left to compile 7
[2020.06.04-12.02.46:204][537]LogShaderCompilers: Display: Worker (3/61): shaders left to compile 6
[2020.06.04-12.02.46:204][537]LogShaderCompilers: Display: Worker (4/61): shaders left to compile 5
[2020.06.04-12.02.46:204][537]LogShaderCompilers: Display: Worker (5/61): shaders left to compile 4
[2020.06.04-12.02.46:204][537]LogShaderCompilers: Display: Worker (6/61): shaders left to compile 3
[2020.06.04-12.02.46:205][537]LogShaderCompilers: Display: Worker (7/61): shaders left to compile 2
[2020.06.04-12.02.46:205][537]LogShaderCompilers: Display: Worker (8/61): shaders left to compile 1
[2020.06.04-12.02.46:205][537]LogMaterial: Display: Missing cached shader map for material FMatExpressionPreview MaterialExpressionVectorParameter_0, compiling. 
[2020.06.04-12.02.46:326][537]LogShaderCompilers: Display: Worker (9/61): shaders left to compile 4
[2020.06.04-12.02.46:326][537]LogShaderCompilers: Display: Worker (10/61): shaders left to compile 3
[2020.06.04-12.02.46:326][537]LogShaderCompilers: Display: Worker (11/61): shaders left to compile 2
[2020.06.04-12.02.46:326][537]LogShaderCompilers: Display: Worker (12/61): shaders left to compile 1
[2020.06.04-12.02.47:173][590]MaterialEditorStats: Base pass shader without light map: 76 instructions
[2020.06.04-12.02.47:174][590]MaterialEditorStats: Base pass vertex shader: 165 instructions
[2020.06.04-12.02.47:174][590]MaterialEditorStats: Texture samplers: 4/16
[2020.06.04-12.02.48:949][744]LogMaterial: Display: Missing cached shader map for material M_FX_FresnelWindLane, compiling. 
[2020.06.04-12.02.48:965][744]LogShaderCompilers: Display: Worker (1/61): shaders left to compile 12
[2020.06.04-12.02.48:965][744]LogShaderCompilers: Display: Worker (2/61): shaders left to compile 11
[2020.06.04-12.02.48:965][744]LogShaderCompilers: Display: Worker (3/61): shaders left to compile 10
[2020.06.04-12.02.48:966][744]LogShaderCompilers: Display: Worker (4/61): shaders left to compile 9
[2020.06.04-12.02.48:966][744]LogShaderCompilers: Display: Worker (5/61): shaders left to compile 8
[2020.06.04-12.02.48:966][744]LogShaderCompilers: Display: Worker (6/61): shaders left to compile 7
[2020.06.04-12.02.48:966][744]LogShaderCompilers: Display: Worker (7/61): shaders left to compile 6
[2020.06.04-12.02.48:966][744]LogShaderCompilers: Display: Worker (8/61): shaders left to compile 5
[2020.06.04-12.02.48:966][744]LogShaderCompilers: Display: Worker (9/61): shaders left to compile 4
[2020.06.04-12.02.48:966][744]LogShaderCompilers: Display: Worker (10/61): shaders left to compile 3
[2020.06.04-12.02.48:966][744]LogShaderCompilers: Display: Worker (11/61): shaders left to compile 2
[2020.06.04-12.02.48:966][744]LogShaderCompilers: Display: Worker (12/61): shaders left to compile 1
[2020.06.04-12.02.48:972][744]LogMaterial: Display: Missing cached shader map for material M_FX_FresnelWindLane, compiling. 
[2020.06.04-12.02.48:988][744]LogMaterial: Display: Missing cached shader map for material M_FX_FresnelWindLane, compiling. 
[2020.06.04-12.02.49:054][747]LogShaderCompilers: Display: Worker (13/61): shaders left to compile 12
[2020.06.04-12.02.49:054][747]LogShaderCompilers: Display: Worker (14/61): shaders left to compile 11
[2020.06.04-12.02.49:054][747]LogShaderCompilers: Display: Worker (15/61): shaders left to compile 10
[2020.06.04-12.02.49:054][747]LogShaderCompilers: Display: Worker (16/61): shaders left to compile 9
[2020.06.04-12.02.49:054][747]LogShaderCompilers: Display: Worker (17/61): shaders left to compile 8
[2020.06.04-12.02.49:054][747]LogShaderCompilers: Display: Worker (18/61): shaders left to compile 7
[2020.06.04-12.02.49:054][747]LogShaderCompilers: Display: Worker (19/61): shaders left to compile 6
[2020.06.04-12.02.49:054][747]LogShaderCompilers: Display: Worker (20/61): shaders left to compile 5
[2020.06.04-12.02.49:054][747]LogShaderCompilers: Display: Worker (21/61): shaders left to compile 4
[2020.06.04-12.02.49:054][747]LogShaderCompilers: Display: Worker (22/61): shaders left to compile 3
[2020.06.04-12.02.49:054][747]LogShaderCompilers: Display: Worker (23/61): shaders left to compile 2
[2020.06.04-12.02.49:054][747]LogShaderCompilers: Display: Worker (24/61): shaders left to compile 1
[2020.06.04-12.02.50:108][816]LogMaterialEditor: Saving and Compiling material M_FX_FresnelWindLane
[2020.06.04-12.02.50:787][816]LogMaterial: Display: Missing cached shader map for material M_FX_FresnelWindLane, compiling. 
[2020.06.04-12.02.50:834][816]LogShaderCompilers: Display: Worker (1/61): shaders left to compile 12
[2020.06.04-12.02.50:834][816]LogShaderCompilers: Display: Worker (2/61): shaders left to compile 11
[2020.06.04-12.02.50:834][816]LogShaderCompilers: Display: Worker (3/61): shaders left to compile 10
[2020.06.04-12.02.50:834][816]LogShaderCompilers: Display: Worker (4/61): shaders left to compile 9
[2020.06.04-12.02.50:834][816]LogShaderCompilers: Display: Worker (5/61): shaders left to compile 8
[2020.06.04-12.02.50:834][816]LogShaderCompilers: Display: Worker (6/61): shaders left to compile 7
[2020.06.04-12.02.50:834][816]LogShaderCompilers: Display: Worker (7/61): shaders left to compile 6
[2020.06.04-12.02.50:834][816]LogShaderCompilers: Display: Worker (8/61): shaders left to compile 5
[2020.06.04-12.02.50:834][816]LogShaderCompilers: Display: Worker (9/61): shaders left to compile 4
[2020.06.04-12.02.50:834][816]LogShaderCompilers: Display: Worker (10/61): shaders left to compile 3
[2020.06.04-12.02.50:834][816]LogShaderCompilers: Display: Worker (11/61): shaders left to compile 2
[2020.06.04-12.02.50:834][816]LogShaderCompilers: Display: Worker (12/61): shaders left to compile 1
[2020.06.04-12.02.50:853][816]LogMaterial: Display: Missing cached shader map for material M_FX_FresnelWindLane, compiling. 
[2020.06.04-12.02.50:948][816]LogShaderCompilers: Display: Worker (13/61): shaders left to compile 22
[2020.06.04-12.02.50:948][816]LogShaderCompilers: Display: Worker (14/61): shaders left to compile 21
[2020.06.04-12.02.50:948][816]LogShaderCompilers: Display: Worker (15/61): shaders left to compile 20
[2020.06.04-12.02.50:948][816]LogShaderCompilers: Display: Worker (16/61): shaders left to compile 19
[2020.06.04-12.02.50:948][816]LogShaderCompilers: Display: Worker (17/61): shaders left to compile 18
[2020.06.04-12.02.50:948][816]LogShaderCompilers: Display: Worker (18/61): shaders left to compile 17
[2020.06.04-12.02.50:948][816]LogShaderCompilers: Display: Worker (19/61): shaders left to compile 16
[2020.06.04-12.02.50:948][816]LogShaderCompilers: Display: Worker (20/61): shaders left to compile 15
[2020.06.04-12.02.50:948][816]LogShaderCompilers: Display: Worker (21/61): shaders left to compile 14
[2020.06.04-12.02.50:948][816]LogShaderCompilers: Display: Worker (22/61): shaders left to compile 13
[2020.06.04-12.02.50:948][816]LogShaderCompilers: Display: Worker (23/61): shaders left to compile 12
[2020.06.04-12.02.50:948][816]LogShaderCompilers: Display: Worker (24/61): shaders left to compile 11
[2020.06.04-12.02.50:948][816]LogShaderCompilers: Display: Worker (25/61): shaders left to compile 10
[2020.06.04-12.02.50:948][816]LogShaderCompilers: Display: Worker (26/61): shaders left to compile 9
[2020.06.04-12.02.50:948][816]LogShaderCompilers: Display: Worker (27/61): shaders left to compile 8
[2020.06.04-12.02.50:948][816]LogShaderCompilers: Display: Worker (28/61): shaders left to compile 7
[2020.06.04-12.02.50:948][816]LogShaderCompilers: Display: Worker (29/61): shaders left to compile 6
[2020.06.04-12.02.50:948][816]LogShaderCompilers: Display: Worker (30/61): shaders left to compile 5
[2020.06.04-12.02.50:948][816]LogShaderCompilers: Display: Worker (31/61): shaders left to compile 4
[2020.06.04-12.02.50:948][816]LogShaderCompilers: Display: Worker (32/61): shaders left to compile 3
[2020.06.04-12.02.50:948][816]LogShaderCompilers: Display: Worker (33/61): shaders left to compile 2
[2020.06.04-12.02.50:948][816]LogShaderCompilers: Display: Worker (34/61): shaders left to compile 1
[2020.06.04-12.02.50:948][816]LogUObjectHash: Compacting FUObjectHashTables data took   7.12ms
[2020.06.04-12.02.50:970][816]LogMaterial: Display: Missing cached shader map for material DebugViewMode MaterialTexCoordScale, compiling. 
[2020.06.04-12.02.52:153][816]LogShaderCompilers: Display: Worker (35/61): shaders left to compile 2
[2020.06.04-12.02.52:153][816]LogShaderCompilers: Display: Worker (36/61): shaders left to compile 1
[2020.06.04-12.02.52:160][816]TextureStreamingBuild: Display: Compiling optional shaders took 1.205 seconds.
[2020.06.04-12.02.52:224][816]LogUObjectHash: Compacting FUObjectHashTables data took   1.69ms
[2020.06.04-12.02.52:412][816]Cmd: OBJ SAVEPACKAGE PACKAGE="/Game/_Osmose/VFX/SH/M_FX_FresnelWindLane" FILE="D:/Theo droulez ressources/OsmoseYOLO/Content/_Osmose/VFX/SH/M_FX_FresnelWindLane.uasset" SILENT=true
[2020.06.04-12.02.52:429][816]LogSavePackage: Moving 'D:/Theo droulez ressources/OsmoseYOLO/Saved/M_FX_FresnelWindLaneFEFB0114400A72B8ED40DDAFC80E5D37.tmp' to 'D:/Theo droulez ressources/OsmoseYOLO/Content/_Osmose/VFX/SH/M_FX_FresnelWindLane.uasset'
[2020.06.04-12.02.52:455][816]AssetCheck: New page: Asset Save: M_FX_FresnelWindLane
[2020.06.04-12.02.52:455][816]LogContentValidation: Display: Validating Material /Game/_Osmose/VFX/SH/M_FX_FresnelWindLane.M_FX_FresnelWindLane
[2020.06.04-12.02.52:460][816]MaterialEditorStats: Base pass shader without light map: 82 instructions
[2020.06.04-12.02.52:460][816]MaterialEditorStats: Base pass vertex shader: 165 instructions
[2020.06.04-12.02.52:460][816]MaterialEditorStats: Texture samplers: 4/16
